2025-03-16 15:20:08.526 [info] Reading sessions from keychain...
2025-03-16 15:20:08.526 [info] Getting sessions for all scopes...
2025-03-16 15:20:08.526 [info] Getting sessions for all scopes...
2025-03-16 15:20:08.526 [info] Getting sessions for read:user,repo,user:email,workflow...
2025-03-16 15:20:08.539 [info] Got stored sessions!
2025-03-16 15:20:08.539 [info] Got 1 verified sessions.
2025-03-16 15:20:08.539 [info] Got 1 sessions for ...
2025-03-16 15:20:08.539 [info] Got 1 sessions for ...
2025-03-16 15:20:08.539 [info] Got 1 sessions for read:user,repo,user:email,workflow...
2025-03-16 15:20:09.007 [info] Getting sessions for read:user,repo,user:email,workflow...
2025-03-16 15:20:09.007 [info] Got 1 sessions for read:user,repo,user:email,workflow...
2025-03-16 15:20:14.177 [info] Getting sessions for read:user,repo,user:email,workflow...
2025-03-16 15:20:14.177 [info] Got 1 sessions for read:user,repo,user:email,workflow...
2025-03-16 15:20:14.385 [info] Getting sessions for read:user,repo,user:email,workflow...
2025-03-16 15:20:14.385 [info] Got 1 sessions for read:user,repo,user:email,workflow...
2025-03-16 15:47:52.004 [info] Getting sessions for read:user,repo,user:email,workflow...
2025-03-16 15:47:52.004 [info] Got 1 sessions for read:user,repo,user:email,workflow...
2025-03-16 16:13:21.052 [info] Getting sessions for read:user,repo,user:email,workflow...
2025-03-16 16:13:21.052 [info] Got 1 sessions for read:user,repo,user:email,workflow...
2025-03-16 16:13:33.928 [info] Getting sessions for read:user,repo,user:email,workflow...
2025-03-16 16:13:33.928 [info] Got 1 sessions for read:user,repo,user:email,workflow...
2025-03-16 16:26:08.102 [info] Getting sessions for read:user,repo,user:email,workflow...
2025-03-16 16:26:08.102 [info] Got 1 sessions for read:user,repo,user:email,workflow...
2025-03-16 18:49:24.001 [info] Getting sessions for read:user,repo,user:email,workflow...
2025-03-16 18:49:24.001 [info] Got 1 sessions for read:user,repo,user:email,workflow...
2025-03-17 13:25:33.796 [info] Reading sessions from keychain...
2025-03-17 13:25:33.796 [info] Getting sessions for all scopes...
2025-03-17 13:25:33.796 [info] Getting sessions for all scopes...
2025-03-17 13:25:33.796 [info] Got stored sessions!
2025-03-17 13:25:33.796 [info] Got 1 verified sessions.
2025-03-17 13:25:33.796 [info] Got 1 sessions for ...
2025-03-17 13:25:33.796 [info] Got 1 sessions for ...
2025-03-17 13:25:34.604 [info] Getting sessions for read:user,repo,user:email,workflow...
2025-03-17 13:25:34.604 [info] Got 1 sessions for read:user,repo,user:email,workflow...
