2025-03-02 20:22:57.951 [info] [main] Log level: Info
2025-03-02 20:22:57.951 [info] [main] Validating found git in: "git"
2025-03-02 20:22:57.951 [info] [main] Using git "2.48.1" from "git"
2025-03-02 20:22:57.951 [info] [Model][doInitialScan] Initial repository scan started
2025-03-02 20:22:57.951 [info] > git rev-parse --show-toplevel [6ms]
2025-03-02 20:22:57.951 [info] fatal: not a git repository (or any parent up to mount point /)
Stopping at filesystem boundary (GIT_DISCOVERY_ACROSS_FILESYSTEM not set).
2025-03-02 20:22:57.951 [info] > git rev-parse --show-toplevel [3ms]
2025-03-02 20:22:57.951 [info] fatal: not a git repository (or any parent up to mount point /)
Stopping at filesystem boundary (GIT_DISCOVERY_ACROSS_FILESYSTEM not set).
2025-03-02 20:22:57.951 [info] > git rev-parse --show-toplevel [86ms]
2025-03-02 20:22:57.951 [info] fatal: not a git repository (or any parent up to mount point /)
Stopping at filesystem boundary (GIT_DISCOVERY_ACROSS_FILESYSTEM not set).
2025-03-02 20:22:57.951 [info] [Model][doInitialScan] Initial repository scan completed - repositories (0), closed repositories (0), parent repositories (0), unsafe repositories (0)
2025-03-02 20:22:57.962 [info] > git rev-parse --show-toplevel [3ms]
2025-03-02 20:22:57.962 [info] fatal: not a git repository (or any parent up to mount point /)
Stopping at filesystem boundary (GIT_DISCOVERY_ACROSS_FILESYSTEM not set).
2025-03-02 20:22:59.283 [info] > git rev-parse --show-toplevel [2ms]
2025-03-02 20:22:59.283 [info] fatal: not a git repository (or any parent up to mount point /)
Stopping at filesystem boundary (GIT_DISCOVERY_ACROSS_FILESYSTEM not set).
2025-03-02 20:24:07.525 [info] > git rev-parse --show-toplevel [4ms]
2025-03-02 20:24:07.525 [info] fatal: not a git repository (or any parent up to mount point /)
Stopping at filesystem boundary (GIT_DISCOVERY_ACROSS_FILESYSTEM not set).
2025-03-02 21:34:29.279 [info] > git rev-parse --show-toplevel [5ms]
2025-03-02 21:34:29.279 [info] fatal: not a git repository (or any parent up to mount point /)
Stopping at filesystem boundary (GIT_DISCOVERY_ACROSS_FILESYSTEM not set).
2025-03-02 21:34:31.301 [info] > git rev-parse --show-toplevel [4ms]
2025-03-02 21:34:31.301 [info] fatal: not a git repository (or any parent up to mount point /)
Stopping at filesystem boundary (GIT_DISCOVERY_ACROSS_FILESYSTEM not set).
2025-03-02 21:34:32.319 [info] > git rev-parse --show-toplevel [3ms]
2025-03-02 21:34:32.319 [info] fatal: not a git repository (or any parent up to mount point /)
Stopping at filesystem boundary (GIT_DISCOVERY_ACROSS_FILESYSTEM not set).
2025-03-02 21:34:33.159 [info] > git rev-parse --show-toplevel [2ms]
2025-03-02 21:34:33.159 [info] fatal: not a git repository (or any parent up to mount point /)
Stopping at filesystem boundary (GIT_DISCOVERY_ACROSS_FILESYSTEM not set).
2025-03-02 21:34:34.036 [info] > git rev-parse --show-toplevel [3ms]
2025-03-02 21:34:34.036 [info] fatal: not a git repository (or any parent up to mount point /)
Stopping at filesystem boundary (GIT_DISCOVERY_ACROSS_FILESYSTEM not set).
2025-03-02 21:34:35.040 [info] > git rev-parse --show-toplevel [3ms]
2025-03-02 21:34:35.040 [info] fatal: not a git repository (or any parent up to mount point /)
Stopping at filesystem boundary (GIT_DISCOVERY_ACROSS_FILESYSTEM not set).
2025-03-03 10:46:23.405 [info] > git rev-parse --show-toplevel [7ms]
2025-03-03 10:46:23.406 [info] fatal: not a git repository (or any parent up to mount point /)
Stopping at filesystem boundary (GIT_DISCOVERY_ACROSS_FILESYSTEM not set).
2025-03-03 10:46:48.014 [info] > git rev-parse --show-toplevel [5ms]
2025-03-03 10:46:48.014 [info] fatal: not a git repository (or any parent up to mount point /)
Stopping at filesystem boundary (GIT_DISCOVERY_ACROSS_FILESYSTEM not set).
2025-03-03 10:47:10.075 [info] > git rev-parse --show-toplevel [5ms]
2025-03-03 10:47:10.075 [info] fatal: not a git repository (or any parent up to mount point /)
Stopping at filesystem boundary (GIT_DISCOVERY_ACROSS_FILESYSTEM not set).
2025-03-03 10:48:42.176 [info] > git rev-parse --show-toplevel [4ms]
2025-03-03 10:48:42.176 [info] fatal: not a git repository (or any parent up to mount point /)
Stopping at filesystem boundary (GIT_DISCOVERY_ACROSS_FILESYSTEM not set).
2025-03-03 10:49:42.547 [info] > git rev-parse --show-toplevel [3ms]
2025-03-03 10:49:42.547 [info] fatal: not a git repository (or any parent up to mount point /)
Stopping at filesystem boundary (GIT_DISCOVERY_ACROSS_FILESYSTEM not set).
2025-03-03 10:49:53.676 [info] > git rev-parse --show-toplevel [3ms]
2025-03-03 10:49:53.676 [info] fatal: not a git repository (or any parent up to mount point /)
Stopping at filesystem boundary (GIT_DISCOVERY_ACROSS_FILESYSTEM not set).
2025-03-03 10:50:00.985 [info] > git rev-parse --show-toplevel [5ms]
2025-03-03 10:50:00.985 [info] fatal: not a git repository (or any parent up to mount point /)
Stopping at filesystem boundary (GIT_DISCOVERY_ACROSS_FILESYSTEM not set).
2025-03-03 10:50:04.507 [info] > git rev-parse --show-toplevel [4ms]
2025-03-03 10:50:04.507 [info] fatal: not a git repository (or any parent up to mount point /)
Stopping at filesystem boundary (GIT_DISCOVERY_ACROSS_FILESYSTEM not set).
2025-03-03 10:50:50.958 [info] > git rev-parse --show-toplevel [4ms]
2025-03-03 10:50:50.958 [info] fatal: not a git repository (or any parent up to mount point /)
Stopping at filesystem boundary (GIT_DISCOVERY_ACROSS_FILESYSTEM not set).
2025-03-03 10:51:04.053 [info] > git rev-parse --show-toplevel [5ms]
2025-03-03 10:51:04.053 [info] fatal: not a git repository (or any parent up to mount point /)
Stopping at filesystem boundary (GIT_DISCOVERY_ACROSS_FILESYSTEM not set).
2025-03-03 10:51:11.425 [info] > git rev-parse --show-toplevel [4ms]
2025-03-03 10:51:11.425 [info] fatal: not a git repository (or any parent up to mount point /)
Stopping at filesystem boundary (GIT_DISCOVERY_ACROSS_FILESYSTEM not set).
2025-03-03 10:51:37.162 [info] > git rev-parse --show-toplevel [5ms]
2025-03-03 10:51:37.162 [info] fatal: not a git repository (or any parent up to mount point /)
Stopping at filesystem boundary (GIT_DISCOVERY_ACROSS_FILESYSTEM not set).
2025-03-03 10:51:47.195 [info] > git rev-parse --show-toplevel [5ms]
2025-03-03 10:51:47.195 [info] fatal: not a git repository (or any parent up to mount point /)
Stopping at filesystem boundary (GIT_DISCOVERY_ACROSS_FILESYSTEM not set).
2025-03-03 10:51:49.521 [info] > git rev-parse --show-toplevel [4ms]
2025-03-03 10:51:49.521 [info] fatal: not a git repository (or any parent up to mount point /)
Stopping at filesystem boundary (GIT_DISCOVERY_ACROSS_FILESYSTEM not set).
2025-03-03 10:54:33.446 [info] > git rev-parse --show-toplevel [4ms]
2025-03-03 10:54:33.447 [info] fatal: not a git repository (or any parent up to mount point /)
Stopping at filesystem boundary (GIT_DISCOVERY_ACROSS_FILESYSTEM not set).
2025-03-03 10:55:00.800 [info] > git rev-parse --show-toplevel [5ms]
2025-03-03 10:55:00.800 [info] fatal: not a git repository (or any parent up to mount point /)
Stopping at filesystem boundary (GIT_DISCOVERY_ACROSS_FILESYSTEM not set).
