2025-03-11 09:41:58.791 [warning] Via 'product.json#extensionEnabledApiProposals' extension 'ms-vscode.vscode-selfhost-test-provider' wants API proposal 'attributableCoverage' but that proposal DOES NOT EXIST. Likely, the proposal has been finalized (check 'vscode.d.ts') or was abandoned.
2025-03-11 09:41:58.791 [warning] Via 'product.json#extensionEnabledApiProposals' extension 'ms-python.python' wants API proposal 'contribIssueReporter' but that proposal DOES NOT EXIST. Likely, the proposal has been finalized (check 'vscode.d.ts') or was abandoned.
2025-03-11 09:41:58.792 [warning] Via 'product.json#extensionEnabledApiProposals' extension 'ms-python.debugpy' wants API proposal 'contribIssueReporter' but that proposal DOES NOT EXIST. Likely, the proposal has been finalized (check 'vscode.d.ts') or was abandoned.
2025-03-11 09:41:58.792 [warning] Via 'product.json#extensionEnabledApiProposals' extension 'redhat.java' wants API proposal 'documentPaste' but that proposal DOES NOT EXIST. Likely, the proposal has been finalized (check 'vscode.d.ts') or was abandoned.
2025-03-11 09:41:59.537 [info] Started local extension host with pid 586403.
2025-03-11 09:42:02.380 [info] [perf] Render performance baseline is 39ms
2025-03-11 09:42:12.008 [error] Error while getting the latest version for the extension redhat.java. Fetch timeout: 10000ms
2025-03-11 09:58:53.798 [info] Started local extension host with pid 599252.
2025-03-11 13:25:48.524 [error] An unknown error occurred. Please consult the log for more details.
2025-03-11 13:26:24.062 [error] An unknown error occurred. Please consult the log for more details.
2025-03-11 13:26:25.292 [error] An unknown error occurred. Please consult the log for more details.
2025-03-11 13:26:46.448 [error] An unknown error occurred. Please consult the log for more details.
2025-03-11 13:26:46.460 [error] Error: The editor could not be opened because the file was not found.
    at rbe.handleSetInputError (vscode-file://vscode-app/opt/vscodium-bin/resources/app/out/vs/workbench/workbench.desktop.main.js:2107:138504)
    at async rbe.setInput (vscode-file://vscode-app/opt/vscodium-bin/resources/app/out/vs/workbench/workbench.desktop.main.js:2107:137516)
    at async P2e.doSetInput (vscode-file://vscode-app/opt/vscodium-bin/resources/app/out/vs/workbench/workbench.desktop.main.js:526:25289)
    at async P2e.doOpenEditor (vscode-file://vscode-app/opt/vscodium-bin/resources/app/out/vs/workbench/workbench.desktop.main.js:526:23043)
    at async P2e.openEditor (vscode-file://vscode-app/opt/vscodium-bin/resources/app/out/vs/workbench/workbench.desktop.main.js:526:21970)
    at async vscode-file://vscode-app/opt/vscodium-bin/resources/app/out/vs/workbench/workbench.desktop.main.js:638:31972
    at async H9e.doOpenCodeEditor (vscode-file://vscode-app/opt/vscodium-bin/resources/app/out/vs/workbench/workbench.desktop.main.js:1250:36700)
    at async H9e.openCodeEditor (vscode-file://vscode-app/opt/vscodium-bin/resources/app/out/vs/workbench/workbench.desktop.main.js:1250:25466)
    at async w$e.open (vscode-file://vscode-app/opt/vscodium-bin/resources/app/out/vs/workbench/workbench.desktop.main.js:1310:675)
    at async y$e.open (vscode-file://vscode-app/opt/vscodium-bin/resources/app/out/vs/workbench/workbench.desktop.main.js:1310:1945)
2025-03-11 21:24:55.169 [error] An unknown error occurred. Please consult the log for more details.
2025-03-12 13:08:23.674 [error] An unknown error occurred. Please consult the log for more details.
2025-03-12 13:08:36.108 [error] An unknown error occurred. Please consult the log for more details.
2025-03-12 13:11:28.681 [error] An unknown error occurred. Please consult the log for more details.
2025-03-13 13:07:54.633 [error] An unknown error occurred. Please consult the log for more details.
2025-03-13 13:09:12.227 [error] An unknown error occurred. Please consult the log for more details.
2025-03-13 13:09:47.458 [error] An unknown error occurred. Please consult the log for more details.
2025-03-13 13:09:49.007 [error] An unknown error occurred. Please consult the log for more details.
2025-03-13 13:10:19.334 [error] An unknown error occurred. Please consult the log for more details.
2025-03-13 13:10:22.855 [error] An unknown error occurred. Please consult the log for more details.
2025-03-13 13:11:27.215 [error] An unknown error occurred. Please consult the log for more details.
2025-03-13 13:12:11.164 [error] An unknown error occurred. Please consult the log for more details.
2025-03-13 13:13:56.519 [error] An unknown error occurred. Please consult the log for more details.
2025-03-13 13:13:58.212 [error] An unknown error occurred. Please consult the log for more details.
2025-03-13 13:13:59.759 [error] An unknown error occurred. Please consult the log for more details.
2025-03-13 13:15:15.799 [error] An unknown error occurred. Please consult the log for more details.
2025-03-13 13:16:10.131 [error] An unknown error occurred. Please consult the log for more details.
2025-03-13 13:16:20.971 [error] An unknown error occurred. Please consult the log for more details.
2025-03-13 13:16:22.070 [error] An unknown error occurred. Please consult the log for more details.
2025-03-13 13:16:45.064 [error] An unknown error occurred. Please consult the log for more details.
2025-03-13 13:16:52.694 [error] An unknown error occurred. Please consult the log for more details.
2025-03-13 13:21:35.735 [error] An unknown error occurred. Please consult the log for more details.
2025-03-13 13:22:21.653 [error] An unknown error occurred. Please consult the log for more details.
2025-03-13 13:22:44.208 [error] An unknown error occurred. Please consult the log for more details.
2025-03-13 13:23:08.360 [error] An unknown error occurred. Please consult the log for more details.
2025-03-13 13:23:25.860 [error] An unknown error occurred. Please consult the log for more details.
2025-03-13 13:23:27.165 [error] An unknown error occurred. Please consult the log for more details.
2025-03-13 13:28:58.829 [error] An unknown error occurred. Please consult the log for more details.
2025-03-13 13:29:00.265 [error] An unknown error occurred. Please consult the log for more details.
2025-03-13 14:52:22.878 [error] An unknown error occurred. Please consult the log for more details.
2025-03-13 14:52:24.582 [error] An unknown error occurred. Please consult the log for more details.
2025-03-13 14:52:30.579 [error] An unknown error occurred. Please consult the log for more details.
2025-03-13 14:52:32.223 [error] An unknown error occurred. Please consult the log for more details.
2025-03-13 14:55:59.760 [error] An unknown error occurred. Please consult the log for more details.
2025-03-13 15:01:42.438 [error] An unknown error occurred. Please consult the log for more details.
2025-03-13 15:06:25.883 [error] An unknown error occurred. Please consult the log for more details.
2025-03-13 15:11:08.546 [error] An unknown error occurred. Please consult the log for more details.
2025-03-13 15:11:25.547 [error] An unknown error occurred. Please consult the log for more details.
2025-03-13 15:11:28.201 [error] An unknown error occurred. Please consult the log for more details.
2025-03-13 15:13:35.038 [error] An unknown error occurred. Please consult the log for more details.
2025-03-13 15:13:37.979 [error] An unknown error occurred. Please consult the log for more details.
2025-03-13 15:13:40.344 [error] An unknown error occurred. Please consult the log for more details.
2025-03-13 15:13:47.919 [error] An unknown error occurred. Please consult the log for more details.
2025-03-13 15:14:09.994 [error] An unknown error occurred. Please consult the log for more details.
2025-03-13 15:14:18.571 [error] An unknown error occurred. Please consult the log for more details.
2025-03-13 15:15:40.083 [error] An unknown error occurred. Please consult the log for more details.
2025-03-13 15:38:25.659 [error] An unknown error occurred. Please consult the log for more details.
2025-03-13 15:38:30.624 [error] An unknown error occurred. Please consult the log for more details.
2025-03-13 15:38:35.268 [error] An unknown error occurred. Please consult the log for more details.
2025-03-13 15:40:02.572 [error] An unknown error occurred. Please consult the log for more details.
2025-03-13 15:40:03.730 [error] An unknown error occurred. Please consult the log for more details.
2025-03-13 16:44:04.182 [error] An unknown error occurred. Please consult the log for more details.: EntryNotFound (FileSystemError): 
	at l.readFile (/opt/vscodium-bin/resources/app/extensions/git/dist/main.js:2:938608)
2025-03-13 16:44:23.337 [error] An unknown error occurred. Please consult the log for more details.: EntryNotFound (FileSystemError): 
	at l.readFile (/opt/vscodium-bin/resources/app/extensions/git/dist/main.js:2:938608)
	at process.processTicksAndRejections (node:internal/process/task_queues:95:5)
2025-03-13 16:46:18.555 [error] [Extension Host] FAILED to read HEAD, MERGE_HEAD commits
2025-03-13 16:46:18.555 [error] [Extension Host] Error: Failed to execute git
	at t.Git._exec (/opt/vscodium-bin/resources/app/extensions/git/dist/main.js:2:949026)
	at process.processTicksAndRejections (node:internal/process/task_queues:95:5)
	at async t.Git.exec (/opt/vscodium-bin/resources/app/extensions/git/dist/main.js:2:948094)
	at async z.exec (/opt/vscodium-bin/resources/app/extensions/git/dist/main.js:2:953622)
	at async z.diffFiles (/opt/vscodium-bin/resources/app/extensions/git/dist/main.js:2:958881)
	at async z.diffBetween (/opt/vscodium-bin/resources/app/extensions/git/dist/main.js:2:958491)
	at async L.retryRun (/opt/vscodium-bin/resources/app/extensions/git/dist/main.js:2:1085286)
	at async L.run (/opt/vscodium-bin/resources/app/extensions/git/dist/main.js:2:1084890)
	at async te.openMergeEditor (/opt/vscodium-bin/resources/app/extensions/git/dist/main.js:2:840616)
	at async m0._executeContributedCommand (file:///opt/vscodium-bin/resources/app/out/vs/workbench/api/node/extensionHostProcess.js:112:38908)
2025-03-13 16:46:18.664 [error] EntryNotFound (FileSystemError): 
	at l.readFile (/opt/vscodium-bin/resources/app/extensions/git/dist/main.js:2:938608)
2025-03-13 16:46:20.430 [error] EntryNotFound (FileSystemError): 
	at l.readFile (/opt/vscodium-bin/resources/app/extensions/git/dist/main.js:2:938608)
2025-03-13 16:50:38.835 [error] An unknown error occurred. Please consult the log for more details.: EntryNotFound (FileSystemError): 
	at l.readFile (/opt/vscodium-bin/resources/app/extensions/git/dist/main.js:2:938608)
2025-03-13 16:50:40.492 [error] An unknown error occurred. Please consult the log for more details.: EntryNotFound (FileSystemError): 
	at l.readFile (/opt/vscodium-bin/resources/app/extensions/git/dist/main.js:2:938608)
2025-03-13 16:50:47.619 [error] An unknown error occurred. Please consult the log for more details.: EntryNotFound (FileSystemError): 
	at l.readFile (/opt/vscodium-bin/resources/app/extensions/git/dist/main.js:2:938608)
2025-03-13 16:51:35.953 [error] An unknown error occurred. Please consult the log for more details.: EntryNotFound (FileSystemError): 
	at l.readFile (/opt/vscodium-bin/resources/app/extensions/git/dist/main.js:2:938608)
2025-03-13 16:51:38.467 [error] An unknown error occurred. Please consult the log for more details.: EntryNotFound (FileSystemError): 
	at l.readFile (/opt/vscodium-bin/resources/app/extensions/git/dist/main.js:2:938608)
2025-03-13 16:51:39.703 [error] An unknown error occurred. Please consult the log for more details.: EntryNotFound (FileSystemError): 
	at l.readFile (/opt/vscodium-bin/resources/app/extensions/git/dist/main.js:2:938608)
