2025-03-17 13:34:19.503 [info] Extension host with pid 4364 started
2025-03-17 13:34:19.503 [info] Skipping acquiring lock for /home/dillan/.config/VSCodium/User/workspaceStorage/94305d54b70a27ecc7305c36fafad8d8.
2025-03-17 13:34:19.951 [info] ExtensionService#_doActivateExtension vscode.emmet, startup: false, activationEvent: 'onLanguage'
2025-03-17 13:34:19.982 [info] ExtensionService#_doActivateExtension vscode.html-language-features, startup: false, activationEvent: 'onLanguage:html'
2025-03-17 13:34:20.699 [info] ExtensionService#_doActivateExtension vscode.git-base, startup: true, activationEvent: '*', root cause: vscode.git
2025-03-17 13:34:20.704 [info] ExtensionService#_doActivateExtension christian-kohler.path-intellisense, startup: true, activationEvent: '*'
2025-03-17 13:34:20.759 [info] ExtensionService#_doActivateExtension vscode.git, startup: true, activationEvent: '*'
2025-03-17 13:34:20.863 [info] ExtensionService#_doActivateExtension vscode.github, startup: true, activationEvent: '*'
2025-03-17 13:34:20.994 [info] Eager extensions activated
2025-03-17 13:34:21.098 [info] ExtensionService#_doActivateExtension vscode.debug-auto-launch, startup: false, activationEvent: 'onStartupFinished'
2025-03-17 13:34:21.102 [info] ExtensionService#_doActivateExtension vscode.merge-conflict, startup: false, activationEvent: 'onStartupFinished'
2025-03-17 13:34:21.133 [info] ExtensionService#_doActivateExtension ecmel.vscode-html-css, startup: false, activationEvent: 'onStartupFinished'
2025-03-17 13:34:21.136 [info] ExtensionService#_doActivateExtension esbenp.prettier-vscode, startup: false, activationEvent: 'onStartupFinished'
2025-03-17 13:34:21.266 [info] ExtensionService#_doActivateExtension vadimcn.vscode-lldb, startup: false, activationEvent: 'onStartupFinished', root cause: franneck94.vscode-c-cpp-config
2025-03-17 13:34:21.289 [info] ExtensionService#_doActivateExtension PKief.material-icon-theme, startup: false, activationEvent: 'onStartupFinished'
2025-03-17 13:34:21.313 [info] ExtensionService#_doActivateExtension ritwickdey.LiveServer, startup: false, activationEvent: 'onStartupFinished'
2025-03-17 13:34:21.322 [info] ExtensionService#_doActivateExtension streetsidesoftware.code-spell-checker, startup: false, activationEvent: 'onStartupFinished'
2025-03-17 13:34:21.672 [info] ExtensionService#_doActivateExtension franneck94.vscode-c-cpp-config, startup: false, activationEvent: 'onStartupFinished'
2025-03-17 13:34:21.778 [info] ExtensionService#_doActivateExtension vscode.github-authentication, startup: false, activationEvent: 'onAuthenticationRequest:github'
2025-03-17 13:35:39.687 [error] [ecmel.vscode-html-css] provider FAILED
2025-03-17 13:35:39.687 [error] undefined
2025-03-17 13:35:42.643 [error] [ecmel.vscode-html-css] provider FAILED
2025-03-17 13:35:42.643 [error] undefined
2025-03-17 13:36:16.833 [info] ExtensionService#_doActivateExtension vscode.css-language-features, startup: false, activationEvent: 'onLanguage:css'
2025-03-17 13:38:04.070 [error] [ecmel.vscode-html-css] provider FAILED
2025-03-17 13:38:04.070 [error] undefined
2025-03-17 13:38:04.503 [error] [ecmel.vscode-html-css] provider FAILED
2025-03-17 13:38:04.503 [error] undefined
2025-03-17 13:38:04.712 [error] [ecmel.vscode-html-css] provider FAILED
2025-03-17 13:38:04.712 [error] undefined
2025-03-17 13:38:05.563 [error] [ecmel.vscode-html-css] provider FAILED
2025-03-17 13:38:05.563 [error] undefined
2025-03-17 13:38:05.717 [error] [ecmel.vscode-html-css] provider FAILED
2025-03-17 13:38:05.717 [error] undefined
2025-03-17 13:38:05.998 [error] [ecmel.vscode-html-css] provider FAILED
2025-03-17 13:38:05.998 [error] undefined
2025-03-17 13:38:07.265 [error] [ecmel.vscode-html-css] provider FAILED
2025-03-17 13:38:07.265 [error] undefined
2025-03-17 13:38:07.446 [error] [ecmel.vscode-html-css] provider FAILED
2025-03-17 13:38:07.446 [error] undefined
2025-03-17 13:38:07.620 [error] [ecmel.vscode-html-css] provider FAILED
2025-03-17 13:38:07.620 [error] undefined
2025-03-17 13:38:08.456 [error] [ecmel.vscode-html-css] provider FAILED
2025-03-17 13:38:08.456 [error] undefined
2025-03-17 13:38:09.069 [error] [ecmel.vscode-html-css] provider FAILED
2025-03-17 13:38:09.069 [error] undefined
2025-03-17 13:38:09.976 [error] [ecmel.vscode-html-css] provider FAILED
2025-03-17 13:38:09.976 [error] undefined
2025-03-17 13:38:10.473 [error] [ecmel.vscode-html-css] provider FAILED
2025-03-17 13:38:10.473 [error] undefined
2025-03-17 15:21:50.245 [error] [ecmel.vscode-html-css] provider FAILED
2025-03-17 15:21:50.245 [error] undefined
2025-03-17 15:21:54.076 [info] ExtensionService#_doActivateExtension vscode.configuration-editing, startup: false, activationEvent: 'onLanguage:jsonc'
2025-03-17 15:21:54.096 [info] ExtensionService#_doActivateExtension vscode.json-language-features, startup: false, activationEvent: 'onLanguage:jsonc'
2025-03-17 15:21:54.187 [info] ExtensionService#_doActivateExtension vscode.typescript-language-features, startup: false, activationEvent: 'onLanguage:jsonc'
2025-03-17 15:23:30.664 [error] [ecmel.vscode-html-css] provider FAILED
2025-03-17 15:23:30.664 [error] undefined
2025-03-17 15:23:32.821 [error] [ecmel.vscode-html-css] provider FAILED
2025-03-17 15:23:32.821 [error] undefined
2025-03-17 15:23:32.978 [error] [ecmel.vscode-html-css] provider FAILED
2025-03-17 15:23:32.978 [error] undefined
2025-03-17 15:23:54.415 [error] [ecmel.vscode-html-css] provider FAILED
2025-03-17 15:23:54.415 [error] undefined
2025-03-17 15:23:56.161 [error] [ecmel.vscode-html-css] provider FAILED
2025-03-17 15:23:56.161 [error] undefined
2025-03-17 15:24:00.505 [error] [ecmel.vscode-html-css] provider FAILED
2025-03-17 15:24:00.505 [error] undefined
2025-03-17 15:24:00.890 [error] [ecmel.vscode-html-css] provider FAILED
2025-03-17 15:24:00.890 [error] undefined
2025-03-17 15:24:01.075 [error] [ecmel.vscode-html-css] provider FAILED
2025-03-17 15:24:01.076 [error] undefined
2025-03-17 15:24:01.383 [error] [ecmel.vscode-html-css] provider FAILED
2025-03-17 15:24:01.383 [error] undefined
2025-03-17 15:24:01.556 [error] [ecmel.vscode-html-css] provider FAILED
2025-03-17 15:24:01.556 [error] undefined
2025-03-17 15:24:01.628 [error] [ecmel.vscode-html-css] provider FAILED
2025-03-17 15:24:01.628 [error] undefined
2025-03-17 15:24:01.842 [error] [ecmel.vscode-html-css] provider FAILED
2025-03-17 15:24:01.842 [error] undefined
2025-03-17 15:24:01.981 [error] [ecmel.vscode-html-css] provider FAILED
2025-03-17 15:24:01.982 [error] undefined
2025-03-17 15:24:58.078 [error] [ecmel.vscode-html-css] provider FAILED
2025-03-17 15:24:58.078 [error] undefined
2025-03-17 15:25:03.177 [error] [ecmel.vscode-html-css] provider FAILED
2025-03-17 15:25:03.177 [error] undefined
2025-03-17 15:25:03.389 [error] [ecmel.vscode-html-css] provider FAILED
2025-03-17 15:25:03.389 [error] undefined
2025-03-17 15:25:49.039 [error] [ecmel.vscode-html-css] provider FAILED
2025-03-17 15:25:49.039 [error] undefined
2025-03-17 15:25:49.630 [error] [ecmel.vscode-html-css] provider FAILED
2025-03-17 15:25:49.630 [error] undefined
2025-03-17 15:25:52.650 [error] [ecmel.vscode-html-css] provider FAILED
2025-03-17 15:25:52.650 [error] undefined
2025-03-17 15:25:52.680 [error] [ecmel.vscode-html-css] provider FAILED
2025-03-17 15:25:52.680 [error] undefined
2025-03-17 15:25:52.709 [error] [ecmel.vscode-html-css] provider FAILED
2025-03-17 15:25:52.709 [error] undefined
2025-03-17 15:25:56.853 [error] [ecmel.vscode-html-css] provider FAILED
2025-03-17 15:25:56.853 [error] undefined
2025-03-17 15:25:57.801 [error] [ecmel.vscode-html-css] provider FAILED
2025-03-17 15:25:57.801 [error] undefined
2025-03-17 15:25:57.906 [error] [ecmel.vscode-html-css] provider FAILED
2025-03-17 15:25:57.907 [error] undefined
2025-03-17 15:25:58.002 [error] [ecmel.vscode-html-css] provider FAILED
2025-03-17 15:25:58.002 [error] undefined
2025-03-17 15:25:59.222 [error] [ecmel.vscode-html-css] provider FAILED
2025-03-17 15:25:59.222 [error] undefined
2025-03-17 15:25:59.440 [error] [ecmel.vscode-html-css] provider FAILED
2025-03-17 15:25:59.440 [error] undefined
2025-03-17 15:26:00.125 [error] [ecmel.vscode-html-css] provider FAILED
2025-03-17 15:26:00.125 [error] undefined
2025-03-17 15:26:00.691 [error] [ecmel.vscode-html-css] provider FAILED
2025-03-17 15:26:00.691 [error] undefined
2025-03-17 15:26:01.089 [error] [ecmel.vscode-html-css] provider FAILED
2025-03-17 15:26:01.089 [error] undefined
2025-03-17 15:26:01.310 [error] [ecmel.vscode-html-css] provider FAILED
2025-03-17 15:26:01.310 [error] undefined
2025-03-17 15:26:01.472 [error] [ecmel.vscode-html-css] provider FAILED
2025-03-17 15:26:01.472 [error] undefined
2025-03-17 15:26:01.570 [error] [ecmel.vscode-html-css] provider FAILED
2025-03-17 15:26:01.570 [error] undefined
2025-03-17 15:26:04.070 [error] [ecmel.vscode-html-css] provider FAILED
2025-03-17 15:26:04.070 [error] undefined
2025-03-17 15:26:04.320 [error] [ecmel.vscode-html-css] provider FAILED
2025-03-17 15:26:04.320 [error] undefined
2025-03-17 15:26:09.841 [error] [ecmel.vscode-html-css] provider FAILED
2025-03-17 15:26:09.841 [error] undefined
2025-03-17 15:26:20.647 [error] [ecmel.vscode-html-css] provider FAILED
2025-03-17 15:26:20.647 [error] undefined
2025-03-17 15:26:20.793 [error] [ecmel.vscode-html-css] provider FAILED
2025-03-17 15:26:20.793 [error] undefined
2025-03-17 15:26:20.955 [error] [ecmel.vscode-html-css] provider FAILED
2025-03-17 15:26:20.955 [error] undefined
2025-03-17 15:26:52.815 [error] [ecmel.vscode-html-css] provider FAILED
2025-03-17 15:26:52.815 [error] undefined
2025-03-17 15:26:53.171 [error] [ecmel.vscode-html-css] provider FAILED
2025-03-17 15:26:53.171 [error] undefined
2025-03-17 15:27:22.836 [error] [ecmel.vscode-html-css] provider FAILED
2025-03-17 15:27:22.836 [error] undefined
2025-03-17 15:27:25.515 [error] [ecmel.vscode-html-css] provider FAILED
2025-03-17 15:27:25.515 [error] undefined
2025-03-17 15:27:26.133 [error] [ecmel.vscode-html-css] provider FAILED
2025-03-17 15:27:26.133 [error] undefined
2025-03-17 15:27:26.946 [error] [ecmel.vscode-html-css] provider FAILED
2025-03-17 15:27:26.946 [error] undefined
2025-03-17 15:28:15.456 [error] [ecmel.vscode-html-css] provider FAILED
2025-03-17 15:28:15.456 [error] undefined
2025-03-17 15:29:21.067 [error] [ecmel.vscode-html-css] provider FAILED
2025-03-17 15:29:21.067 [error] undefined
2025-03-17 15:29:23.132 [error] [ecmel.vscode-html-css] provider FAILED
2025-03-17 15:29:23.132 [error] undefined
2025-03-17 15:29:23.352 [error] [ecmel.vscode-html-css] provider FAILED
2025-03-17 15:29:23.352 [error] undefined
2025-03-17 15:29:23.504 [error] [ecmel.vscode-html-css] provider FAILED
2025-03-17 15:29:23.504 [error] undefined
2025-03-17 15:29:23.611 [error] [ecmel.vscode-html-css] provider FAILED
2025-03-17 15:29:23.611 [error] undefined
2025-03-17 15:29:23.733 [error] [ecmel.vscode-html-css] provider FAILED
2025-03-17 15:29:23.733 [error] undefined
2025-03-17 15:29:23.828 [error] [ecmel.vscode-html-css] provider FAILED
2025-03-17 15:29:23.828 [error] undefined
2025-03-17 15:29:24.942 [error] [ecmel.vscode-html-css] provider FAILED
2025-03-17 15:29:24.942 [error] undefined
2025-03-17 15:29:25.092 [error] [ecmel.vscode-html-css] provider FAILED
2025-03-17 15:29:25.092 [error] undefined
2025-03-17 15:29:26.437 [error] [ecmel.vscode-html-css] provider FAILED
2025-03-17 15:29:26.437 [error] undefined
2025-03-17 15:29:26.561 [error] [ecmel.vscode-html-css] provider FAILED
2025-03-17 15:29:26.561 [error] undefined
2025-03-17 15:30:08.417 [error] [ecmel.vscode-html-css] provider FAILED
2025-03-17 15:30:08.417 [error] undefined
2025-03-17 15:30:14.804 [error] [ecmel.vscode-html-css] provider FAILED
2025-03-17 15:30:14.804 [error] undefined
2025-03-17 15:30:15.550 [error] [ecmel.vscode-html-css] provider FAILED
2025-03-17 15:30:15.550 [error] undefined
2025-03-17 15:30:15.800 [error] [ecmel.vscode-html-css] provider FAILED
2025-03-17 15:30:15.800 [error] undefined
2025-03-17 15:30:19.026 [error] [ecmel.vscode-html-css] provider FAILED
2025-03-17 15:30:19.026 [error] undefined
2025-03-17 15:30:20.598 [error] [ecmel.vscode-html-css] provider FAILED
2025-03-17 15:30:20.598 [error] undefined
2025-03-17 15:30:20.854 [error] [ecmel.vscode-html-css] provider FAILED
2025-03-17 15:30:20.854 [error] undefined
2025-03-17 15:30:21.030 [error] [ecmel.vscode-html-css] provider FAILED
2025-03-17 15:30:21.030 [error] undefined
2025-03-17 15:30:21.298 [error] [ecmel.vscode-html-css] provider FAILED
2025-03-17 15:30:21.298 [error] undefined
2025-03-17 15:30:35.628 [error] [ecmel.vscode-html-css] provider FAILED
2025-03-17 15:30:35.628 [error] undefined
2025-03-17 15:31:26.234 [error] [ecmel.vscode-html-css] provider FAILED
2025-03-17 15:31:26.234 [error] undefined
2025-03-17 15:31:26.593 [error] [ecmel.vscode-html-css] provider FAILED
2025-03-17 15:31:26.593 [error] undefined
2025-03-17 15:31:26.821 [error] [ecmel.vscode-html-css] provider FAILED
2025-03-17 15:31:26.821 [error] undefined
2025-03-17 15:31:52.672 [error] [ecmel.vscode-html-css] provider FAILED
2025-03-17 15:31:52.672 [error] undefined
2025-03-17 15:31:54.243 [error] [ecmel.vscode-html-css] provider FAILED
2025-03-17 15:31:54.243 [error] undefined
2025-03-17 15:31:54.444 [error] [ecmel.vscode-html-css] provider FAILED
2025-03-17 15:31:54.444 [error] undefined
2025-03-17 15:31:54.570 [error] [ecmel.vscode-html-css] provider FAILED
2025-03-17 15:31:54.571 [error] undefined
2025-03-17 15:31:54.861 [error] [ecmel.vscode-html-css] provider FAILED
2025-03-17 15:31:54.861 [error] undefined
2025-03-17 15:31:55.823 [error] [ecmel.vscode-html-css] provider FAILED
2025-03-17 15:31:55.823 [error] undefined
2025-03-17 15:31:55.949 [error] [ecmel.vscode-html-css] provider FAILED
2025-03-17 15:31:55.949 [error] undefined
2025-03-17 15:32:19.582 [error] [ecmel.vscode-html-css] provider FAILED
2025-03-17 15:32:19.582 [error] undefined
2025-03-17 15:32:19.946 [error] [ecmel.vscode-html-css] provider FAILED
2025-03-17 15:32:19.946 [error] undefined
2025-03-17 15:32:20.378 [error] [ecmel.vscode-html-css] provider FAILED
2025-03-17 15:32:20.378 [error] undefined
2025-03-17 15:32:21.042 [error] [ecmel.vscode-html-css] provider FAILED
2025-03-17 15:32:21.042 [error] undefined
2025-03-17 15:32:22.240 [error] [ecmel.vscode-html-css] provider FAILED
2025-03-17 15:32:22.240 [error] undefined
2025-03-17 15:32:28.348 [error] [ecmel.vscode-html-css] provider FAILED
2025-03-17 15:32:28.348 [error] undefined
2025-03-17 16:33:07.869 [error] [ecmel.vscode-html-css] provider FAILED
2025-03-17 16:33:07.869 [error] undefined
