2025-03-10 14:37:16.329 [info] Extension host with pid 372451 started
2025-03-10 14:37:16.329 [info] Skipping acquiring lock for /home/dillan/.config/VSCodium/User/workspaceStorage/09c0e3704f2c37e3c39b2e5e24cfddd7.
2025-03-10 14:37:16.753 [info] ExtensionService#_doActivateExtension vscode.emmet, startup: false, activationEvent: 'onLanguage'
2025-03-10 14:37:16.783 [info] ExtensionService#_doActivateExtension vscode.css-language-features, startup: false, activationEvent: 'onLanguage:css'
2025-03-10 14:37:17.255 [info] ExtensionService#_doActivateExtension vscode.git-base, startup: true, activationEvent: '*', root cause: vscode.git
2025-03-10 14:37:17.259 [info] ExtensionService#_doActivateExtension christian-kohler.path-intellisense, startup: true, activationEvent: '*'
2025-03-10 14:37:17.318 [info] ExtensionService#_doActivateExtension vscode.git, startup: true, activationEvent: '*'
2025-03-10 14:37:17.417 [info] ExtensionService#_doActivateExtension vscode.github, startup: true, activationEvent: '*'
2025-03-10 14:37:17.523 [info] Eager extensions activated
2025-03-10 14:37:17.551 [info] ExtensionService#_doActivateExtension vscode.debug-auto-launch, startup: false, activationEvent: 'onStartupFinished'
2025-03-10 14:37:17.554 [info] ExtensionService#_doActivateExtension vscode.merge-conflict, startup: false, activationEvent: 'onStartupFinished'
2025-03-10 14:37:17.581 [info] ExtensionService#_doActivateExtension ecmel.vscode-html-css, startup: false, activationEvent: 'onStartupFinished'
2025-03-10 14:37:17.583 [info] ExtensionService#_doActivateExtension esbenp.prettier-vscode, startup: false, activationEvent: 'onStartupFinished'
2025-03-10 14:37:17.685 [info] ExtensionService#_doActivateExtension vadimcn.vscode-lldb, startup: false, activationEvent: 'onStartupFinished', root cause: franneck94.vscode-c-cpp-config
2025-03-10 14:37:17.707 [info] ExtensionService#_doActivateExtension PKief.material-icon-theme, startup: false, activationEvent: 'onStartupFinished'
2025-03-10 14:37:17.726 [info] ExtensionService#_doActivateExtension streetsidesoftware.code-spell-checker, startup: false, activationEvent: 'onStartupFinished'
2025-03-10 14:37:18.001 [info] ExtensionService#_doActivateExtension franneck94.vscode-c-cpp-config, startup: false, activationEvent: 'onStartupFinished'
2025-03-10 14:59:21.179 [info] ExtensionService#_doActivateExtension vscode.npm, startup: false, activationEvent: 'onTerminalQuickFixRequest:ms-vscode.npm-command'
2025-03-10 15:09:27.164 [info] ExtensionService#_doActivateExtension vscode.html-language-features, startup: false, activationEvent: 'onLanguage:html'
2025-03-10 15:13:58.386 [error] [ecmel.vscode-html-css] provider FAILED
2025-03-10 15:13:58.386 [error] undefined
2025-03-10 15:14:12.478 [error] [ecmel.vscode-html-css] provider FAILED
2025-03-10 15:14:12.478 [error] undefined
2025-03-10 15:14:12.792 [error] [ecmel.vscode-html-css] provider FAILED
2025-03-10 15:14:12.792 [error] undefined
2025-03-10 15:15:37.532 [error] [ecmel.vscode-html-css] provider FAILED
2025-03-10 15:15:37.532 [error] undefined
2025-03-10 15:15:40.280 [error] [ecmel.vscode-html-css] provider FAILED
2025-03-10 15:15:40.281 [error] undefined
2025-03-10 15:17:31.684 [error] [ecmel.vscode-html-css] provider FAILED
2025-03-10 15:17:31.684 [error] undefined
2025-03-10 15:17:34.473 [error] [ecmel.vscode-html-css] provider FAILED
2025-03-10 15:17:34.473 [error] undefined
2025-03-10 15:17:35.339 [error] [ecmel.vscode-html-css] provider FAILED
2025-03-10 15:17:35.339 [error] undefined
2025-03-10 15:17:35.503 [error] [ecmel.vscode-html-css] provider FAILED
2025-03-10 15:17:35.503 [error] undefined
2025-03-10 15:17:35.708 [error] [ecmel.vscode-html-css] provider FAILED
2025-03-10 15:17:35.708 [error] undefined
2025-03-10 15:17:38.149 [error] [ecmel.vscode-html-css] provider FAILED
2025-03-10 15:17:38.149 [error] undefined
2025-03-10 15:18:53.588 [error] [ecmel.vscode-html-css] provider FAILED
2025-03-10 15:18:53.588 [error] undefined
2025-03-10 15:18:55.534 [error] [ecmel.vscode-html-css] provider FAILED
2025-03-10 15:18:55.534 [error] undefined
2025-03-10 15:18:56.765 [error] [ecmel.vscode-html-css] provider FAILED
2025-03-10 15:18:56.765 [error] undefined
2025-03-10 15:18:57.008 [error] [ecmel.vscode-html-css] provider FAILED
2025-03-10 15:18:57.008 [error] undefined
2025-03-10 15:18:57.285 [error] [ecmel.vscode-html-css] provider FAILED
2025-03-10 15:18:57.285 [error] undefined
2025-03-10 15:18:57.490 [error] [ecmel.vscode-html-css] provider FAILED
2025-03-10 15:18:57.490 [error] undefined
2025-03-10 15:19:00.945 [error] [ecmel.vscode-html-css] provider FAILED
2025-03-10 15:19:00.946 [error] undefined
2025-03-10 15:19:03.206 [error] [ecmel.vscode-html-css] provider FAILED
2025-03-10 15:19:03.206 [error] undefined
2025-03-10 15:19:04.070 [error] [ecmel.vscode-html-css] provider FAILED
2025-03-10 15:19:04.070 [error] undefined
2025-03-10 15:19:17.955 [error] [ecmel.vscode-html-css] provider FAILED
2025-03-10 15:19:17.955 [error] undefined
2025-03-10 15:20:30.823 [error] [ecmel.vscode-html-css] provider FAILED
2025-03-10 15:20:30.824 [error] undefined
2025-03-10 15:20:31.730 [error] [ecmel.vscode-html-css] provider FAILED
2025-03-10 15:20:31.730 [error] undefined
2025-03-10 15:21:21.725 [info] ExtensionService#_doActivateExtension vscode.typescript-language-features, startup: false, activationEvent: 'onLanguage:javascript'
2025-03-10 15:21:21.846 [info] ExtensionService#_doActivateExtension christian-kohler.npm-intellisense, startup: false, activationEvent: 'onLanguage:javascript'
2025-03-10 15:21:39.125 [error] [ecmel.vscode-html-css] provider FAILED
2025-03-10 15:21:39.125 [error] undefined
2025-03-10 15:26:23.072 [error] [ecmel.vscode-html-css] provider FAILED
2025-03-10 15:26:23.072 [error] undefined
2025-03-10 15:26:24.298 [error] [ecmel.vscode-html-css] provider FAILED
2025-03-10 15:26:24.298 [error] undefined
2025-03-10 15:26:31.673 [error] [ecmel.vscode-html-css] provider FAILED
2025-03-10 15:26:31.674 [error] undefined
2025-03-10 15:26:31.873 [error] [ecmel.vscode-html-css] provider FAILED
2025-03-10 15:26:31.873 [error] undefined
2025-03-10 15:26:32.056 [error] [ecmel.vscode-html-css] provider FAILED
2025-03-10 15:26:32.056 [error] undefined
2025-03-10 15:26:32.626 [error] [ecmel.vscode-html-css] provider FAILED
2025-03-10 15:26:32.626 [error] undefined
2025-03-10 15:26:33.771 [error] [ecmel.vscode-html-css] provider FAILED
2025-03-10 15:26:33.771 [error] undefined
2025-03-10 15:26:38.183 [error] [ecmel.vscode-html-css] provider FAILED
2025-03-10 15:26:38.183 [error] undefined
2025-03-10 15:26:38.381 [error] [ecmel.vscode-html-css] provider FAILED
2025-03-10 15:26:38.381 [error] undefined
2025-03-10 15:26:38.516 [error] [ecmel.vscode-html-css] provider FAILED
2025-03-10 15:26:38.516 [error] undefined
2025-03-10 15:26:38.665 [error] [ecmel.vscode-html-css] provider FAILED
2025-03-10 15:26:38.665 [error] undefined
2025-03-10 15:26:38.951 [error] [ecmel.vscode-html-css] provider FAILED
2025-03-10 15:26:38.951 [error] undefined
2025-03-10 15:26:40.467 [error] [ecmel.vscode-html-css] provider FAILED
2025-03-10 15:26:40.467 [error] undefined
2025-03-10 15:26:56.369 [error] [ecmel.vscode-html-css] provider FAILED
2025-03-10 15:26:56.369 [error] undefined
2025-03-10 15:26:59.483 [error] [ecmel.vscode-html-css] provider FAILED
2025-03-10 15:26:59.483 [error] undefined
2025-03-10 15:27:00.177 [error] [ecmel.vscode-html-css] provider FAILED
2025-03-10 15:27:00.177 [error] undefined
2025-03-10 15:27:00.686 [error] [ecmel.vscode-html-css] provider FAILED
2025-03-10 15:27:00.686 [error] undefined
2025-03-10 15:27:00.935 [error] [ecmel.vscode-html-css] provider FAILED
2025-03-10 15:27:00.935 [error] undefined
2025-03-10 15:27:01.086 [error] [ecmel.vscode-html-css] provider FAILED
2025-03-10 15:27:01.086 [error] undefined
2025-03-10 15:52:24.055 [error] [ecmel.vscode-html-css] provider FAILED
2025-03-10 15:52:24.056 [error] undefined
2025-03-10 16:03:09.491 [info] ExtensionService#_doActivateExtension vscode.extension-editing, startup: false, activationEvent: 'onLanguage:markdown'
2025-03-10 16:03:09.512 [info] ExtensionService#_doActivateExtension vscode.markdown-language-features, startup: false, activationEvent: 'onLanguage:markdown'
2025-03-10 16:03:10.089 [info] ExtensionService#_doActivateExtension vscode.markdown-math, startup: false, activationEvent: 'api', root cause: vscode.markdown-language-features
2025-03-10 16:23:16.651 [error] [ecmel.vscode-html-css] provider FAILED
2025-03-10 16:23:16.651 [error] undefined
2025-03-10 16:23:22.010 [error] [ecmel.vscode-html-css] provider FAILED
2025-03-10 16:23:22.010 [error] undefined
2025-03-10 16:31:28.376 [error] [ecmel.vscode-html-css] provider FAILED
2025-03-10 16:31:28.376 [error] undefined
2025-03-10 16:31:31.266 [error] [ecmel.vscode-html-css] provider FAILED
2025-03-10 16:31:31.266 [error] undefined
2025-03-10 16:32:38.268 [error] [ecmel.vscode-html-css] provider FAILED
2025-03-10 16:32:38.268 [error] undefined
2025-03-10 16:33:01.019 [error] [ecmel.vscode-html-css] provider FAILED
2025-03-10 16:33:01.019 [error] undefined
2025-03-10 16:33:47.203 [error] [ecmel.vscode-html-css] provider FAILED
2025-03-10 16:33:47.203 [error] undefined
2025-03-10 16:58:20.463 [info] ExtensionService#_doActivateExtension vscode.github-authentication, startup: false, activationEvent: 'onAuthenticationRequest:github'
2025-03-11 09:41:46.962 [info] Extension host terminating: renderer closed the MessagePort
2025-03-11 09:41:46.992 [error] Canceled: Canceled
	at new J3 (file:///opt/vscodium-bin/resources/app/out/vs/workbench/api/node/extensionHostProcess.js:29:118070)
	at $y._remoteCall (file:///opt/vscodium-bin/resources/app/out/vs/workbench/api/node/extensionHostProcess.js:29:124364)
	at s.<computed>.n.charCodeAt.s.<computed> (file:///opt/vscodium-bin/resources/app/out/vs/workbench/api/node/extensionHostProcess.js:29:121123)
	at m0._doExecuteCommand (file:///opt/vscodium-bin/resources/app/out/vs/workbench/api/node/extensionHostProcess.js:112:38347)
	at m0.executeCommand (file:///opt/vscodium-bin/resources/app/out/vs/workbench/api/node/extensionHostProcess.js:112:37786)
	at r.registerCommand.description (file:///opt/vscodium-bin/resources/app/out/vs/workbench/api/node/extensionHostProcess.js:112:37050)
	at m0._executeContributedCommand (file:///opt/vscodium-bin/resources/app/out/vs/workbench/api/node/extensionHostProcess.js:112:38916)
	at m0._doExecuteCommand (file:///opt/vscodium-bin/resources/app/out/vs/workbench/api/node/extensionHostProcess.js:112:37919)
	at m0.executeCommand (file:///opt/vscodium-bin/resources/app/out/vs/workbench/api/node/extensionHostProcess.js:112:37786)
	at Object.executeCommand (file:///opt/vscodium-bin/resources/app/out/vs/workbench/api/node/extensionHostProcess.js:172:42161)
	at Th.L [as value] (/opt/vscodium-bin/resources/app/extensions/git/dist/main.js:2:997662)
	at P._deliver (file:///opt/vscodium-bin/resources/app/out/vs/workbench/api/node/extensionHostProcess.js:27:2937)
	at P._deliverQueue (file:///opt/vscodium-bin/resources/app/out/vs/workbench/api/node/extensionHostProcess.js:27:3028)
	at P.fire (file:///opt/vscodium-bin/resources/app/out/vs/workbench/api/node/extensionHostProcess.js:27:3364)
	at Object.p [as dispose] (/opt/vscodium-bin/resources/app/extensions/git/dist/main.js:2:1020302)
	at /opt/vscodium-bin/resources/app/extensions/git/dist/main.js:2:1026681
	at Array.forEach (<anonymous>)
	at b.dispose (/opt/vscodium-bin/resources/app/extensions/git/dist/main.js:2:1026667)
	at l1.<anonymous> (file:///opt/vscodium-bin/resources/app/out/vs/workbench/api/node/extensionHostProcess.js:106:21545)
	at l1.dispose (file:///opt/vscodium-bin/resources/app/out/vs/workbench/api/node/extensionHostProcess.js:106:21641)
	at l1.<anonymous> (/opt/vscodium-bin/resources/app/extensions/git/dist/main.js:2:1000146)
	at l1.dispose (file:///opt/vscodium-bin/resources/app/out/vs/workbench/api/node/extensionHostProcess.js:106:21641)
	at hi (file:///opt/vscodium-bin/resources/app/out/vs/workbench/api/node/extensionHostProcess.js:25:699)
	at file:///opt/vscodium-bin/resources/app/out/vs/workbench/api/node/extensionHostProcess.js:116:18392
	at file:///opt/vscodium-bin/resources/app/out/vs/workbench/api/node/extensionHostProcess.js:25:1009
	at Object.dispose (file:///opt/vscodium-bin/resources/app/out/vs/workbench/api/node/extensionHostProcess.js:8:705)
	at Iz._deactivate (file:///opt/vscodium-bin/resources/app/out/vs/workbench/api/node/extensionHostProcess.js:116:14727)
	at file:///opt/vscodium-bin/resources/app/out/vs/workbench/api/node/extensionHostProcess.js:116:12013
	at Array.map (<anonymous>)
	at Iz._deactivateAll (file:///opt/vscodium-bin/resources/app/out/vs/workbench/api/node/extensionHostProcess.js:116:12001)
	at Iz.terminate (file:///opt/vscodium-bin/resources/app/out/vs/workbench/api/node/extensionHostProcess.js:116:12354)
	at _7.terminate (file:///opt/vscodium-bin/resources/app/out/vs/workbench/api/node/extensionHostProcess.js:117:1602)
	at rs (file:///opt/vscodium-bin/resources/app/out/vs/workbench/api/node/extensionHostProcess.js:190:16313)
	at MessagePortMain.<anonymous> (file:///opt/vscodium-bin/resources/app/out/vs/workbench/api/node/extensionHostProcess.js:190:12769)
	at MessagePortMain.emit (node:events:518:28)
	at MessagePortMain.emit (node:domain:489:12)
	at MessagePortMain._internalPort.emit (node:electron/js2c/utility_init:2:2949) setContext undefined
2025-03-11 09:41:46.993 [error] Canceled: Canceled
	at new J3 (file:///opt/vscodium-bin/resources/app/out/vs/workbench/api/node/extensionHostProcess.js:29:118070)
	at $y._remoteCall (file:///opt/vscodium-bin/resources/app/out/vs/workbench/api/node/extensionHostProcess.js:29:124364)
	at s.<computed>.n.charCodeAt.s.<computed> (file:///opt/vscodium-bin/resources/app/out/vs/workbench/api/node/extensionHostProcess.js:29:121123)
	at m0._doExecuteCommand (file:///opt/vscodium-bin/resources/app/out/vs/workbench/api/node/extensionHostProcess.js:112:38347)
	at m0.executeCommand (file:///opt/vscodium-bin/resources/app/out/vs/workbench/api/node/extensionHostProcess.js:112:37786)
	at r.registerCommand.description (file:///opt/vscodium-bin/resources/app/out/vs/workbench/api/node/extensionHostProcess.js:112:37050)
	at m0._executeContributedCommand (file:///opt/vscodium-bin/resources/app/out/vs/workbench/api/node/extensionHostProcess.js:112:38916)
	at m0._doExecuteCommand (file:///opt/vscodium-bin/resources/app/out/vs/workbench/api/node/extensionHostProcess.js:112:37919)
	at m0.executeCommand (file:///opt/vscodium-bin/resources/app/out/vs/workbench/api/node/extensionHostProcess.js:112:37786)
	at Object.executeCommand (file:///opt/vscodium-bin/resources/app/out/vs/workbench/api/node/extensionHostProcess.js:172:42161)
	at set hasGitHubRepositories (/opt/vscodium-bin/resources/app/extensions/github/dist/extension.js:2:344113)
	at /opt/vscodium-bin/resources/app/extensions/github/dist/extension.js:2:345072
	at Th.value (/opt/vscodium-bin/resources/app/extensions/git/dist/main.js:2:1117862)
	at P._deliver (file:///opt/vscodium-bin/resources/app/out/vs/workbench/api/node/extensionHostProcess.js:27:2937)
	at P._deliverQueue (file:///opt/vscodium-bin/resources/app/out/vs/workbench/api/node/extensionHostProcess.js:27:3028)
	at P.fire (file:///opt/vscodium-bin/resources/app/out/vs/workbench/api/node/extensionHostProcess.js:27:3364)
	at Object.p [as dispose] (/opt/vscodium-bin/resources/app/extensions/git/dist/main.js:2:1020302)
	at /opt/vscodium-bin/resources/app/extensions/git/dist/main.js:2:1026681
	at Array.forEach (<anonymous>)
	at b.dispose (/opt/vscodium-bin/resources/app/extensions/git/dist/main.js:2:1026667)
	at l1.<anonymous> (file:///opt/vscodium-bin/resources/app/out/vs/workbench/api/node/extensionHostProcess.js:106:21545)
	at l1.dispose (file:///opt/vscodium-bin/resources/app/out/vs/workbench/api/node/extensionHostProcess.js:106:21641)
	at l1.<anonymous> (/opt/vscodium-bin/resources/app/extensions/git/dist/main.js:2:1000146)
	at l1.dispose (file:///opt/vscodium-bin/resources/app/out/vs/workbench/api/node/extensionHostProcess.js:106:21641)
	at hi (file:///opt/vscodium-bin/resources/app/out/vs/workbench/api/node/extensionHostProcess.js:25:699)
	at file:///opt/vscodium-bin/resources/app/out/vs/workbench/api/node/extensionHostProcess.js:116:18392
	at file:///opt/vscodium-bin/resources/app/out/vs/workbench/api/node/extensionHostProcess.js:25:1009
	at Object.dispose (file:///opt/vscodium-bin/resources/app/out/vs/workbench/api/node/extensionHostProcess.js:8:705)
	at Iz._deactivate (file:///opt/vscodium-bin/resources/app/out/vs/workbench/api/node/extensionHostProcess.js:116:14727)
	at file:///opt/vscodium-bin/resources/app/out/vs/workbench/api/node/extensionHostProcess.js:116:12013
	at Array.map (<anonymous>)
	at Iz._deactivateAll (file:///opt/vscodium-bin/resources/app/out/vs/workbench/api/node/extensionHostProcess.js:116:12001)
	at Iz.terminate (file:///opt/vscodium-bin/resources/app/out/vs/workbench/api/node/extensionHostProcess.js:116:12354)
	at _7.terminate (file:///opt/vscodium-bin/resources/app/out/vs/workbench/api/node/extensionHostProcess.js:117:1602)
	at rs (file:///opt/vscodium-bin/resources/app/out/vs/workbench/api/node/extensionHostProcess.js:190:16313)
	at MessagePortMain.<anonymous> (file:///opt/vscodium-bin/resources/app/out/vs/workbench/api/node/extensionHostProcess.js:190:12769)
	at MessagePortMain.emit (node:events:518:28)
	at MessagePortMain.emit (node:domain:489:12)
	at MessagePortMain._internalPort.emit (node:electron/js2c/utility_init:2:2949) setContext undefined
2025-03-11 09:41:46.998 [info] Extension host with pid 372451 exiting with code 0
