2025-03-11 09:42:02.804 [info] Reading sessions from keychain...
2025-03-11 09:42:02.804 [info] Getting sessions for all scopes...
2025-03-11 09:42:02.804 [info] Getting sessions for all scopes...
2025-03-11 09:42:02.804 [info] Getting sessions for read:user,repo,user:email,workflow...
2025-03-11 09:42:02.819 [info] Got 0 sessions for ...
2025-03-11 09:42:02.819 [info] Got 0 sessions for ...
2025-03-11 09:42:02.819 [info] Got 0 sessions for read:user,repo,user:email,workflow...
2025-03-11 09:42:13.225 [info] Getting sessions for read:user,repo,user:email,workflow...
2025-03-11 09:42:13.225 [info] Got 0 sessions for read:user,repo,user:email,workflow...
2025-03-11 09:58:55.070 [info] Reading sessions from keychain...
2025-03-11 09:58:55.070 [info] Getting sessions for all scopes...
2025-03-11 09:58:55.070 [info] Got 0 sessions for ...
2025-03-11 09:58:55.070 [info] Getting sessions for all scopes...
2025-03-11 09:58:55.070 [info] Got 0 sessions for ...
2025-03-11 09:58:56.185 [info] Getting sessions for read:user,repo,user:email,workflow...
2025-03-11 09:58:56.185 [info] Got 0 sessions for read:user,repo,user:email,workflow...
2025-03-13 16:15:42.128 [info] Getting sessions for read:user,repo,user:email,workflow...
2025-03-13 16:15:42.129 [info] Got 0 sessions for read:user,repo,user:email,workflow...
2025-03-13 16:19:45.461 [info] Getting sessions for read:user,repo,user:email,workflow...
2025-03-13 16:19:45.461 [info] Got 0 sessions for read:user,repo,user:email,workflow...
2025-03-13 16:19:49.275 [info] Logging in with 'any' account...
2025-03-13 16:19:49.275 [info] Logging in for the following scopes: read:user repo user:email workflow
2025-03-13 16:19:49.281 [info] Trying device code flow... (read:user repo user:email workflow)
2025-03-13 16:20:22.731 [info] Getting user info...
2025-03-13 16:20:22.977 [info] Got account info!
2025-03-13 16:20:22.977 [info] Storing 1 sessions...
2025-03-13 16:20:22.980 [info] Reading sessions from keychain...
2025-03-13 16:20:22.980 [info] Stored 1 sessions!
2025-03-13 16:20:22.980 [info] Login success!
2025-03-13 16:20:23.038 [info] Got stored sessions!
2025-03-13 16:20:23.038 [info] Got 1 verified sessions.
2025-03-13 16:20:23.228 [info] Getting sessions for read:user,repo,user:email,workflow...
2025-03-13 16:20:23.228 [info] Got 1 sessions for read:user,repo,user:email,workflow...
2025-03-13 16:20:23.271 [info] Getting sessions for read:user,repo,user:email,workflow...
2025-03-13 16:20:23.271 [info] Got 1 sessions for read:user,repo,user:email,workflow...
2025-03-13 16:20:26.640 [info] Getting sessions for read:user,repo,user:email,workflow...
2025-03-13 16:20:26.640 [info] Got 1 sessions for read:user,repo,user:email,workflow...
2025-03-13 16:20:26.831 [info] Getting sessions for read:user,repo,user:email,workflow...
2025-03-13 16:20:26.831 [info] Got 1 sessions for read:user,repo,user:email,workflow...
2025-03-13 16:44:26.892 [info] Getting sessions for read:user,repo,user:email,workflow...
2025-03-13 16:44:26.892 [info] Got 1 sessions for read:user,repo,user:email,workflow...
2025-03-13 16:51:47.829 [info] Getting sessions for read:user,repo,user:email,workflow...
2025-03-13 16:51:47.829 [info] Got 1 sessions for read:user,repo,user:email,workflow...
