2025-03-02 20:21:48.936 [info] [main] Log level: Info
2025-03-02 20:21:48.936 [info] [main] Validating found git in: "git"
2025-03-02 20:21:48.936 [info] [main] Using git "2.48.1" from "git"
2025-03-02 20:21:48.936 [info] [Model][doInitialScan] Initial repository scan started
2025-03-02 20:21:48.936 [info] > git rev-parse --show-toplevel [6ms]
2025-03-02 20:21:48.936 [info] fatal: not a git repository (or any parent up to mount point /)
Stopping at filesystem boundary (GIT_DISCOVERY_ACROSS_FILESYSTEM not set).
2025-03-02 20:21:48.936 [info] > git rev-parse --show-toplevel [66ms]
2025-03-02 20:21:48.936 [info] fatal: not a git repository (or any parent up to mount point /)
Stopping at filesystem boundary (GIT_DISCOVERY_ACROSS_FILESYSTEM not set).
2025-03-02 20:21:48.937 [info] > git rev-parse --show-toplevel [4ms]
2025-03-02 20:21:48.937 [info] fatal: not a git repository (or any parent up to mount point /)
Stopping at filesystem boundary (GIT_DISCOVERY_ACROSS_FILESYSTEM not set).
2025-03-02 20:21:48.938 [info] [Model][doInitialScan] Initial repository scan completed - repositories (0), closed repositories (0), parent repositories (0), unsafe repositories (0)
2025-03-02 20:21:50.228 [info] > git rev-parse --show-toplevel [2ms]
2025-03-02 20:21:50.228 [info] fatal: not a git repository (or any parent up to mount point /)
Stopping at filesystem boundary (GIT_DISCOVERY_ACROSS_FILESYSTEM not set).
2025-03-02 20:21:50.573 [info] > git rev-parse --show-toplevel [5ms]
2025-03-02 20:21:50.573 [info] fatal: not a git repository (or any parent up to mount point /)
Stopping at filesystem boundary (GIT_DISCOVERY_ACROSS_FILESYSTEM not set).
2025-03-02 20:22:10.917 [info] > git rev-parse --show-toplevel [2ms]
2025-03-02 20:22:10.917 [info] fatal: not a git repository (or any parent up to mount point /)
Stopping at filesystem boundary (GIT_DISCOVERY_ACROSS_FILESYSTEM not set).
