2025-03-16 15:20:04.711 [warning] Via 'product.json#extensionEnabledApiProposals' extension 'ms-vscode.vscode-selfhost-test-provider' wants API proposal 'attributableCoverage' but that proposal DOES NOT EXIST. Likely, the proposal has been finalized (check 'vscode.d.ts') or was abandoned.
2025-03-16 15:20:04.712 [warning] Via 'product.json#extensionEnabledApiProposals' extension 'ms-python.python' wants API proposal 'contribIssueReporter' but that proposal DOES NOT EXIST. Likely, the proposal has been finalized (check 'vscode.d.ts') or was abandoned.
2025-03-16 15:20:04.712 [warning] Via 'product.json#extensionEnabledApiProposals' extension 'ms-python.debugpy' wants API proposal 'contribIssueReporter' but that proposal DOES NOT EXIST. Likely, the proposal has been finalized (check 'vscode.d.ts') or was abandoned.
2025-03-16 15:20:04.713 [warning] Via 'product.json#extensionEnabledApiProposals' extension 'redhat.java' wants API proposal 'documentPaste' but that proposal DOES NOT EXIST. Likely, the proposal has been finalized (check 'vscode.d.ts') or was abandoned.
2025-03-16 15:20:05.398 [info] Started local extension host with pid 1331782.
2025-03-16 15:20:08.356 [info] [perf] Render performance baseline is 39ms
2025-03-16 17:14:01.635 [error] An unknown error occurred. Please consult the log for more details.
2025-03-16 17:20:50.127 [error] An unknown error occurred. Please consult the log for more details.
2025-03-16 18:34:41.066 [error] An unknown error occurred. Please consult the log for more details.
2025-03-16 18:34:47.628 [error] An unknown error occurred. Please consult the log for more details.
2025-03-16 18:34:51.616 [error] Error: The editor could not be opened because the file was not found.
    at rbe.handleSetInputError (vscode-file://vscode-app/opt/vscodium-bin/resources/app/out/vs/workbench/workbench.desktop.main.js:2107:138504)
    at async rbe.setInput (vscode-file://vscode-app/opt/vscodium-bin/resources/app/out/vs/workbench/workbench.desktop.main.js:2107:137516)
    at async P2e.doSetInput (vscode-file://vscode-app/opt/vscodium-bin/resources/app/out/vs/workbench/workbench.desktop.main.js:526:25289)
    at async P2e.doOpenEditor (vscode-file://vscode-app/opt/vscodium-bin/resources/app/out/vs/workbench/workbench.desktop.main.js:526:23043)
    at async P2e.openEditor (vscode-file://vscode-app/opt/vscodium-bin/resources/app/out/vs/workbench/workbench.desktop.main.js:526:21970)
    at async vscode-file://vscode-app/opt/vscodium-bin/resources/app/out/vs/workbench/workbench.desktop.main.js:638:31972
    at async H9e.doOpenCodeEditor (vscode-file://vscode-app/opt/vscodium-bin/resources/app/out/vs/workbench/workbench.desktop.main.js:1250:36700)
    at async H9e.openCodeEditor (vscode-file://vscode-app/opt/vscodium-bin/resources/app/out/vs/workbench/workbench.desktop.main.js:1250:25466)
    at async w$e.open (vscode-file://vscode-app/opt/vscodium-bin/resources/app/out/vs/workbench/workbench.desktop.main.js:1310:675)
    at async y$e.open (vscode-file://vscode-app/opt/vscodium-bin/resources/app/out/vs/workbench/workbench.desktop.main.js:1310:1945)
2025-03-16 18:35:05.726 [error] Error: The editor could not be opened because the file was not found.
    at rbe.handleSetInputError (vscode-file://vscode-app/opt/vscodium-bin/resources/app/out/vs/workbench/workbench.desktop.main.js:2107:138504)
    at async rbe.setInput (vscode-file://vscode-app/opt/vscodium-bin/resources/app/out/vs/workbench/workbench.desktop.main.js:2107:137516)
    at async P2e.doSetInput (vscode-file://vscode-app/opt/vscodium-bin/resources/app/out/vs/workbench/workbench.desktop.main.js:526:25289)
    at async P2e.doOpenEditor (vscode-file://vscode-app/opt/vscodium-bin/resources/app/out/vs/workbench/workbench.desktop.main.js:526:23043)
    at async P2e.openEditor (vscode-file://vscode-app/opt/vscodium-bin/resources/app/out/vs/workbench/workbench.desktop.main.js:526:21970)
    at async vscode-file://vscode-app/opt/vscodium-bin/resources/app/out/vs/workbench/workbench.desktop.main.js:638:31972
    at async H9e.doOpenCodeEditor (vscode-file://vscode-app/opt/vscodium-bin/resources/app/out/vs/workbench/workbench.desktop.main.js:1250:36700)
    at async H9e.openCodeEditor (vscode-file://vscode-app/opt/vscodium-bin/resources/app/out/vs/workbench/workbench.desktop.main.js:1250:25466)
    at async w$e.open (vscode-file://vscode-app/opt/vscodium-bin/resources/app/out/vs/workbench/workbench.desktop.main.js:1310:675)
    at async y$e.open (vscode-file://vscode-app/opt/vscodium-bin/resources/app/out/vs/workbench/workbench.desktop.main.js:1310:1945)
2025-03-16 18:35:25.586 [error] Error: The editor could not be opened because the file was not found.
    at rbe.handleSetInputError (vscode-file://vscode-app/opt/vscodium-bin/resources/app/out/vs/workbench/workbench.desktop.main.js:2107:138504)
    at async rbe.setInput (vscode-file://vscode-app/opt/vscodium-bin/resources/app/out/vs/workbench/workbench.desktop.main.js:2107:137516)
    at async P2e.doSetInput (vscode-file://vscode-app/opt/vscodium-bin/resources/app/out/vs/workbench/workbench.desktop.main.js:526:25289)
    at async P2e.doOpenEditor (vscode-file://vscode-app/opt/vscodium-bin/resources/app/out/vs/workbench/workbench.desktop.main.js:526:23043)
    at async P2e.openEditor (vscode-file://vscode-app/opt/vscodium-bin/resources/app/out/vs/workbench/workbench.desktop.main.js:526:21970)
    at async vscode-file://vscode-app/opt/vscodium-bin/resources/app/out/vs/workbench/workbench.desktop.main.js:638:31972
    at async H9e.doOpenCodeEditor (vscode-file://vscode-app/opt/vscodium-bin/resources/app/out/vs/workbench/workbench.desktop.main.js:1250:36700)
    at async H9e.openCodeEditor (vscode-file://vscode-app/opt/vscodium-bin/resources/app/out/vs/workbench/workbench.desktop.main.js:1250:25466)
    at async w$e.open (vscode-file://vscode-app/opt/vscodium-bin/resources/app/out/vs/workbench/workbench.desktop.main.js:1310:675)
    at async y$e.open (vscode-file://vscode-app/opt/vscodium-bin/resources/app/out/vs/workbench/workbench.desktop.main.js:1310:1945)
2025-03-16 18:35:30.887 [error] An unknown error occurred. Please consult the log for more details.
2025-03-16 18:35:31.538 [error] Error: The editor could not be opened because the file was not found.
    at rbe.handleSetInputError (vscode-file://vscode-app/opt/vscodium-bin/resources/app/out/vs/workbench/workbench.desktop.main.js:2107:138504)
    at async rbe.setInput (vscode-file://vscode-app/opt/vscodium-bin/resources/app/out/vs/workbench/workbench.desktop.main.js:2107:137516)
    at async P2e.doSetInput (vscode-file://vscode-app/opt/vscodium-bin/resources/app/out/vs/workbench/workbench.desktop.main.js:526:25289)
    at async P2e.doOpenEditor (vscode-file://vscode-app/opt/vscodium-bin/resources/app/out/vs/workbench/workbench.desktop.main.js:526:23043)
    at async P2e.openEditor (vscode-file://vscode-app/opt/vscodium-bin/resources/app/out/vs/workbench/workbench.desktop.main.js:526:21970)
    at async vscode-file://vscode-app/opt/vscodium-bin/resources/app/out/vs/workbench/workbench.desktop.main.js:638:31972
    at async H9e.doOpenCodeEditor (vscode-file://vscode-app/opt/vscodium-bin/resources/app/out/vs/workbench/workbench.desktop.main.js:1250:36700)
    at async H9e.openCodeEditor (vscode-file://vscode-app/opt/vscodium-bin/resources/app/out/vs/workbench/workbench.desktop.main.js:1250:25466)
    at async w$e.open (vscode-file://vscode-app/opt/vscodium-bin/resources/app/out/vs/workbench/workbench.desktop.main.js:1310:675)
    at async y$e.open (vscode-file://vscode-app/opt/vscodium-bin/resources/app/out/vs/workbench/workbench.desktop.main.js:1310:1945)
2025-03-16 18:36:17.785 [error] An unknown error occurred. Please consult the log for more details.
2025-03-16 18:36:26.481 [error] An unknown error occurred. Please consult the log for more details.
2025-03-16 18:36:27.700 [error] An unknown error occurred. Please consult the log for more details.
2025-03-16 18:36:30.384 [error] An unknown error occurred. Please consult the log for more details.
2025-03-16 18:40:18.051 [error] An unknown error occurred. Please consult the log for more details.
2025-03-16 18:40:19.288 [error] An unknown error occurred. Please consult the log for more details.
2025-03-16 20:06:28.413 [error] An unknown error occurred. Please consult the log for more details.
2025-03-16 20:07:30.572 [error] An unknown error occurred. Please consult the log for more details.
2025-03-16 20:07:39.017 [error] An unknown error occurred. Please consult the log for more details.
2025-03-16 20:07:48.716 [error] An unknown error occurred. Please consult the log for more details.
2025-03-16 20:07:52.906 [error] An unknown error occurred. Please consult the log for more details.
2025-03-16 20:07:54.702 [error] An unknown error occurred. Please consult the log for more details.
2025-03-16 20:07:57.430 [error] An unknown error occurred. Please consult the log for more details.
2025-03-16 20:15:21.314 [error] An unknown error occurred. Please consult the log for more details.
2025-03-16 20:24:05.518 [error] An unknown error occurred. Please consult the log for more details.
2025-03-16 20:24:08.104 [error] An unknown error occurred. Please consult the log for more details.
2025-03-16 20:28:26.999 [error] An unknown error occurred. Please consult the log for more details.
2025-03-16 20:28:34.570 [error] An unknown error occurred. Please consult the log for more details.
2025-03-16 20:28:37.527 [error] An unknown error occurred. Please consult the log for more details.
2025-03-16 20:28:39.642 [error] An unknown error occurred. Please consult the log for more details.
2025-03-16 20:28:58.691 [error] An unknown error occurred. Please consult the log for more details.
2025-03-16 20:29:00.832 [error] An unknown error occurred. Please consult the log for more details.
2025-03-16 20:36:38.293 [error] An unknown error occurred. Please consult the log for more details.
2025-03-16 20:36:45.902 [error] An unknown error occurred. Please consult the log for more details.
2025-03-16 20:36:53.809 [error] An unknown error occurred. Please consult the log for more details.
2025-03-16 20:37:01.856 [error] An unknown error occurred. Please consult the log for more details.
2025-03-16 20:47:11.505 [error] An unknown error occurred. Please consult the log for more details.
2025-03-16 20:47:38.132 [error] An unknown error occurred. Please consult the log for more details.
2025-03-17 13:25:32.065 [info] Started local extension host with pid 1422366.
2025-03-17 13:25:32.155 [error] Error: The editor could not be opened because the file was not found.
    at rbe.handleSetInputError (vscode-file://vscode-app/opt/vscodium-bin/resources/app/out/vs/workbench/workbench.desktop.main.js:2107:138504)
    at async rbe.setInput (vscode-file://vscode-app/opt/vscodium-bin/resources/app/out/vs/workbench/workbench.desktop.main.js:2107:137516)
    at async P2e.doSetInput (vscode-file://vscode-app/opt/vscodium-bin/resources/app/out/vs/workbench/workbench.desktop.main.js:526:25289)
    at async P2e.doOpenEditor (vscode-file://vscode-app/opt/vscodium-bin/resources/app/out/vs/workbench/workbench.desktop.main.js:526:23043)
    at async P2e.openEditor (vscode-file://vscode-app/opt/vscodium-bin/resources/app/out/vs/workbench/workbench.desktop.main.js:526:21970)
    at async vscode-file://vscode-app/opt/vscodium-bin/resources/app/out/vs/workbench/workbench.desktop.main.js:638:31972
