2025-03-02 20:22:57.101 [info] Extension host with pid 563371 started
2025-03-02 20:22:57.101 [info] Skipping acquiring lock for /home/dillan/.config/VSCodium/User/workspaceStorage/bcb29011b6a593a7655e40de5d8e1993.
2025-03-02 20:22:57.231 [info] ExtensionService#_doActivateExtension vscode.emmet, startup: false, activationEvent: 'onLanguage'
2025-03-02 20:22:57.246 [info] ExtensionService#_doActivateExtension redhat.java, startup: false, activationEvent: 'onLanguage:java'
2025-03-02 20:22:57.419 [warning] [redhat.java] Accessing a resource scoped configuration without providing a resource is not expected. To get the effective value for '[java]', provide the URI of a resource or 'null' for any resource.
2025-03-02 20:22:57.450 [info] ExtensionService#_doActivateExtension vscode.git-base, startup: true, activationEvent: '*', root cause: vscode.git
2025-03-02 20:22:57.451 [info] ExtensionService#_doActivateExtension christian-kohler.path-intellisense, startup: true, activationEvent: '*'
2025-03-02 20:22:57.479 [info] ExtensionService#_doActivateExtension vscode.git, startup: true, activationEvent: '*'
2025-03-02 20:22:57.538 [info] ExtensionService#_doActivateExtension vscode.github, startup: true, activationEvent: '*'
2025-03-02 20:22:57.586 [warning] [redhat.java] Accessing a resource scoped configuration without providing a resource is not expected. To get the effective value for '[java]', provide the URI of a resource or 'null' for any resource.
2025-03-02 20:22:57.617 [info] Eager extensions activated
2025-03-02 20:22:57.652 [info] ExtensionService#_doActivateExtension vscode.debug-auto-launch, startup: false, activationEvent: 'onStartupFinished'
2025-03-02 20:22:57.654 [info] ExtensionService#_doActivateExtension vscode.merge-conflict, startup: false, activationEvent: 'onStartupFinished'
2025-03-02 20:22:57.675 [info] ExtensionService#_doActivateExtension ecmel.vscode-html-css, startup: false, activationEvent: 'onStartupFinished'
2025-03-02 20:22:57.677 [info] ExtensionService#_doActivateExtension esbenp.prettier-vscode, startup: false, activationEvent: 'onStartupFinished'
2025-03-02 20:22:57.742 [info] ExtensionService#_doActivateExtension vadimcn.vscode-lldb, startup: false, activationEvent: 'onStartupFinished', root cause: franneck94.vscode-c-cpp-config
2025-03-02 20:22:57.754 [info] ExtensionService#_doActivateExtension PKief.material-icon-theme, startup: false, activationEvent: 'onStartupFinished'
2025-03-02 20:22:57.769 [info] ExtensionService#_doActivateExtension streetsidesoftware.code-spell-checker, startup: false, activationEvent: 'onStartupFinished'
2025-03-02 20:22:57.947 [info] ExtensionService#_doActivateExtension franneck94.vscode-c-cpp-config, startup: false, activationEvent: 'onStartupFinished'
2025-03-03 10:50:39.268 [info] ExtensionService#_doActivateExtension vscode.references-view, startup: false, activationEvent: 'onCommand:references-view.findReferences'
2025-03-03 10:51:05.703 [error] [redhat.java] provider FAILED
2025-03-03 10:51:05.721 [error] Error: The request (id: 623, method: 'textDocument/hover') has been cancelled
	at /home/dillan/.vscode-oss/extensions/redhat.java-1.39.0-linux-x64/dist/extension.js:2:1066478
	at re (/home/dillan/.vscode-oss/extensions/redhat.java-1.39.0-linux-x64/dist/extension.js:2:1066772)
	at /home/dillan/.vscode-oss/extensions/redhat.java-1.39.0-linux-x64/dist/extension.js:2:1061556
	at Immediate.<anonymous> (/home/dillan/.vscode-oss/extensions/redhat.java-1.39.0-linux-x64/dist/extension.js:2:1061576)
	at process.processImmediate (node:internal/timers:483:21)
2025-03-03 10:51:17.251 [error] [redhat.java] provider FAILED
2025-03-03 10:51:17.251 [error] Error: The request (id: 633, method: 'textDocument/hover') has been cancelled
	at /home/dillan/.vscode-oss/extensions/redhat.java-1.39.0-linux-x64/dist/extension.js:2:1066478
	at re (/home/dillan/.vscode-oss/extensions/redhat.java-1.39.0-linux-x64/dist/extension.js:2:1066772)
	at /home/dillan/.vscode-oss/extensions/redhat.java-1.39.0-linux-x64/dist/extension.js:2:1061556
	at Immediate.<anonymous> (/home/dillan/.vscode-oss/extensions/redhat.java-1.39.0-linux-x64/dist/extension.js:2:1061576)
	at process.processImmediate (node:internal/timers:483:21)
2025-03-03 10:51:25.067 [error] [redhat.java] provider FAILED
2025-03-03 10:51:25.068 [error] Error: The request (id: 637, method: 'textDocument/hover') has been cancelled
	at /home/dillan/.vscode-oss/extensions/redhat.java-1.39.0-linux-x64/dist/extension.js:2:1066478
	at re (/home/dillan/.vscode-oss/extensions/redhat.java-1.39.0-linux-x64/dist/extension.js:2:1066772)
	at /home/dillan/.vscode-oss/extensions/redhat.java-1.39.0-linux-x64/dist/extension.js:2:1061556
	at Immediate.<anonymous> (/home/dillan/.vscode-oss/extensions/redhat.java-1.39.0-linux-x64/dist/extension.js:2:1061576)
	at process.processImmediate (node:internal/timers:483:21)
2025-03-03 13:22:41.601 [info] Extension host terminating: renderer closed the MessagePort
2025-03-03 13:22:41.647 [info] Extension host with pid 563371 exiting with code 0
