2025-03-10 14:37:18.007 [info] [main] Log level: Info
2025-03-10 14:37:18.007 [info] [main] Validating found git in: "git"
2025-03-10 14:37:18.007 [info] [main] Using git "2.48.1" from "git"
2025-03-10 14:37:18.007 [info] [Model][doInitialScan] Initial repository scan started
2025-03-10 14:37:18.007 [info] > git rev-parse --show-toplevel [8ms]
2025-03-10 14:37:18.007 [info] > git rev-parse --git-dir --git-common-dir [62ms]
2025-03-10 14:37:18.007 [info] [Model][openRepository] Opened repository: /home/dillan/OneDrive_dsuon/webpage
2025-03-10 14:37:18.031 [info] > git rev-parse --show-toplevel [5ms]
2025-03-10 14:37:18.031 [info] > git config --get commit.template [15ms]
2025-03-10 14:37:18.058 [info] [Git][getRemotes] No remotes found in the git config file
2025-03-10 14:37:18.061 [info] > git for-each-ref --format=%(refname)%00%(upstream:short)%00%(objectname)%00%(upstream:track)%00%(upstream:remotename)%00%(upstream:remoteref) refs/heads/master refs/remotes/master [3ms]
2025-03-10 14:37:18.083 [info] > git rev-parse --show-toplevel [37ms]
2025-03-10 14:37:18.095 [info] > git status -z -uall [22ms]
2025-03-10 14:37:18.106 [info] > git rev-parse --show-toplevel [12ms]
2025-03-10 14:37:18.106 [info] > git for-each-ref --sort -committerdate --format %(refname) %(objectname) %(*objectname) [23ms]
2025-03-10 14:37:18.145 [info] > git for-each-ref --format=%(refname)%00%(upstream:short)%00%(objectname)%00%(upstream:track)%00%(upstream:remotename)%00%(upstream:remoteref) refs/heads/master refs/remotes/master [23ms]
2025-03-10 14:37:18.160 [info] > git config --get --local branch.master.vscode-merge-base [5ms]
2025-03-10 14:37:18.160 [warning] [Git][config] git config failed: Failed to execute git
2025-03-10 14:37:18.170 [info] > git config --get commit.template [26ms]
2025-03-10 14:37:18.170 [info] > git rev-parse --show-toplevel [35ms]
2025-03-10 14:37:18.185 [info] > git reflog master --grep-reflog=branch: Created from *. [15ms]
2025-03-10 14:37:18.197 [info] [Git][getRemotes] No remotes found in the git config file
2025-03-10 14:37:18.198 [info] > git rev-parse --show-toplevel [14ms]
2025-03-10 14:37:18.209 [info] > git for-each-ref --format=%(refname)%00%(upstream:short)%00%(objectname)%00%(upstream:track)%00%(upstream:remotename)%00%(upstream:remoteref) refs/heads/master refs/remotes/master [12ms]
2025-03-10 14:37:18.232 [info] > git status -z -uall [14ms]
2025-03-10 14:37:18.233 [info] > git for-each-ref --sort -committerdate --format %(refname) %(objectname) %(*objectname) [6ms]
2025-03-10 14:37:18.236 [info] > git rev-parse --show-toplevel [28ms]
2025-03-10 14:37:18.236 [info] [Model][doInitialScan] Initial repository scan completed - repositories (1), closed repositories (0), parent repositories (0), unsafe repositories (0)
2025-03-10 14:37:18.458 [info] > git show --textconv :css/portfolio.css [12ms]
2025-03-10 14:37:18.460 [info] > git ls-files --stage -- /home/dillan/OneDrive_dsuon/webpage/css/portfolio.css [2ms]
2025-03-10 14:37:18.471 [info] > git cat-file -s 88c5663c167bcc87afeab58874bb77e74c9db50e [2ms]
2025-03-10 14:37:18.513 [info] > git blame --root --incremental ca95d85b37ea876a2f8a1740afd5a5e7629d7487 -- /home/dillan/OneDrive_dsuon/webpage/css/portfolio.css [3ms]
2025-03-10 14:37:18.546 [info] > git check-ignore -v -z --stdin [2ms]
2025-03-10 14:40:45.828 [info] [Git][getRemotes] No remotes found in the git config file
2025-03-10 14:40:45.838 [info] > git for-each-ref --format=%(refname)%00%(upstream:short)%00%(objectname)%00%(upstream:track)%00%(upstream:remotename)%00%(upstream:remoteref) refs/heads/master refs/remotes/master [11ms]
2025-03-10 14:40:45.839 [info] > git config --get commit.template [22ms]
2025-03-10 14:40:45.867 [info] > git check-ignore -v -z --stdin [30ms]
2025-03-10 14:40:45.869 [info] > git status -z -uall [16ms]
2025-03-10 14:40:45.870 [info] > git for-each-ref --sort -committerdate --format %(refname) %(objectname) %(*objectname) [4ms]
2025-03-10 14:41:42.832 [info] > git show --textconv :css/portfolio.css [12ms]
2025-03-10 14:41:42.834 [info] > git ls-files --stage -- /home/dillan/OneDrive_dsuon/webpage/css/portfolio.css [2ms]
2025-03-10 14:41:42.846 [info] > git cat-file -s 88c5663c167bcc87afeab58874bb77e74c9db50e [2ms]
2025-03-10 14:58:35.090 [info] > git config --get commit.template [11ms]
2025-03-10 14:58:35.091 [info] > git for-each-ref --format=%(refname)%00%(upstream:short)%00%(objectname)%00%(upstream:track)%00%(upstream:remotename)%00%(upstream:remoteref) refs/heads/master refs/remotes/master [2ms]
2025-03-10 14:58:35.109 [info] > git status -z -uall [10ms]
2025-03-10 14:58:35.110 [info] > git for-each-ref --sort -committerdate --format %(refname) %(objectname) %(*objectname) [2ms]
2025-03-10 14:58:35.180 [info] > git ls-files --stage -- /home/dillan/OneDrive_dsuon/webpage/css/portfolio.css [2ms]
2025-03-10 14:58:35.192 [info] > git cat-file -s 88c5663c167bcc87afeab58874bb77e74c9db50e [2ms]
2025-03-10 14:58:35.206 [info] > git show --textconv :css/portfolio.css [2ms]
2025-03-10 14:58:40.842 [info] > git config --get commit.template [11ms]
2025-03-10 14:58:40.843 [info] > git for-each-ref --format=%(refname)%00%(upstream:short)%00%(objectname)%00%(upstream:track)%00%(upstream:remotename)%00%(upstream:remoteref) refs/heads/master refs/remotes/master [2ms]
2025-03-10 14:58:40.861 [info] > git status -z -uall [10ms]
2025-03-10 14:58:40.862 [info] > git for-each-ref --sort -committerdate --format %(refname) %(objectname) %(*objectname) [2ms]
2025-03-10 14:58:40.934 [info] > git ls-files --stage -- /home/dillan/OneDrive_dsuon/webpage/css/portfolio.css [3ms]
2025-03-10 14:58:40.944 [info] > git cat-file -s 88c5663c167bcc87afeab58874bb77e74c9db50e [2ms]
2025-03-10 14:58:40.957 [info] > git show --textconv :css/portfolio.css [2ms]
2025-03-10 15:02:09.299 [info] > git log --format=%H%n%aN%n%aE%n%at%n%ct%n%P%n%D%n%B -z --shortstat --diff-merges=first-parent -n50 --skip=0 --topo-order --decorate=full --stdin [102ms]
2025-03-10 15:02:22.034 [info] > git push -u origin master [8ms]
2025-03-10 15:02:22.034 [info] fatal: 'REMOTE-URL' does not appear to be a git repository
fatal: Could not read from remote repository.

Please make sure you have the correct access rights
and the repository exists.
2025-03-10 15:02:22.049 [info] > git config --get commit.template [2ms]
2025-03-10 15:02:22.061 [info] > git for-each-ref --format=%(refname)%00%(upstream:short)%00%(objectname)%00%(upstream:track)%00%(upstream:remotename)%00%(upstream:remoteref) refs/heads/master refs/remotes/master [2ms]
2025-03-10 15:02:22.082 [info] > git status -z -uall [11ms]
2025-03-10 15:02:22.084 [info] > git for-each-ref --sort -committerdate --format %(refname) %(objectname) %(*objectname) [2ms]
2025-03-10 15:02:35.973 [info] > git push -u origin master [8ms]
2025-03-10 15:02:35.973 [info] fatal: 'REMOTE-URL' does not appear to be a git repository
fatal: Could not read from remote repository.

Please make sure you have the correct access rights
and the repository exists.
2025-03-10 15:02:35.997 [info] > git config --get commit.template [11ms]
2025-03-10 15:02:35.999 [info] > git for-each-ref --format=%(refname)%00%(upstream:short)%00%(objectname)%00%(upstream:track)%00%(upstream:remotename)%00%(upstream:remoteref) refs/heads/master refs/remotes/master [2ms]
2025-03-10 15:02:36.022 [info] > git status -z -uall [13ms]
2025-03-10 15:02:36.024 [info] > git for-each-ref --sort -committerdate --format %(refname) %(objectname) %(*objectname) [2ms]
2025-03-10 15:04:04.598 [info] [Git][getRemotes] No remotes found in the git config file
2025-03-10 15:04:04.599 [info] > git config --get commit.template [12ms]
2025-03-10 15:04:04.600 [info] > git for-each-ref --format=%(refname)%00%(upstream:short)%00%(objectname)%00%(upstream:track)%00%(upstream:remotename)%00%(upstream:remoteref) refs/heads/master refs/remotes/master [2ms]
2025-03-10 15:04:04.621 [info] > git status -z -uall [12ms]
2025-03-10 15:04:04.623 [info] > git for-each-ref --sort -committerdate --format %(refname) %(objectname) %(*objectname) [2ms]
2025-03-10 15:04:11.736 [info] > git config --get commit.template [14ms]
2025-03-10 15:04:11.737 [info] > git for-each-ref --format=%(refname)%00%(upstream:short)%00%(objectname)%00%(upstream:track)%00%(upstream:remotename)%00%(upstream:remoteref) refs/heads/master refs/remotes/master [3ms]
2025-03-10 15:04:11.759 [info] > git status -z -uall [12ms]
2025-03-10 15:04:11.760 [info] > git for-each-ref --sort -committerdate --format %(refname) %(objectname) %(*objectname) [2ms]
2025-03-10 15:04:16.790 [info] > git config --get commit.template [14ms]
2025-03-10 15:04:16.791 [info] > git for-each-ref --format=%(refname)%00%(upstream:short)%00%(objectname)%00%(upstream:track)%00%(upstream:remotename)%00%(upstream:remoteref) refs/heads/master refs/remotes/master [2ms]
2025-03-10 15:04:16.811 [info] > git status -z -uall [11ms]
2025-03-10 15:04:16.812 [info] > git for-each-ref --sort -committerdate --format %(refname) %(objectname) %(*objectname) [2ms]
2025-03-10 15:04:26.803 [info] > git show --textconv :css/portfolio.css [12ms]
2025-03-10 15:04:26.805 [info] > git ls-files --stage -- /home/dillan/OneDrive_dsuon/webpage/css/portfolio.css [2ms]
2025-03-10 15:04:26.817 [info] > git cat-file -s 88c5663c167bcc87afeab58874bb77e74c9db50e [2ms]
2025-03-10 15:04:38.795 [info] > git push -u origin master [832ms]
2025-03-10 15:04:38.795 [info] fatal: https://github.com/DillanPie/Webpage#/info/refs not valid: is this a git repository?
2025-03-10 15:04:38.819 [info] > git config --get commit.template [11ms]
2025-03-10 15:04:38.820 [info] > git for-each-ref --format=%(refname)%00%(upstream:short)%00%(objectname)%00%(upstream:track)%00%(upstream:remotename)%00%(upstream:remoteref) refs/heads/master refs/remotes/master [2ms]
2025-03-10 15:04:38.842 [info] > git status -z -uall [11ms]
2025-03-10 15:04:38.844 [info] > git for-each-ref --sort -committerdate --format %(refname) %(objectname) %(*objectname) [2ms]
2025-03-10 15:06:10.114 [info] > git push -u origin master [608ms]
2025-03-10 15:06:10.114 [info] fatal: https://github.com/DillanPie/Webpage#/info/refs not valid: is this a git repository?
2025-03-10 15:06:10.142 [info] > git config --get commit.template [13ms]
2025-03-10 15:06:10.144 [info] > git for-each-ref --format=%(refname)%00%(upstream:short)%00%(objectname)%00%(upstream:track)%00%(upstream:remotename)%00%(upstream:remoteref) refs/heads/master refs/remotes/master [3ms]
2025-03-10 15:06:10.168 [info] > git status -z -uall [13ms]
2025-03-10 15:06:10.171 [info] > git for-each-ref --sort -committerdate --format %(refname) %(objectname) %(*objectname) [4ms]
2025-03-10 15:08:20.299 [info] > git check-ignore -v -z --stdin [2ms]
2025-03-10 15:08:20.835 [info] > git config --get commit.template [2ms]
2025-03-10 15:08:20.849 [info] > git for-each-ref --format=%(refname)%00%(upstream:short)%00%(objectname)%00%(upstream:track)%00%(upstream:remotename)%00%(upstream:remoteref) refs/heads/master refs/remotes/master [2ms]
2025-03-10 15:08:20.873 [info] > git status -z -uall [13ms]
2025-03-10 15:08:20.875 [info] > git for-each-ref --sort -committerdate --format %(refname) %(objectname) %(*objectname) [2ms]
2025-03-10 15:09:08.812 [info] > git show --textconv :css/resume-preview.css [11ms]
2025-03-10 15:09:08.824 [info] > git ls-files --stage -- /home/dillan/OneDrive_dsuon/webpage/css/resume-preview.css [13ms]
2025-03-10 15:09:08.836 [info] > git hash-object -t tree /dev/null [13ms]
2025-03-10 15:09:08.836 [warning] [GitFileSystemProvider][readFile] File not found - git:/home/dillan/OneDrive_dsuon/webpage/css/resume-preview.css.git?%7B%22path%22%3A%22%2Fhome%2Fdillan%2FOneDrive_dsuon%2Fwebpage%2Fcss%2Fresume-preview.css%22%2C%22ref%22%3A%22%22%7D
2025-03-10 15:09:08.839 [info] > git hash-object -t tree /dev/null [4ms]
2025-03-10 15:09:08.839 [warning] [GitFileSystemProvider][stat] File not found - git:/home/dillan/OneDrive_dsuon/webpage/css/resume-preview.css.git?%7B%22path%22%3A%22%2Fhome%2Fdillan%2FOneDrive_dsuon%2Fwebpage%2Fcss%2Fresume-preview.css%22%2C%22ref%22%3A%22%22%7D
2025-03-10 15:09:09.079 [info] > git check-ignore -v -z --stdin [2ms]
2025-03-10 15:09:09.671 [info] > git config --get commit.template [12ms]
2025-03-10 15:09:09.672 [info] > git for-each-ref --format=%(refname)%00%(upstream:short)%00%(objectname)%00%(upstream:track)%00%(upstream:remotename)%00%(upstream:remoteref) refs/heads/master refs/remotes/master [3ms]
2025-03-10 15:09:09.695 [info] > git status -z -uall [13ms]
2025-03-10 15:09:09.697 [info] > git for-each-ref --sort -committerdate --format %(refname) %(objectname) %(*objectname) [3ms]
2025-03-10 15:09:44.460 [info] > git config --get commit.template [13ms]
2025-03-10 15:09:44.461 [info] > git for-each-ref --format=%(refname)%00%(upstream:short)%00%(objectname)%00%(upstream:track)%00%(upstream:remotename)%00%(upstream:remoteref) refs/heads/master refs/remotes/master [3ms]
2025-03-10 15:09:44.482 [info] > git status -z -uall [10ms]
2025-03-10 15:09:44.484 [info] > git for-each-ref --sort -committerdate --format %(refname) %(objectname) %(*objectname) [2ms]
2025-03-10 15:09:49.503 [info] > git config --get commit.template [2ms]
2025-03-10 15:09:49.517 [info] > git for-each-ref --format=%(refname)%00%(upstream:short)%00%(objectname)%00%(upstream:track)%00%(upstream:remotename)%00%(upstream:remoteref) refs/heads/master refs/remotes/master [3ms]
2025-03-10 15:09:49.540 [info] > git status -z -uall [13ms]
2025-03-10 15:09:49.542 [info] > git for-each-ref --sort -committerdate --format %(refname) %(objectname) %(*objectname) [3ms]
2025-03-10 15:10:01.187 [info] > git config --get commit.template [11ms]
2025-03-10 15:10:01.187 [info] > git for-each-ref --format=%(refname)%00%(upstream:short)%00%(objectname)%00%(upstream:track)%00%(upstream:remotename)%00%(upstream:remoteref) refs/heads/master refs/remotes/master [3ms]
2025-03-10 15:10:01.205 [info] > git status -z -uall [10ms]
2025-03-10 15:10:01.207 [info] > git for-each-ref --sort -committerdate --format %(refname) %(objectname) %(*objectname) [3ms]
2025-03-10 15:10:06.236 [info] > git config --get commit.template [12ms]
2025-03-10 15:10:06.238 [info] > git for-each-ref --format=%(refname)%00%(upstream:short)%00%(objectname)%00%(upstream:track)%00%(upstream:remotename)%00%(upstream:remoteref) refs/heads/master refs/remotes/master [2ms]
2025-03-10 15:10:06.259 [info] > git status -z -uall [12ms]
2025-03-10 15:10:06.261 [info] > git for-each-ref --sort -committerdate --format %(refname) %(objectname) %(*objectname) [3ms]
2025-03-10 15:11:05.432 [info] > git show --textconv :test.html [15ms]
2025-03-10 15:11:05.434 [info] > git ls-files --stage -- /home/dillan/OneDrive_dsuon/webpage/test.html [2ms]
2025-03-10 15:11:05.449 [info] > git cat-file -s 74e07e4ca1ea342626531b6198ed1a6b701ee3bb [3ms]
2025-03-10 15:11:05.477 [info] > git blame --root --incremental ca95d85b37ea876a2f8a1740afd5a5e7629d7487 -- /home/dillan/OneDrive_dsuon/webpage/test.html [3ms]
2025-03-10 15:11:45.528 [info] > git config --get commit.template [13ms]
2025-03-10 15:11:45.529 [info] > git for-each-ref --format=%(refname)%00%(upstream:short)%00%(objectname)%00%(upstream:track)%00%(upstream:remotename)%00%(upstream:remoteref) refs/heads/master refs/remotes/master [2ms]
2025-03-10 15:11:45.552 [info] > git status -z -uall [12ms]
2025-03-10 15:11:45.553 [info] > git for-each-ref --sort -committerdate --format %(refname) %(objectname) %(*objectname) [3ms]
2025-03-10 15:11:50.581 [info] > git config --get commit.template [12ms]
2025-03-10 15:11:50.582 [info] > git for-each-ref --format=%(refname)%00%(upstream:short)%00%(objectname)%00%(upstream:track)%00%(upstream:remotename)%00%(upstream:remoteref) refs/heads/master refs/remotes/master [2ms]
2025-03-10 15:11:50.603 [info] > git status -z -uall [12ms]
2025-03-10 15:11:50.604 [info] > git for-each-ref --sort -committerdate --format %(refname) %(objectname) %(*objectname) [2ms]
2025-03-10 15:11:58.584 [info] > git show --textconv :index.html [10ms]
2025-03-10 15:11:58.585 [info] > git ls-files --stage -- /home/dillan/OneDrive_dsuon/webpage/index.html [2ms]
2025-03-10 15:11:58.597 [info] > git cat-file -s 0607be59e54d686517c9eb9752dae953ed82d3d2 [2ms]
2025-03-10 15:11:58.615 [info] > git blame --root --incremental ca95d85b37ea876a2f8a1740afd5a5e7629d7487 -- /home/dillan/OneDrive_dsuon/webpage/index.html [3ms]
2025-03-10 15:13:03.804 [info] > git config --get commit.template [10ms]
2025-03-10 15:13:03.805 [info] > git for-each-ref --format=%(refname)%00%(upstream:short)%00%(objectname)%00%(upstream:track)%00%(upstream:remotename)%00%(upstream:remoteref) refs/heads/master refs/remotes/master [2ms]
2025-03-10 15:13:03.825 [info] > git status -z -uall [11ms]
2025-03-10 15:13:03.826 [info] > git for-each-ref --sort -committerdate --format %(refname) %(objectname) %(*objectname) [2ms]
2025-03-10 15:13:08.852 [info] > git config --get commit.template [10ms]
2025-03-10 15:13:08.853 [info] > git for-each-ref --format=%(refname)%00%(upstream:short)%00%(objectname)%00%(upstream:track)%00%(upstream:remotename)%00%(upstream:remoteref) refs/heads/master refs/remotes/master [2ms]
2025-03-10 15:13:08.872 [info] > git status -z -uall [11ms]
2025-03-10 15:13:08.873 [info] > git for-each-ref --sort -committerdate --format %(refname) %(objectname) %(*objectname) [3ms]
2025-03-10 15:13:13.898 [info] > git config --get commit.template [11ms]
2025-03-10 15:13:13.899 [info] > git for-each-ref --format=%(refname)%00%(upstream:short)%00%(objectname)%00%(upstream:track)%00%(upstream:remotename)%00%(upstream:remoteref) refs/heads/master refs/remotes/master [2ms]
2025-03-10 15:13:13.920 [info] > git status -z -uall [12ms]
2025-03-10 15:13:13.921 [info] > git for-each-ref --sort -committerdate --format %(refname) %(objectname) %(*objectname) [3ms]
2025-03-10 15:13:18.946 [info] > git config --get commit.template [11ms]
2025-03-10 15:13:18.948 [info] > git for-each-ref --format=%(refname)%00%(upstream:short)%00%(objectname)%00%(upstream:track)%00%(upstream:remotename)%00%(upstream:remoteref) refs/heads/master refs/remotes/master [3ms]
2025-03-10 15:13:18.969 [info] > git status -z -uall [11ms]
2025-03-10 15:13:18.971 [info] > git for-each-ref --sort -committerdate --format %(refname) %(objectname) %(*objectname) [3ms]
2025-03-10 15:13:50.353 [info] > git config --get commit.template [10ms]
2025-03-10 15:13:50.355 [info] > git for-each-ref --format=%(refname)%00%(upstream:short)%00%(objectname)%00%(upstream:track)%00%(upstream:remotename)%00%(upstream:remoteref) refs/heads/master refs/remotes/master [2ms]
2025-03-10 15:13:50.375 [info] > git status -z -uall [10ms]
2025-03-10 15:13:50.376 [info] > git for-each-ref --sort -committerdate --format %(refname) %(objectname) %(*objectname) [2ms]
2025-03-10 15:13:55.405 [info] > git config --get commit.template [13ms]
2025-03-10 15:13:55.407 [info] > git for-each-ref --format=%(refname)%00%(upstream:short)%00%(objectname)%00%(upstream:track)%00%(upstream:remotename)%00%(upstream:remoteref) refs/heads/master refs/remotes/master [3ms]
2025-03-10 15:13:55.428 [info] > git status -z -uall [10ms]
2025-03-10 15:13:55.430 [info] > git for-each-ref --sort -committerdate --format %(refname) %(objectname) %(*objectname) [2ms]
2025-03-10 15:14:01.266 [info] > git config --get commit.template [11ms]
2025-03-10 15:14:01.267 [info] > git for-each-ref --format=%(refname)%00%(upstream:short)%00%(objectname)%00%(upstream:track)%00%(upstream:remotename)%00%(upstream:remoteref) refs/heads/master refs/remotes/master [2ms]
2025-03-10 15:14:01.288 [info] > git status -z -uall [11ms]
2025-03-10 15:14:01.289 [info] > git for-each-ref --sort -committerdate --format %(refname) %(objectname) %(*objectname) [2ms]
2025-03-10 15:14:06.319 [info] > git config --get commit.template [11ms]
2025-03-10 15:14:06.320 [info] > git for-each-ref --format=%(refname)%00%(upstream:short)%00%(objectname)%00%(upstream:track)%00%(upstream:remotename)%00%(upstream:remoteref) refs/heads/master refs/remotes/master [2ms]
2025-03-10 15:14:06.341 [info] > git status -z -uall [11ms]
2025-03-10 15:14:06.343 [info] > git for-each-ref --sort -committerdate --format %(refname) %(objectname) %(*objectname) [3ms]
2025-03-10 15:15:25.274 [info] > git show --textconv :index.html [12ms]
2025-03-10 15:15:25.276 [info] > git ls-files --stage -- /home/dillan/OneDrive_dsuon/webpage/index.html [3ms]
2025-03-10 15:15:25.288 [info] > git cat-file -s 0607be59e54d686517c9eb9752dae953ed82d3d2 [2ms]
2025-03-10 15:15:45.285 [info] > git config --get commit.template [12ms]
2025-03-10 15:15:45.287 [info] > git for-each-ref --format=%(refname)%00%(upstream:short)%00%(objectname)%00%(upstream:track)%00%(upstream:remotename)%00%(upstream:remoteref) refs/heads/master refs/remotes/master [4ms]
2025-03-10 15:15:45.307 [info] > git status -z -uall [10ms]
2025-03-10 15:15:45.308 [info] > git for-each-ref --sort -committerdate --format %(refname) %(objectname) %(*objectname) [2ms]
2025-03-10 15:15:50.331 [info] > git config --get commit.template [2ms]
2025-03-10 15:15:50.346 [info] > git for-each-ref --format=%(refname)%00%(upstream:short)%00%(objectname)%00%(upstream:track)%00%(upstream:remotename)%00%(upstream:remoteref) refs/heads/master refs/remotes/master [2ms]
2025-03-10 15:15:50.373 [info] > git status -z -uall [13ms]
2025-03-10 15:15:50.374 [info] > git for-each-ref --sort -committerdate --format %(refname) %(objectname) %(*objectname) [2ms]
2025-03-10 15:17:18.594 [info] > git show --textconv :test.html [12ms]
2025-03-10 15:17:18.595 [info] > git ls-files --stage -- /home/dillan/OneDrive_dsuon/webpage/test.html [2ms]
2025-03-10 15:17:18.609 [info] > git cat-file -s 74e07e4ca1ea342626531b6198ed1a6b701ee3bb [2ms]
2025-03-10 15:19:09.674 [info] > git config --get commit.template [9ms]
2025-03-10 15:19:09.674 [info] > git for-each-ref --format=%(refname)%00%(upstream:short)%00%(objectname)%00%(upstream:track)%00%(upstream:remotename)%00%(upstream:remoteref) refs/heads/master refs/remotes/master [1ms]
2025-03-10 15:19:09.692 [info] > git status -z -uall [10ms]
2025-03-10 15:19:09.693 [info] > git for-each-ref --sort -committerdate --format %(refname) %(objectname) %(*objectname) [2ms]
2025-03-10 15:19:14.719 [info] > git config --get commit.template [10ms]
2025-03-10 15:19:14.721 [info] > git for-each-ref --format=%(refname)%00%(upstream:short)%00%(objectname)%00%(upstream:track)%00%(upstream:remotename)%00%(upstream:remoteref) refs/heads/master refs/remotes/master [2ms]
2025-03-10 15:19:14.739 [info] > git status -z -uall [11ms]
2025-03-10 15:19:14.741 [info] > git for-each-ref --sort -committerdate --format %(refname) %(objectname) %(*objectname) [2ms]
2025-03-10 15:19:22.673 [info] > git config --get commit.template [2ms]
2025-03-10 15:19:22.686 [info] > git for-each-ref --format=%(refname)%00%(upstream:short)%00%(objectname)%00%(upstream:track)%00%(upstream:remotename)%00%(upstream:remoteref) refs/heads/master refs/remotes/master [2ms]
2025-03-10 15:19:22.704 [info] > git status -z -uall [9ms]
2025-03-10 15:19:22.706 [info] > git for-each-ref --sort -committerdate --format %(refname) %(objectname) %(*objectname) [2ms]
2025-03-10 15:19:27.734 [info] > git config --get commit.template [10ms]
2025-03-10 15:19:27.735 [info] > git for-each-ref --format=%(refname)%00%(upstream:short)%00%(objectname)%00%(upstream:track)%00%(upstream:remotename)%00%(upstream:remoteref) refs/heads/master refs/remotes/master [2ms]
2025-03-10 15:19:27.754 [info] > git status -z -uall [11ms]
2025-03-10 15:19:27.755 [info] > git for-each-ref --sort -committerdate --format %(refname) %(objectname) %(*objectname) [3ms]
2025-03-10 15:20:12.301 [info] > git config --get commit.template [11ms]
2025-03-10 15:20:12.302 [info] > git for-each-ref --format=%(refname)%00%(upstream:short)%00%(objectname)%00%(upstream:track)%00%(upstream:remotename)%00%(upstream:remoteref) refs/heads/master refs/remotes/master [2ms]
2025-03-10 15:20:12.321 [info] > git status -z -uall [11ms]
2025-03-10 15:20:12.322 [info] > git for-each-ref --sort -committerdate --format %(refname) %(objectname) %(*objectname) [2ms]
2025-03-10 15:20:38.795 [info] > git config --get commit.template [10ms]
2025-03-10 15:20:38.797 [info] > git for-each-ref --format=%(refname)%00%(upstream:short)%00%(objectname)%00%(upstream:track)%00%(upstream:remotename)%00%(upstream:remoteref) refs/heads/master refs/remotes/master [2ms]
2025-03-10 15:20:38.817 [info] > git status -z -uall [11ms]
2025-03-10 15:20:38.818 [info] > git for-each-ref --sort -committerdate --format %(refname) %(objectname) %(*objectname) [2ms]
2025-03-10 15:20:43.850 [info] > git config --get commit.template [14ms]
2025-03-10 15:20:43.851 [info] > git for-each-ref --format=%(refname)%00%(upstream:short)%00%(objectname)%00%(upstream:track)%00%(upstream:remotename)%00%(upstream:remoteref) refs/heads/master refs/remotes/master [3ms]
2025-03-10 15:20:43.872 [info] > git status -z -uall [10ms]
2025-03-10 15:20:43.873 [info] > git for-each-ref --sort -committerdate --format %(refname) %(objectname) %(*objectname) [2ms]
2025-03-10 15:20:54.762 [info] > git config --get commit.template [13ms]
2025-03-10 15:20:54.764 [info] > git for-each-ref --format=%(refname)%00%(upstream:short)%00%(objectname)%00%(upstream:track)%00%(upstream:remotename)%00%(upstream:remoteref) refs/heads/master refs/remotes/master [3ms]
2025-03-10 15:20:54.787 [info] > git status -z -uall [12ms]
2025-03-10 15:20:54.789 [info] > git for-each-ref --sort -committerdate --format %(refname) %(objectname) %(*objectname) [3ms]
2025-03-10 15:20:59.815 [info] > git config --get commit.template [10ms]
2025-03-10 15:20:59.817 [info] > git for-each-ref --format=%(refname)%00%(upstream:short)%00%(objectname)%00%(upstream:track)%00%(upstream:remotename)%00%(upstream:remoteref) refs/heads/master refs/remotes/master [3ms]
2025-03-10 15:20:59.835 [info] > git status -z -uall [10ms]
2025-03-10 15:20:59.836 [info] > git for-each-ref --sort -committerdate --format %(refname) %(objectname) %(*objectname) [2ms]
2025-03-10 15:21:10.481 [info] > git show --textconv :css/portfolio.css [12ms]
2025-03-10 15:21:10.483 [info] > git ls-files --stage -- /home/dillan/OneDrive_dsuon/webpage/css/portfolio.css [2ms]
2025-03-10 15:21:10.496 [info] > git cat-file -s 88c5663c167bcc87afeab58874bb77e74c9db50e [3ms]
2025-03-10 15:21:21.998 [info] > git show --textconv :js/app.js [116ms]
2025-03-10 15:21:21.999 [info] > git ls-files --stage -- /home/dillan/OneDrive_dsuon/webpage/js/app.js [103ms]
2025-03-10 15:21:22.020 [info] > git cat-file -s f727cc15af6efe58fc21db4dcfc195e2a7c776fe [8ms]
2025-03-10 15:21:22.088 [info] > git blame --root --incremental ca95d85b37ea876a2f8a1740afd5a5e7629d7487 -- /home/dillan/OneDrive_dsuon/webpage/js/app.js [3ms]
2025-03-10 15:21:22.480 [info] > git show --textconv :test.html [17ms]
2025-03-10 15:21:22.481 [info] > git ls-files --stage -- /home/dillan/OneDrive_dsuon/webpage/test.html [4ms]
2025-03-10 15:21:22.497 [info] > git cat-file -s 74e07e4ca1ea342626531b6198ed1a6b701ee3bb [2ms]
2025-03-10 15:21:25.990 [info] > git show --textconv :index.html [13ms]
2025-03-10 15:21:25.992 [info] > git ls-files --stage -- /home/dillan/OneDrive_dsuon/webpage/index.html [3ms]
2025-03-10 15:21:26.005 [info] > git cat-file -s 0607be59e54d686517c9eb9752dae953ed82d3d2 [2ms]
2025-03-10 15:21:31.870 [info] > git show --textconv :test.html [13ms]
2025-03-10 15:21:31.872 [info] > git ls-files --stage -- /home/dillan/OneDrive_dsuon/webpage/test.html [2ms]
2025-03-10 15:21:31.886 [info] > git cat-file -s 74e07e4ca1ea342626531b6198ed1a6b701ee3bb [3ms]
2025-03-10 15:21:41.840 [info] > git show --textconv :index.html [13ms]
2025-03-10 15:21:41.841 [info] > git ls-files --stage -- /home/dillan/OneDrive_dsuon/webpage/index.html [2ms]
2025-03-10 15:21:41.854 [info] > git cat-file -s 0607be59e54d686517c9eb9752dae953ed82d3d2 [2ms]
2025-03-10 15:21:48.731 [info] > git config --get commit.template [11ms]
2025-03-10 15:21:48.732 [info] > git for-each-ref --format=%(refname)%00%(upstream:short)%00%(objectname)%00%(upstream:track)%00%(upstream:remotename)%00%(upstream:remoteref) refs/heads/master refs/remotes/master [2ms]
2025-03-10 15:21:48.754 [info] > git status -z -uall [12ms]
2025-03-10 15:21:48.755 [info] > git for-each-ref --sort -committerdate --format %(refname) %(objectname) %(*objectname) [3ms]
2025-03-10 15:21:53.789 [info] > git config --get commit.template [14ms]
2025-03-10 15:21:53.790 [info] > git for-each-ref --format=%(refname)%00%(upstream:short)%00%(objectname)%00%(upstream:track)%00%(upstream:remotename)%00%(upstream:remoteref) refs/heads/master refs/remotes/master [2ms]
2025-03-10 15:21:53.817 [info] > git status -z -uall [14ms]
2025-03-10 15:21:53.819 [info] > git for-each-ref --sort -committerdate --format %(refname) %(objectname) %(*objectname) [3ms]
2025-03-10 15:23:11.661 [info] > git show --textconv :index.html [13ms]
2025-03-10 15:23:11.663 [info] > git ls-files --stage -- /home/dillan/OneDrive_dsuon/webpage/index.html [2ms]
2025-03-10 15:23:11.676 [info] > git cat-file -s 0607be59e54d686517c9eb9752dae953ed82d3d2 [3ms]
2025-03-10 15:27:04.750 [info] > git config --get commit.template [12ms]
2025-03-10 15:27:04.751 [info] > git for-each-ref --format=%(refname)%00%(upstream:short)%00%(objectname)%00%(upstream:track)%00%(upstream:remotename)%00%(upstream:remoteref) refs/heads/master refs/remotes/master [2ms]
2025-03-10 15:27:04.772 [info] > git status -z -uall [11ms]
2025-03-10 15:27:04.773 [info] > git for-each-ref --sort -committerdate --format %(refname) %(objectname) %(*objectname) [3ms]
2025-03-10 15:27:09.800 [info] > git config --get commit.template [10ms]
2025-03-10 15:27:09.801 [info] > git for-each-ref --format=%(refname)%00%(upstream:short)%00%(objectname)%00%(upstream:track)%00%(upstream:remotename)%00%(upstream:remoteref) refs/heads/master refs/remotes/master [2ms]
2025-03-10 15:27:09.820 [info] > git status -z -uall [10ms]
2025-03-10 15:27:09.822 [info] > git for-each-ref --sort -committerdate --format %(refname) %(objectname) %(*objectname) [2ms]
2025-03-10 15:49:13.136 [info] > git show --textconv :startpage.html [13ms]
2025-03-10 15:49:13.139 [info] > git ls-files --stage -- /home/dillan/OneDrive_dsuon/webpage/startpage.html [4ms]
2025-03-10 15:49:13.154 [info] > git cat-file -s 5c132ca920c696b9370b8378490c321eadcdf71c [3ms]
2025-03-10 15:49:13.178 [info] > git blame --root --incremental ca95d85b37ea876a2f8a1740afd5a5e7629d7487 -- /home/dillan/OneDrive_dsuon/webpage/startpage.html [3ms]
2025-03-10 15:49:42.879 [info] > git config --get commit.template [10ms]
2025-03-10 15:49:42.881 [info] > git for-each-ref --format=%(refname)%00%(upstream:short)%00%(objectname)%00%(upstream:track)%00%(upstream:remotename)%00%(upstream:remoteref) refs/heads/master refs/remotes/master [2ms]
2025-03-10 15:49:42.900 [info] > git status -z -uall [11ms]
2025-03-10 15:49:42.901 [info] > git for-each-ref --sort -committerdate --format %(refname) %(objectname) %(*objectname) [2ms]
2025-03-10 15:49:47.929 [info] > git config --get commit.template [11ms]
2025-03-10 15:49:47.931 [info] > git for-each-ref --format=%(refname)%00%(upstream:short)%00%(objectname)%00%(upstream:track)%00%(upstream:remotename)%00%(upstream:remoteref) refs/heads/master refs/remotes/master [3ms]
2025-03-10 15:49:47.951 [info] > git status -z -uall [11ms]
2025-03-10 15:49:47.953 [info] > git for-each-ref --sort -committerdate --format %(refname) %(objectname) %(*objectname) [2ms]
2025-03-10 15:50:19.700 [info] > git show --textconv :index.html [13ms]
2025-03-10 15:50:19.701 [info] > git ls-files --stage -- /home/dillan/OneDrive_dsuon/webpage/index.html [2ms]
2025-03-10 15:50:19.715 [info] > git cat-file -s 0607be59e54d686517c9eb9752dae953ed82d3d2 [3ms]
2025-03-10 15:50:53.433 [info] > git config --get commit.template [12ms]
2025-03-10 15:50:53.434 [info] > git for-each-ref --format=%(refname)%00%(upstream:short)%00%(objectname)%00%(upstream:track)%00%(upstream:remotename)%00%(upstream:remoteref) refs/heads/master refs/remotes/master [2ms]
2025-03-10 15:50:53.455 [info] > git status -z -uall [11ms]
2025-03-10 15:50:53.457 [info] > git for-each-ref --sort -committerdate --format %(refname) %(objectname) %(*objectname) [3ms]
2025-03-10 15:50:58.485 [info] > git config --get commit.template [11ms]
2025-03-10 15:50:58.487 [info] > git for-each-ref --format=%(refname)%00%(upstream:short)%00%(objectname)%00%(upstream:track)%00%(upstream:remotename)%00%(upstream:remoteref) refs/heads/master refs/remotes/master [2ms]
2025-03-10 15:50:58.507 [info] > git status -z -uall [12ms]
2025-03-10 15:50:58.508 [info] > git for-each-ref --sort -committerdate --format %(refname) %(objectname) %(*objectname) [2ms]
2025-03-10 15:52:49.528 [info] > git config --get commit.template [14ms]
2025-03-10 15:52:49.529 [info] > git for-each-ref --format=%(refname)%00%(upstream:short)%00%(objectname)%00%(upstream:track)%00%(upstream:remotename)%00%(upstream:remoteref) refs/heads/master refs/remotes/master [2ms]
2025-03-10 15:52:49.550 [info] > git status -z -uall [12ms]
2025-03-10 15:52:49.551 [info] > git for-each-ref --sort -committerdate --format %(refname) %(objectname) %(*objectname) [2ms]
2025-03-10 15:54:06.993 [info] > git show --textconv :startpage.html [11ms]
2025-03-10 15:54:06.994 [info] > git ls-files --stage -- /home/dillan/OneDrive_dsuon/webpage/startpage.html [2ms]
2025-03-10 15:54:07.006 [info] > git cat-file -s 5c132ca920c696b9370b8378490c321eadcdf71c [3ms]
2025-03-10 15:54:55.575 [info] > git config --get commit.template [11ms]
2025-03-10 15:54:55.576 [info] > git for-each-ref --format=%(refname)%00%(upstream:short)%00%(objectname)%00%(upstream:track)%00%(upstream:remotename)%00%(upstream:remoteref) refs/heads/master refs/remotes/master [2ms]
2025-03-10 15:54:55.597 [info] > git status -z -uall [10ms]
2025-03-10 15:54:55.598 [info] > git for-each-ref --sort -committerdate --format %(refname) %(objectname) %(*objectname) [2ms]
2025-03-10 15:55:00.624 [info] > git config --get commit.template [10ms]
2025-03-10 15:55:00.625 [info] > git for-each-ref --format=%(refname)%00%(upstream:short)%00%(objectname)%00%(upstream:track)%00%(upstream:remotename)%00%(upstream:remoteref) refs/heads/master refs/remotes/master [2ms]
2025-03-10 15:55:00.644 [info] > git status -z -uall [11ms]
2025-03-10 15:55:00.645 [info] > git for-each-ref --sort -committerdate --format %(refname) %(objectname) %(*objectname) [3ms]
2025-03-10 15:56:02.497 [info] > git show --textconv :startpage.html [13ms]
2025-03-10 15:56:02.499 [info] > git ls-files --stage -- /home/dillan/OneDrive_dsuon/webpage/startpage.html [2ms]
2025-03-10 15:56:02.512 [info] > git cat-file -s 5c132ca920c696b9370b8378490c321eadcdf71c [2ms]
2025-03-10 16:01:04.636 [info] > git config --get commit.template [12ms]
2025-03-10 16:01:04.637 [info] > git for-each-ref --format=%(refname)%00%(upstream:short)%00%(objectname)%00%(upstream:track)%00%(upstream:remotename)%00%(upstream:remoteref) refs/heads/master refs/remotes/master [2ms]
2025-03-10 16:01:04.660 [info] > git status -z -uall [12ms]
2025-03-10 16:01:04.662 [info] > git for-each-ref --sort -committerdate --format %(refname) %(objectname) %(*objectname) [3ms]
2025-03-10 16:01:10.718 [info] > git config --get commit.template [11ms]
2025-03-10 16:01:10.719 [info] > git for-each-ref --format=%(refname)%00%(upstream:short)%00%(objectname)%00%(upstream:track)%00%(upstream:remotename)%00%(upstream:remoteref) refs/heads/master refs/remotes/master [2ms]
2025-03-10 16:01:10.740 [info] > git status -z -uall [11ms]
2025-03-10 16:01:10.741 [info] > git for-each-ref --sort -committerdate --format %(refname) %(objectname) %(*objectname) [2ms]
2025-03-10 16:03:09.469 [info] > git rev-parse --show-toplevel [2ms]
2025-03-10 16:03:09.469 [info] fatal: not a git repository (or any parent up to mount point /)
Stopping at filesystem boundary (GIT_DISCOVERY_ACROSS_FILESYSTEM not set).
2025-03-10 16:16:51.307 [info] > git config --get commit.template [6ms]
2025-03-10 16:16:51.307 [info] > git for-each-ref --format=%(refname)%00%(upstream:short)%00%(objectname)%00%(upstream:track)%00%(upstream:remotename)%00%(upstream:remoteref) refs/heads/master refs/remotes/master [1ms]
2025-03-10 16:16:51.317 [info] > git status -z -uall [6ms]
2025-03-10 16:16:51.318 [info] > git for-each-ref --sort -committerdate --format %(refname) %(objectname) %(*objectname) [1ms]
2025-03-10 16:16:56.333 [info] > git config --get commit.template [5ms]
2025-03-10 16:16:56.333 [info] > git for-each-ref --format=%(refname)%00%(upstream:short)%00%(objectname)%00%(upstream:track)%00%(upstream:remotename)%00%(upstream:remoteref) refs/heads/master refs/remotes/master [1ms]
2025-03-10 16:16:56.342 [info] > git status -z -uall [5ms]
2025-03-10 16:16:56.343 [info] > git for-each-ref --sort -committerdate --format %(refname) %(objectname) %(*objectname) [1ms]
2025-03-10 16:21:06.309 [info] > git ls-files --stage -- /home/dillan/OneDrive_dsuon/webpage/css/style.css [5ms]
2025-03-10 16:21:06.315 [info] > git show --textconv :css/style.css [18ms]
2025-03-10 16:21:06.316 [info] > git cat-file -s 2223ea430d4e577af4a536e5df6d3baa02082074 [1ms]
2025-03-10 16:21:06.333 [info] > git blame --root --incremental ca95d85b37ea876a2f8a1740afd5a5e7629d7487 -- /home/dillan/OneDrive_dsuon/webpage/css/style.css [1ms]
2025-03-10 16:21:18.174 [info] > git config --get commit.template [5ms]
2025-03-10 16:21:18.175 [info] > git for-each-ref --format=%(refname)%00%(upstream:short)%00%(objectname)%00%(upstream:track)%00%(upstream:remotename)%00%(upstream:remoteref) refs/heads/master refs/remotes/master [1ms]
2025-03-10 16:21:18.185 [info] > git status -z -uall [6ms]
2025-03-10 16:21:18.185 [info] > git for-each-ref --sort -committerdate --format %(refname) %(objectname) %(*objectname) [1ms]
2025-03-10 16:21:23.203 [info] > git config --get commit.template [7ms]
2025-03-10 16:21:23.203 [info] > git for-each-ref --format=%(refname)%00%(upstream:short)%00%(objectname)%00%(upstream:track)%00%(upstream:remotename)%00%(upstream:remoteref) refs/heads/master refs/remotes/master [1ms]
2025-03-10 16:21:23.212 [info] > git status -z -uall [5ms]
2025-03-10 16:21:23.213 [info] > git for-each-ref --sort -committerdate --format %(refname) %(objectname) %(*objectname) [1ms]
2025-03-10 16:21:30.159 [info] > git show --textconv :js/script.js [6ms]
2025-03-10 16:21:30.160 [warning] [GitFileSystemProvider][readFile] File not found - git:/home/dillan/OneDrive_dsuon/webpage/js/script.js.git?%7B%22path%22%3A%22%2Fhome%2Fdillan%2FOneDrive_dsuon%2Fwebpage%2Fjs%2Fscript.js%22%2C%22ref%22%3A%22%22%7D
2025-03-10 16:21:30.160 [info] > git ls-files --stage -- /home/dillan/OneDrive_dsuon/webpage/js/script.js [1ms]
2025-03-10 16:21:30.160 [warning] [GitFileSystemProvider][stat] File not found - git:/home/dillan/OneDrive_dsuon/webpage/js/script.js.git?%7B%22path%22%3A%22%2Fhome%2Fdillan%2FOneDrive_dsuon%2Fwebpage%2Fjs%2Fscript.js%22%2C%22ref%22%3A%22%22%7D
2025-03-10 16:21:30.440 [info] > git check-ignore -v -z --stdin [1ms]
2025-03-10 16:21:31.002 [info] > git config --get commit.template [8ms]
2025-03-10 16:21:31.002 [info] > git for-each-ref --format=%(refname)%00%(upstream:short)%00%(objectname)%00%(upstream:track)%00%(upstream:remotename)%00%(upstream:remoteref) refs/heads/master refs/remotes/master [1ms]
2025-03-10 16:21:31.012 [info] > git status -z -uall [5ms]
2025-03-10 16:21:31.013 [info] > git for-each-ref --sort -committerdate --format %(refname) %(objectname) %(*objectname) [1ms]
2025-03-10 16:21:33.301 [info] > git show --textconv :js/app.js [8ms]
2025-03-10 16:21:33.301 [info] > git ls-files --stage -- /home/dillan/OneDrive_dsuon/webpage/js/app.js [0ms]
2025-03-10 16:21:33.306 [info] > git cat-file -s f727cc15af6efe58fc21db4dcfc195e2a7c776fe [0ms]
2025-03-10 16:21:53.900 [info] > git config --get commit.template [6ms]
2025-03-10 16:21:53.901 [info] > git for-each-ref --format=%(refname)%00%(upstream:short)%00%(objectname)%00%(upstream:track)%00%(upstream:remotename)%00%(upstream:remoteref) refs/heads/master refs/remotes/master [1ms]
2025-03-10 16:21:53.910 [info] > git status -z -uall [5ms]
2025-03-10 16:21:53.911 [info] > git for-each-ref --sort -committerdate --format %(refname) %(objectname) %(*objectname) [1ms]
2025-03-10 16:21:58.930 [info] > git config --get commit.template [7ms]
2025-03-10 16:21:58.931 [info] > git for-each-ref --format=%(refname)%00%(upstream:short)%00%(objectname)%00%(upstream:track)%00%(upstream:remotename)%00%(upstream:remoteref) refs/heads/master refs/remotes/master [2ms]
2025-03-10 16:21:58.940 [info] > git status -z -uall [5ms]
2025-03-10 16:21:58.941 [info] > git for-each-ref --sort -committerdate --format %(refname) %(objectname) %(*objectname) [1ms]
2025-03-10 16:22:46.318 [info] > git config --get commit.template [7ms]
2025-03-10 16:22:46.319 [info] > git for-each-ref --format=%(refname)%00%(upstream:short)%00%(objectname)%00%(upstream:track)%00%(upstream:remotename)%00%(upstream:remoteref) refs/heads/master refs/remotes/master [1ms]
2025-03-10 16:22:46.328 [info] > git status -z -uall [5ms]
2025-03-10 16:22:46.329 [info] > git for-each-ref --sort -committerdate --format %(refname) %(objectname) %(*objectname) [0ms]
2025-03-10 16:22:52.483 [info] > git config --get commit.template [7ms]
2025-03-10 16:22:52.484 [info] > git for-each-ref --format=%(refname)%00%(upstream:short)%00%(objectname)%00%(upstream:track)%00%(upstream:remotename)%00%(upstream:remoteref) refs/heads/master refs/remotes/master [1ms]
2025-03-10 16:22:52.493 [info] > git status -z -uall [4ms]
2025-03-10 16:22:52.494 [info] > git for-each-ref --sort -committerdate --format %(refname) %(objectname) %(*objectname) [1ms]
2025-03-10 16:23:27.059 [info] > git config --get commit.template [7ms]
2025-03-10 16:23:27.059 [info] > git for-each-ref --format=%(refname)%00%(upstream:short)%00%(objectname)%00%(upstream:track)%00%(upstream:remotename)%00%(upstream:remoteref) refs/heads/master refs/remotes/master [1ms]
2025-03-10 16:23:27.069 [info] > git status -z -uall [5ms]
2025-03-10 16:23:27.070 [info] > git for-each-ref --sort -committerdate --format %(refname) %(objectname) %(*objectname) [1ms]
2025-03-10 16:23:32.088 [info] > git config --get commit.template [7ms]
2025-03-10 16:23:32.089 [info] > git for-each-ref --format=%(refname)%00%(upstream:short)%00%(objectname)%00%(upstream:track)%00%(upstream:remotename)%00%(upstream:remoteref) refs/heads/master refs/remotes/master [1ms]
2025-03-10 16:23:32.099 [info] > git status -z -uall [5ms]
2025-03-10 16:23:32.099 [info] > git for-each-ref --sort -committerdate --format %(refname) %(objectname) %(*objectname) [1ms]
2025-03-10 16:26:20.105 [info] > git config --get commit.template [7ms]
2025-03-10 16:26:20.105 [info] > git for-each-ref --format=%(refname)%00%(upstream:short)%00%(objectname)%00%(upstream:track)%00%(upstream:remotename)%00%(upstream:remoteref) refs/heads/master refs/remotes/master [1ms]
2025-03-10 16:26:20.115 [info] > git status -z -uall [5ms]
2025-03-10 16:26:20.115 [info] > git for-each-ref --sort -committerdate --format %(refname) %(objectname) %(*objectname) [1ms]
2025-03-10 16:26:25.133 [info] > git config --get commit.template [7ms]
2025-03-10 16:26:25.134 [info] > git for-each-ref --format=%(refname)%00%(upstream:short)%00%(objectname)%00%(upstream:track)%00%(upstream:remotename)%00%(upstream:remoteref) refs/heads/master refs/remotes/master [1ms]
2025-03-10 16:26:25.144 [info] > git status -z -uall [5ms]
2025-03-10 16:26:25.144 [info] > git for-each-ref --sort -committerdate --format %(refname) %(objectname) %(*objectname) [1ms]
2025-03-10 16:27:12.339 [info] > git show --textconv :index.html [7ms]
2025-03-10 16:27:12.340 [info] > git ls-files --stage -- /home/dillan/OneDrive_dsuon/webpage/index.html [1ms]
2025-03-10 16:27:12.347 [info] > git cat-file -s 0607be59e54d686517c9eb9752dae953ed82d3d2 [1ms]
2025-03-10 16:28:20.183 [info] > git config --get commit.template [7ms]
2025-03-10 16:28:20.184 [info] > git for-each-ref --format=%(refname)%00%(upstream:short)%00%(objectname)%00%(upstream:track)%00%(upstream:remotename)%00%(upstream:remoteref) refs/heads/master refs/remotes/master [2ms]
2025-03-10 16:28:20.194 [info] > git status -z -uall [5ms]
2025-03-10 16:28:20.195 [info] > git for-each-ref --sort -committerdate --format %(refname) %(objectname) %(*objectname) [1ms]
2025-03-10 16:28:28.531 [info] > git config --get commit.template [7ms]
2025-03-10 16:28:28.532 [info] > git for-each-ref --format=%(refname)%00%(upstream:short)%00%(objectname)%00%(upstream:track)%00%(upstream:remotename)%00%(upstream:remoteref) refs/heads/master refs/remotes/master [2ms]
2025-03-10 16:28:28.541 [info] > git status -z -uall [5ms]
2025-03-10 16:28:28.541 [info] > git for-each-ref --sort -committerdate --format %(refname) %(objectname) %(*objectname) [0ms]
2025-03-10 16:29:18.748 [info] > git config --get commit.template [6ms]
2025-03-10 16:29:18.748 [info] > git for-each-ref --format=%(refname)%00%(upstream:short)%00%(objectname)%00%(upstream:track)%00%(upstream:remotename)%00%(upstream:remoteref) refs/heads/master refs/remotes/master [1ms]
2025-03-10 16:29:18.759 [info] > git status -z -uall [5ms]
2025-03-10 16:29:18.759 [info] > git for-each-ref --sort -committerdate --format %(refname) %(objectname) %(*objectname) [1ms]
2025-03-10 16:29:47.421 [info] > git show --textconv :startpage.html [8ms]
2025-03-10 16:29:47.421 [info] > git ls-files --stage -- /home/dillan/OneDrive_dsuon/webpage/startpage.html [1ms]
2025-03-10 16:29:47.427 [info] > git cat-file -s 5c132ca920c696b9370b8378490c321eadcdf71c [1ms]
2025-03-10 16:30:00.038 [info] > git config --get commit.template [7ms]
2025-03-10 16:30:00.039 [info] > git for-each-ref --format=%(refname)%00%(upstream:short)%00%(objectname)%00%(upstream:track)%00%(upstream:remotename)%00%(upstream:remoteref) refs/heads/master refs/remotes/master [2ms]
2025-03-10 16:30:00.048 [info] > git status -z -uall [5ms]
2025-03-10 16:30:00.048 [info] > git for-each-ref --sort -committerdate --format %(refname) %(objectname) %(*objectname) [1ms]
2025-03-10 16:30:05.062 [info] > git config --get commit.template [7ms]
2025-03-10 16:30:05.063 [info] > git for-each-ref --format=%(refname)%00%(upstream:short)%00%(objectname)%00%(upstream:track)%00%(upstream:remotename)%00%(upstream:remoteref) refs/heads/master refs/remotes/master [1ms]
2025-03-10 16:30:05.075 [info] > git status -z -uall [6ms]
2025-03-10 16:30:05.076 [info] > git for-each-ref --sort -committerdate --format %(refname) %(objectname) %(*objectname) [1ms]
2025-03-10 16:30:28.040 [info] > git show --textconv :index.html [7ms]
2025-03-10 16:30:28.040 [info] > git ls-files --stage -- /home/dillan/OneDrive_dsuon/webpage/index.html [1ms]
2025-03-10 16:30:28.046 [info] > git cat-file -s 0607be59e54d686517c9eb9752dae953ed82d3d2 [1ms]
2025-03-10 16:31:33.881 [info] > git config --get commit.template [6ms]
2025-03-10 16:31:33.882 [info] > git for-each-ref --format=%(refname)%00%(upstream:short)%00%(objectname)%00%(upstream:track)%00%(upstream:remotename)%00%(upstream:remoteref) refs/heads/master refs/remotes/master [1ms]
2025-03-10 16:31:33.892 [info] > git status -z -uall [5ms]
2025-03-10 16:31:33.893 [info] > git for-each-ref --sort -committerdate --format %(refname) %(objectname) %(*objectname) [2ms]
2025-03-10 16:31:38.910 [info] > git config --get commit.template [7ms]
2025-03-10 16:31:38.911 [info] > git for-each-ref --format=%(refname)%00%(upstream:short)%00%(objectname)%00%(upstream:track)%00%(upstream:remotename)%00%(upstream:remoteref) refs/heads/master refs/remotes/master [2ms]
2025-03-10 16:31:38.921 [info] > git status -z -uall [5ms]
2025-03-10 16:31:38.921 [info] > git for-each-ref --sort -committerdate --format %(refname) %(objectname) %(*objectname) [1ms]
2025-03-10 16:33:03.945 [info] > git config --get commit.template [7ms]
2025-03-10 16:33:03.946 [info] > git for-each-ref --format=%(refname)%00%(upstream:short)%00%(objectname)%00%(upstream:track)%00%(upstream:remotename)%00%(upstream:remoteref) refs/heads/master refs/remotes/master [1ms]
2025-03-10 16:33:03.955 [info] > git status -z -uall [4ms]
2025-03-10 16:33:03.956 [info] > git for-each-ref --sort -committerdate --format %(refname) %(objectname) %(*objectname) [1ms]
2025-03-10 16:33:08.973 [info] > git config --get commit.template [7ms]
2025-03-10 16:33:08.973 [info] > git for-each-ref --format=%(refname)%00%(upstream:short)%00%(objectname)%00%(upstream:track)%00%(upstream:remotename)%00%(upstream:remoteref) refs/heads/master refs/remotes/master [1ms]
2025-03-10 16:33:08.982 [info] > git status -z -uall [5ms]
2025-03-10 16:33:08.983 [info] > git for-each-ref --sort -committerdate --format %(refname) %(objectname) %(*objectname) [1ms]
2025-03-10 16:33:51.179 [info] > git config --get commit.template [6ms]
2025-03-10 16:33:51.179 [info] > git for-each-ref --format=%(refname)%00%(upstream:short)%00%(objectname)%00%(upstream:track)%00%(upstream:remotename)%00%(upstream:remoteref) refs/heads/master refs/remotes/master [1ms]
2025-03-10 16:33:51.189 [info] > git status -z -uall [6ms]
2025-03-10 16:33:51.189 [info] > git for-each-ref --sort -committerdate --format %(refname) %(objectname) %(*objectname) [1ms]
2025-03-10 16:33:56.210 [info] > git config --get commit.template [8ms]
2025-03-10 16:33:56.211 [info] > git for-each-ref --format=%(refname)%00%(upstream:short)%00%(objectname)%00%(upstream:track)%00%(upstream:remotename)%00%(upstream:remoteref) refs/heads/master refs/remotes/master [1ms]
2025-03-10 16:33:56.220 [info] > git status -z -uall [5ms]
2025-03-10 16:33:56.221 [info] > git for-each-ref --sort -committerdate --format %(refname) %(objectname) %(*objectname) [2ms]
2025-03-10 16:36:58.346 [info] > git show --textconv :css/style.css [7ms]
2025-03-10 16:36:58.346 [info] > git ls-files --stage -- /home/dillan/OneDrive_dsuon/webpage/css/style.css [1ms]
2025-03-10 16:36:58.352 [info] > git cat-file -s 2223ea430d4e577af4a536e5df6d3baa02082074 [1ms]
2025-03-10 16:45:31.041 [info] > git config --get commit.template [7ms]
2025-03-10 16:45:31.042 [info] > git for-each-ref --format=%(refname)%00%(upstream:short)%00%(objectname)%00%(upstream:track)%00%(upstream:remotename)%00%(upstream:remoteref) refs/heads/master refs/remotes/master [1ms]
2025-03-10 16:45:31.051 [info] > git status -z -uall [4ms]
2025-03-10 16:45:31.052 [info] > git for-each-ref --sort -committerdate --format %(refname) %(objectname) %(*objectname) [1ms]
2025-03-10 16:45:41.874 [info] > git config --get commit.template [8ms]
2025-03-10 16:45:41.875 [info] > git for-each-ref --format=%(refname)%00%(upstream:short)%00%(objectname)%00%(upstream:track)%00%(upstream:remotename)%00%(upstream:remoteref) refs/heads/master refs/remotes/master [2ms]
2025-03-10 16:45:41.884 [info] > git status -z -uall [5ms]
2025-03-10 16:45:41.884 [info] > git for-each-ref --sort -committerdate --format %(refname) %(objectname) %(*objectname) [1ms]
2025-03-10 16:47:02.434 [info] > git config --get commit.template [7ms]
2025-03-10 16:47:02.435 [info] > git for-each-ref --format=%(refname)%00%(upstream:short)%00%(objectname)%00%(upstream:track)%00%(upstream:remotename)%00%(upstream:remoteref) refs/heads/master refs/remotes/master [1ms]
2025-03-10 16:47:02.446 [info] > git status -z -uall [7ms]
2025-03-10 16:47:02.447 [info] > git for-each-ref --sort -committerdate --format %(refname) %(objectname) %(*objectname) [1ms]
2025-03-10 16:47:08.093 [info] > git config --get commit.template [7ms]
2025-03-10 16:47:08.093 [info] > git for-each-ref --format=%(refname)%00%(upstream:short)%00%(objectname)%00%(upstream:track)%00%(upstream:remotename)%00%(upstream:remoteref) refs/heads/master refs/remotes/master [1ms]
2025-03-10 16:47:08.102 [info] > git status -z -uall [5ms]
2025-03-10 16:47:08.103 [info] > git for-each-ref --sort -committerdate --format %(refname) %(objectname) %(*objectname) [1ms]
2025-03-10 16:48:18.304 [info] > git config --get commit.template [7ms]
2025-03-10 16:48:18.305 [info] > git for-each-ref --format=%(refname)%00%(upstream:short)%00%(objectname)%00%(upstream:track)%00%(upstream:remotename)%00%(upstream:remoteref) refs/heads/master refs/remotes/master [1ms]
2025-03-10 16:48:18.314 [info] > git status -z -uall [5ms]
2025-03-10 16:48:18.315 [info] > git for-each-ref --sort -committerdate --format %(refname) %(objectname) %(*objectname) [1ms]
2025-03-10 16:48:43.227 [info] > git config --get commit.template [8ms]
2025-03-10 16:48:43.227 [info] > git for-each-ref --format=%(refname)%00%(upstream:short)%00%(objectname)%00%(upstream:track)%00%(upstream:remotename)%00%(upstream:remoteref) refs/heads/master refs/remotes/master [1ms]
2025-03-10 16:48:43.240 [info] > git status -z -uall [6ms]
2025-03-10 16:48:43.241 [info] > git for-each-ref --sort -committerdate --format %(refname) %(objectname) %(*objectname) [1ms]
2025-03-10 16:48:51.605 [info] > git config --get commit.template [6ms]
2025-03-10 16:48:51.606 [info] > git for-each-ref --format=%(refname)%00%(upstream:short)%00%(objectname)%00%(upstream:track)%00%(upstream:remotename)%00%(upstream:remoteref) refs/heads/master refs/remotes/master [1ms]
2025-03-10 16:48:51.617 [info] > git status -z -uall [6ms]
2025-03-10 16:48:51.617 [info] > git for-each-ref --sort -committerdate --format %(refname) %(objectname) %(*objectname) [1ms]
2025-03-10 16:49:03.311 [info] > git config --get commit.template [6ms]
2025-03-10 16:49:03.311 [info] > git for-each-ref --format=%(refname)%00%(upstream:short)%00%(objectname)%00%(upstream:track)%00%(upstream:remotename)%00%(upstream:remoteref) refs/heads/master refs/remotes/master [1ms]
2025-03-10 16:49:03.322 [info] > git status -z -uall [5ms]
2025-03-10 16:49:03.323 [info] > git for-each-ref --sort -committerdate --format %(refname) %(objectname) %(*objectname) [1ms]
2025-03-10 16:49:08.342 [info] > git config --get commit.template [8ms]
2025-03-10 16:49:08.342 [info] > git for-each-ref --format=%(refname)%00%(upstream:short)%00%(objectname)%00%(upstream:track)%00%(upstream:remotename)%00%(upstream:remoteref) refs/heads/master refs/remotes/master [1ms]
2025-03-10 16:49:08.352 [info] > git status -z -uall [5ms]
2025-03-10 16:49:08.353 [info] > git for-each-ref --sort -committerdate --format %(refname) %(objectname) %(*objectname) [1ms]
2025-03-10 16:49:44.372 [info] > git show --textconv :index.html [7ms]
2025-03-10 16:49:44.373 [info] > git ls-files --stage -- /home/dillan/OneDrive_dsuon/webpage/index.html [1ms]
2025-03-10 16:49:44.380 [info] > git cat-file -s 0607be59e54d686517c9eb9752dae953ed82d3d2 [1ms]
2025-03-10 16:54:37.558 [info] > git show --textconv :css/portfolio.css [5ms]
2025-03-10 16:54:37.558 [info] > git ls-files --stage -- /home/dillan/OneDrive_dsuon/webpage/css/portfolio.css [1ms]
2025-03-10 16:54:37.565 [info] > git cat-file -s 88c5663c167bcc87afeab58874bb77e74c9db50e [1ms]
2025-03-10 16:54:48.693 [info] > git show --textconv :css/startpage.css [7ms]
2025-03-10 16:54:48.694 [info] > git ls-files --stage -- /home/dillan/OneDrive_dsuon/webpage/css/startpage.css [1ms]
2025-03-10 16:54:48.700 [info] > git cat-file -s c34187061788d97e8a882a8613a94db3beb79a97 [1ms]
2025-03-10 16:54:48.710 [info] > git blame --root --incremental ca95d85b37ea876a2f8a1740afd5a5e7629d7487 -- /home/dillan/OneDrive_dsuon/webpage/css/startpage.css [1ms]
2025-03-10 16:54:50.602 [info] > git show --textconv :css/style.css [7ms]
2025-03-10 16:54:50.603 [info] > git ls-files --stage -- /home/dillan/OneDrive_dsuon/webpage/css/style.css [1ms]
2025-03-10 16:54:50.609 [info] > git cat-file -s 2223ea430d4e577af4a536e5df6d3baa02082074 [1ms]
2025-03-10 16:54:56.192 [info] > git show --textconv :index.html [7ms]
2025-03-10 16:54:56.192 [info] > git ls-files --stage -- /home/dillan/OneDrive_dsuon/webpage/index.html [1ms]
2025-03-10 16:54:56.199 [info] > git cat-file -s 0607be59e54d686517c9eb9752dae953ed82d3d2 [1ms]
2025-03-10 16:55:08.060 [info] > git show --textconv :startpage.html [7ms]
2025-03-10 16:55:08.060 [info] > git ls-files --stage -- /home/dillan/OneDrive_dsuon/webpage/startpage.html [1ms]
2025-03-10 16:55:08.066 [info] > git cat-file -s 5c132ca920c696b9370b8378490c321eadcdf71c [1ms]
2025-03-10 16:55:13.250 [info] > git show --textconv :test.html [8ms]
2025-03-10 16:55:13.251 [info] > git ls-files --stage -- /home/dillan/OneDrive_dsuon/webpage/test.html [1ms]
2025-03-10 16:55:13.257 [info] > git cat-file -s 74e07e4ca1ea342626531b6198ed1a6b701ee3bb [1ms]
2025-03-10 16:55:18.360 [info] > git show --textconv :js/slideshow.js [7ms]
2025-03-10 16:55:18.361 [info] > git ls-files --stage -- /home/dillan/OneDrive_dsuon/webpage/js/slideshow.js [1ms]
2025-03-10 16:55:18.367 [info] > git cat-file -s d068d40cbd641bd65552202ba2e4404844ef8b93 [1ms]
2025-03-10 16:55:18.376 [info] > git blame --root --incremental ca95d85b37ea876a2f8a1740afd5a5e7629d7487 -- /home/dillan/OneDrive_dsuon/webpage/js/slideshow.js [2ms]
2025-03-10 16:55:32.088 [info] > git show --textconv :css/portfolio.css [7ms]
2025-03-10 16:55:32.089 [info] > git ls-files --stage -- /home/dillan/OneDrive_dsuon/webpage/css/portfolio.css [1ms]
2025-03-10 16:55:32.095 [info] > git cat-file -s 88c5663c167bcc87afeab58874bb77e74c9db50e [1ms]
2025-03-10 16:55:34.629 [info] > git show --textconv :css/portfolio.css [7ms]
2025-03-10 16:55:34.629 [info] > git ls-files --stage -- /home/dillan/OneDrive_dsuon/webpage/css/portfolio.css [1ms]
2025-03-10 16:55:34.635 [info] > git cat-file -s 88c5663c167bcc87afeab58874bb77e74c9db50e [1ms]
2025-03-10 16:55:58.933 [info] > git config --get commit.template [7ms]
2025-03-10 16:55:58.934 [info] > git for-each-ref --format=%(refname)%00%(upstream:short)%00%(objectname)%00%(upstream:track)%00%(upstream:remotename)%00%(upstream:remoteref) refs/heads/master refs/remotes/master [1ms]
2025-03-10 16:55:58.944 [info] > git status -z -uall [5ms]
2025-03-10 16:55:58.945 [info] > git for-each-ref --sort -committerdate --format %(refname) %(objectname) %(*objectname) [1ms]
2025-03-10 16:56:00.130 [info] > git show --textconv :css/portfolio.css [8ms]
2025-03-10 16:56:00.130 [info] > git ls-files --stage -- /home/dillan/OneDrive_dsuon/webpage/css/portfolio.css [1ms]
2025-03-10 16:56:00.136 [info] > git cat-file -s 88c5663c167bcc87afeab58874bb77e74c9db50e [1ms]
2025-03-10 16:56:03.964 [info] > git config --get commit.template [9ms]
2025-03-10 16:56:03.965 [info] > git for-each-ref --format=%(refname)%00%(upstream:short)%00%(objectname)%00%(upstream:track)%00%(upstream:remotename)%00%(upstream:remoteref) refs/heads/master refs/remotes/master [1ms]
2025-03-10 16:56:03.978 [info] > git status -z -uall [6ms]
2025-03-10 16:56:03.979 [info] > git for-each-ref --sort -committerdate --format %(refname) %(objectname) %(*objectname) [1ms]
2025-03-10 16:56:09.055 [info] > git show --textconv :css/startpage.css [7ms]
2025-03-10 16:56:09.056 [info] > git ls-files --stage -- /home/dillan/OneDrive_dsuon/webpage/css/startpage.css [1ms]
2025-03-10 16:56:09.062 [info] > git cat-file -s c34187061788d97e8a882a8613a94db3beb79a97 [1ms]
2025-03-10 16:56:17.177 [info] > git config --get commit.template [7ms]
2025-03-10 16:56:17.178 [info] > git for-each-ref --format=%(refname)%00%(upstream:short)%00%(objectname)%00%(upstream:track)%00%(upstream:remotename)%00%(upstream:remoteref) refs/heads/master refs/remotes/master [1ms]
2025-03-10 16:56:17.188 [info] > git status -z -uall [5ms]
2025-03-10 16:56:17.189 [info] > git for-each-ref --sort -committerdate --format %(refname) %(objectname) %(*objectname) [1ms]
2025-03-10 16:56:18.470 [info] > git show --textconv :css/style.css [7ms]
2025-03-10 16:56:18.471 [info] > git ls-files --stage -- /home/dillan/OneDrive_dsuon/webpage/css/style.css [1ms]
2025-03-10 16:56:18.477 [info] > git cat-file -s 2223ea430d4e577af4a536e5df6d3baa02082074 [1ms]
2025-03-10 16:56:22.200 [info] > git config --get commit.template [1ms]
2025-03-10 16:56:22.208 [info] > git for-each-ref --format=%(refname)%00%(upstream:short)%00%(objectname)%00%(upstream:track)%00%(upstream:remotename)%00%(upstream:remoteref) refs/heads/master refs/remotes/master [2ms]
2025-03-10 16:56:22.218 [info] > git status -z -uall [6ms]
2025-03-10 16:56:22.218 [info] > git for-each-ref --sort -committerdate --format %(refname) %(objectname) %(*objectname) [1ms]
2025-03-10 16:56:27.204 [info] > git show --textconv :index.html [8ms]
2025-03-10 16:56:27.204 [info] > git ls-files --stage -- /home/dillan/OneDrive_dsuon/webpage/index.html [1ms]
2025-03-10 16:56:27.210 [info] > git cat-file -s 0607be59e54d686517c9eb9752dae953ed82d3d2 [1ms]
2025-03-10 16:56:27.232 [info] > git config --get commit.template [6ms]
2025-03-10 16:56:27.233 [info] > git for-each-ref --format=%(refname)%00%(upstream:short)%00%(objectname)%00%(upstream:track)%00%(upstream:remotename)%00%(upstream:remoteref) refs/heads/master refs/remotes/master [1ms]
2025-03-10 16:56:27.245 [info] > git status -z -uall [7ms]
2025-03-10 16:56:27.245 [info] > git for-each-ref --sort -committerdate --format %(refname) %(objectname) %(*objectname) [1ms]
2025-03-10 16:56:32.268 [info] > git config --get commit.template [7ms]
2025-03-10 16:56:32.269 [info] > git for-each-ref --format=%(refname)%00%(upstream:short)%00%(objectname)%00%(upstream:track)%00%(upstream:remotename)%00%(upstream:remoteref) refs/heads/master refs/remotes/master [2ms]
2025-03-10 16:56:32.278 [info] > git status -z -uall [5ms]
2025-03-10 16:56:32.279 [info] > git for-each-ref --sort -committerdate --format %(refname) %(objectname) %(*objectname) [1ms]
2025-03-10 16:58:20.460 [info] > git log --format=%H%n%aN%n%aE%n%at%n%ct%n%P%n%D%n%B -z --shortstat --diff-merges=first-parent -n50 --skip=0 --topo-order --decorate=full --stdin [68ms]
2025-03-10 16:58:30.123 [info] > git add -A -- /home/dillan/OneDrive_dsuon/webpage/index.html [2ms]
2025-03-10 16:58:30.135 [info] > git config --get commit.template [6ms]
2025-03-10 16:58:30.136 [info] > git for-each-ref --format=%(refname)%00%(upstream:short)%00%(objectname)%00%(upstream:track)%00%(upstream:remotename)%00%(upstream:remoteref) refs/heads/master refs/remotes/master [1ms]
2025-03-10 16:58:30.146 [info] > git status -z -uall [6ms]
2025-03-10 16:58:30.147 [info] > git for-each-ref --sort -committerdate --format %(refname) %(objectname) %(*objectname) [2ms]
2025-03-10 16:58:30.462 [info] > git show --textconv HEAD:index.html [6ms]
2025-03-10 16:58:30.462 [info] > git ls-tree -l HEAD -- /home/dillan/OneDrive_dsuon/webpage/index.html [1ms]
2025-03-10 16:58:31.209 [info] > git config --get commit.template [1ms]
2025-03-10 16:58:31.216 [info] > git for-each-ref --format=%(refname)%00%(upstream:short)%00%(objectname)%00%(upstream:track)%00%(upstream:remotename)%00%(upstream:remoteref) refs/heads/master refs/remotes/master [1ms]
2025-03-10 16:58:31.227 [info] > git status -z -uall [6ms]
2025-03-10 16:58:31.227 [info] > git for-each-ref --sort -committerdate --format %(refname) %(objectname) %(*objectname) [1ms]
2025-03-10 16:58:31.317 [info] > git ls-files --stage -- /home/dillan/OneDrive_dsuon/webpage/index.html [6ms]
2025-03-10 16:58:31.322 [info] > git ls-tree -l HEAD -- /home/dillan/OneDrive_dsuon/webpage/index.html [5ms]
2025-03-10 16:58:31.323 [info] > git cat-file -s c9fbbdbf2bf4ea292531e4cdeaf110d062fbde56 [1ms]
2025-03-10 16:58:31.336 [info] > git show --textconv HEAD:index.html [7ms]
2025-03-10 16:58:31.336 [info] > git show --textconv :index.html [1ms]
2025-03-10 16:58:32.076 [info] > git add -A -- /home/dillan/OneDrive_dsuon/webpage/resume-preview.html [2ms]
2025-03-10 16:58:32.089 [info] > git config --get commit.template [6ms]
2025-03-10 16:58:32.089 [info] > git for-each-ref --format=%(refname)%00%(upstream:short)%00%(objectname)%00%(upstream:track)%00%(upstream:remotename)%00%(upstream:remoteref) refs/heads/master refs/remotes/master [0ms]
2025-03-10 16:58:32.099 [info] > git status -z -uall [5ms]
2025-03-10 16:58:32.100 [info] > git for-each-ref --sort -committerdate --format %(refname) %(objectname) %(*objectname) [1ms]
2025-03-10 16:58:33.265 [info] > git ls-files --stage -- /home/dillan/OneDrive_dsuon/webpage/index.html [6ms]
2025-03-10 16:58:33.269 [info] > git ls-tree -l HEAD -- /home/dillan/OneDrive_dsuon/webpage/index.html [5ms]
2025-03-10 16:58:33.270 [info] > git cat-file -s c9fbbdbf2bf4ea292531e4cdeaf110d062fbde56 [1ms]
2025-03-10 16:58:33.280 [info] > git show --textconv HEAD:index.html [5ms]
2025-03-10 16:58:33.280 [info] > git show --textconv :index.html [0ms]
2025-03-10 16:58:34.400 [info] > git show --textconv HEAD:startpage.html [8ms]
2025-03-10 16:58:34.401 [info] > git ls-tree -l HEAD -- /home/dillan/OneDrive_dsuon/webpage/startpage.html [2ms]
2025-03-10 16:58:36.247 [info] > git config --get commit.template [8ms]
2025-03-10 16:58:36.248 [info] > git for-each-ref --format=%(refname)%00%(upstream:short)%00%(objectname)%00%(upstream:track)%00%(upstream:remotename)%00%(upstream:remoteref) refs/heads/master refs/remotes/master [2ms]
2025-03-10 16:58:36.259 [info] > git status -z -uall [6ms]
2025-03-10 16:58:36.260 [info] > git for-each-ref --sort -committerdate --format %(refname) %(objectname) %(*objectname) [2ms]
2025-03-10 16:58:40.898 [info] > git show --textconv HEAD:test.html [7ms]
2025-03-10 16:58:40.899 [info] > git ls-tree -l HEAD -- /home/dillan/OneDrive_dsuon/webpage/test.html [1ms]
2025-03-10 16:58:42.580 [info] > git show --textconv HEAD:startpage.html [8ms]
2025-03-10 16:58:42.582 [info] > git ls-tree -l HEAD -- /home/dillan/OneDrive_dsuon/webpage/startpage.html [2ms]
2025-03-10 16:58:44.687 [info] > git config --get commit.template [7ms]
2025-03-10 16:58:44.688 [info] > git for-each-ref --format=%(refname)%00%(upstream:short)%00%(objectname)%00%(upstream:track)%00%(upstream:remotename)%00%(upstream:remoteref) refs/heads/master refs/remotes/master [1ms]
2025-03-10 16:58:44.699 [info] > git status -z -uall [6ms]
2025-03-10 16:58:44.699 [info] > git for-each-ref --sort -committerdate --format %(refname) %(objectname) %(*objectname) [1ms]
2025-03-10 16:58:44.780 [info] > git ls-tree -l HEAD -- /home/dillan/OneDrive_dsuon/webpage/startpage.html [2ms]
2025-03-10 16:58:44.789 [info] > git show --textconv HEAD:startpage.html [1ms]
2025-03-10 16:58:47.980 [info] > git add -A -- /home/dillan/OneDrive_dsuon/webpage/startpage.html /home/dillan/OneDrive_dsuon/webpage/test.html /home/dillan/OneDrive_dsuon/webpage/css/portfolio.css /home/dillan/OneDrive_dsuon/webpage/css/resume-preview.css /home/dillan/OneDrive_dsuon/webpage/css/startpage.css /home/dillan/OneDrive_dsuon/webpage/css/style.css /home/dillan/OneDrive_dsuon/webpage/js/script.js /home/dillan/OneDrive_dsuon/webpage/resume/Dillan-Suon-Resume-V.4.pdf [6ms]
2025-03-10 16:58:47.990 [info] > git config --get commit.template [5ms]
2025-03-10 16:58:47.991 [info] > git for-each-ref --format=%(refname)%00%(upstream:short)%00%(objectname)%00%(upstream:track)%00%(upstream:remotename)%00%(upstream:remoteref) refs/heads/master refs/remotes/master [1ms]
2025-03-10 16:58:48.001 [info] > git status -z -uall [6ms]
2025-03-10 16:58:48.001 [info] > git for-each-ref --sort -committerdate --format %(refname) %(objectname) %(*objectname) [1ms]
2025-03-10 16:58:48.322 [info] > git show --textconv HEAD:startpage.html [8ms]
2025-03-10 16:58:48.323 [info] > git ls-tree -l HEAD -- /home/dillan/OneDrive_dsuon/webpage/startpage.html [1ms]
2025-03-10 16:58:49.169 [info] > git ls-files --stage -- /home/dillan/OneDrive_dsuon/webpage/startpage.html [7ms]
2025-03-10 16:58:49.174 [info] > git ls-tree -l HEAD -- /home/dillan/OneDrive_dsuon/webpage/startpage.html [5ms]
2025-03-10 16:58:49.175 [info] > git cat-file -s 57f23627a5847787892fb3532c9a847e50e2a841 [1ms]
2025-03-10 16:58:49.185 [info] > git show --textconv HEAD:startpage.html [5ms]
2025-03-10 16:58:49.185 [info] > git show --textconv :startpage.html [1ms]
2025-03-10 16:58:49.625 [info] > git add -A -- /home/dillan/OneDrive_dsuon/webpage/resume/resume-preview.html [2ms]
2025-03-10 16:58:49.636 [info] > git config --get commit.template [4ms]
2025-03-10 16:58:49.637 [info] > git for-each-ref --format=%(refname)%00%(upstream:short)%00%(objectname)%00%(upstream:track)%00%(upstream:remotename)%00%(upstream:remoteref) refs/heads/master refs/remotes/master [1ms]
2025-03-10 16:58:49.647 [info] > git status -z -uall [6ms]
2025-03-10 16:58:49.648 [info] > git for-each-ref --sort -committerdate --format %(refname) %(objectname) %(*objectname) [2ms]
2025-03-10 16:58:49.718 [info] > git config --get commit.template [7ms]
2025-03-10 16:58:49.718 [info] > git for-each-ref --format=%(refname)%00%(upstream:short)%00%(objectname)%00%(upstream:track)%00%(upstream:remotename)%00%(upstream:remoteref) refs/heads/master refs/remotes/master [1ms]
2025-03-10 16:58:49.728 [info] > git status -z -uall [5ms]
2025-03-10 16:58:49.729 [info] > git for-each-ref --sort -committerdate --format %(refname) %(objectname) %(*objectname) [1ms]
2025-03-10 16:58:50.817 [info] > git ls-files --stage -- /home/dillan/OneDrive_dsuon/webpage/startpage.html [7ms]
2025-03-10 16:58:50.822 [info] > git ls-tree -l HEAD -- /home/dillan/OneDrive_dsuon/webpage/startpage.html [5ms]
2025-03-10 16:58:50.823 [info] > git cat-file -s 57f23627a5847787892fb3532c9a847e50e2a841 [1ms]
2025-03-10 16:58:50.833 [info] > git show --textconv HEAD:startpage.html [5ms]
2025-03-10 16:58:50.834 [info] > git show --textconv :startpage.html [1ms]
2025-03-10 16:58:54.751 [info] > git config --get commit.template [8ms]
2025-03-10 16:58:54.752 [info] > git for-each-ref --format=%(refname)%00%(upstream:short)%00%(objectname)%00%(upstream:track)%00%(upstream:remotename)%00%(upstream:remoteref) refs/heads/master refs/remotes/master [1ms]
2025-03-10 16:58:54.762 [info] > git status -z -uall [5ms]
2025-03-10 16:58:54.762 [info] > git for-each-ref --sort -committerdate --format %(refname) %(objectname) %(*objectname) [1ms]
2025-03-10 16:59:19.286 [info] > git -c user.useConfigOnly=true commit --quiet --allow-empty-message --file - [5ms]
2025-03-10 16:59:19.294 [info] > git config --get commit.template [1ms]
2025-03-10 16:59:19.302 [info] > git config --get commit.template [1ms]
2025-03-10 16:59:19.310 [info] > git for-each-ref --format=%(refname)%00%(upstream:short)%00%(objectname)%00%(upstream:track)%00%(upstream:remotename)%00%(upstream:remoteref) refs/heads/master refs/remotes/master [1ms]
2025-03-10 16:59:19.323 [info] > git status -z -uall [7ms]
2025-03-10 16:59:19.324 [info] > git for-each-ref --sort -committerdate --format %(refname) %(objectname) %(*objectname) [1ms]
2025-03-10 16:59:19.333 [info] > git blame --root --incremental b793390d33086f8ab0dd28145d2c6ce6511426c2 -- /home/dillan/OneDrive_dsuon/webpage/startpage.html [2ms]
2025-03-10 16:59:19.371 [info] > git config --get commit.template [9ms]
2025-03-10 16:59:19.371 [info] > git for-each-ref --format=%(refname)%00%(upstream:short)%00%(objectname)%00%(upstream:track)%00%(upstream:remotename)%00%(upstream:remoteref) refs/heads/master refs/remotes/master [2ms]
2025-03-10 16:59:19.384 [info] > git status -z -uall [7ms]
2025-03-10 16:59:19.385 [info] > git for-each-ref --sort -committerdate --format %(refname) %(objectname) %(*objectname) [2ms]
2025-03-10 16:59:19.392 [info] > git log --format=%H%n%aN%n%aE%n%at%n%ct%n%P%n%D%n%B -z --shortstat --diff-merges=first-parent -n50 --skip=0 --topo-order --decorate=full --stdin [52ms]
2025-03-10 16:59:20.488 [info] > git ls-tree -l HEAD -- /home/dillan/OneDrive_dsuon/webpage/startpage.html [8ms]
2025-03-10 16:59:20.488 [info] > git ls-tree -l HEAD -- /home/dillan/OneDrive_dsuon/webpage/startpage.html [1ms]
2025-03-10 16:59:20.499 [info] > git show --textconv HEAD:startpage.html [6ms]
2025-03-10 16:59:20.500 [info] > git show --textconv HEAD:startpage.html [1ms]
2025-03-10 16:59:21.490 [info] > git config --get commit.template [8ms]
2025-03-10 16:59:21.491 [info] > git for-each-ref --format=%(refname)%00%(upstream:short)%00%(objectname)%00%(upstream:track)%00%(upstream:remotename)%00%(upstream:remoteref) refs/heads/master refs/remotes/master [1ms]
2025-03-10 16:59:21.500 [info] > git status -z -uall [5ms]
2025-03-10 16:59:21.501 [info] > git for-each-ref --sort -committerdate --format %(refname) %(objectname) %(*objectname) [1ms]
2025-03-10 16:59:23.459 [info] > git ls-tree -l HEAD -- /home/dillan/OneDrive_dsuon/webpage/startpage.html [5ms]
2025-03-10 16:59:23.465 [info] > git ls-tree -l HEAD -- /home/dillan/OneDrive_dsuon/webpage/startpage.html [6ms]
2025-03-10 16:59:23.471 [info] > git show --textconv HEAD:startpage.html [6ms]
2025-03-10 16:59:23.473 [info] > git show --textconv HEAD:startpage.html [2ms]
2025-03-10 16:59:26.520 [info] > git config --get commit.template [7ms]
2025-03-10 16:59:26.521 [info] > git for-each-ref --format=%(refname)%00%(upstream:short)%00%(objectname)%00%(upstream:track)%00%(upstream:remotename)%00%(upstream:remoteref) refs/heads/master refs/remotes/master [1ms]
2025-03-10 16:59:26.532 [info] > git status -z -uall [6ms]
2025-03-10 16:59:26.532 [info] > git for-each-ref --sort -committerdate --format %(refname) %(objectname) %(*objectname) [1ms]
2025-03-10 16:59:43.199 [info] > git config --get commit.template [7ms]
2025-03-10 16:59:43.200 [info] > git for-each-ref --format=%(refname)%00%(upstream:short)%00%(objectname)%00%(upstream:track)%00%(upstream:remotename)%00%(upstream:remoteref) refs/heads/master refs/remotes/master [1ms]
2025-03-10 16:59:43.209 [info] > git status -z -uall [5ms]
2025-03-10 16:59:43.210 [info] > git for-each-ref --sort -committerdate --format %(refname) %(objectname) %(*objectname) [1ms]
2025-03-10 16:59:43.300 [info] > git ls-tree -l HEAD -- /home/dillan/OneDrive_dsuon/webpage/startpage.html [7ms]
2025-03-10 16:59:43.300 [info] > git ls-tree -l HEAD -- /home/dillan/OneDrive_dsuon/webpage/startpage.html [1ms]
2025-03-10 16:59:43.311 [info] > git show --textconv HEAD:startpage.html [5ms]
2025-03-10 16:59:43.312 [info] > git show --textconv HEAD:startpage.html [2ms]
2025-03-10 16:59:48.230 [info] > git config --get commit.template [8ms]
2025-03-10 16:59:48.230 [info] > git for-each-ref --format=%(refname)%00%(upstream:short)%00%(objectname)%00%(upstream:track)%00%(upstream:remotename)%00%(upstream:remoteref) refs/heads/master refs/remotes/master [1ms]
2025-03-10 16:59:48.240 [info] > git status -z -uall [5ms]
2025-03-10 16:59:48.241 [info] > git for-each-ref --sort -committerdate --format %(refname) %(objectname) %(*objectname) [1ms]
2025-03-11 09:40:07.145 [info] > git show --textconv :index.html [14ms]
2025-03-11 09:40:07.146 [info] > git ls-files --stage -- /home/dillan/OneDrive_dsuon/webpage/index.html [2ms]
2025-03-11 09:40:07.164 [info] > git cat-file -s c9fbbdbf2bf4ea292531e4cdeaf110d062fbde56 [2ms]
2025-03-11 09:40:07.209 [info] > git blame --root --incremental b793390d33086f8ab0dd28145d2c6ce6511426c2 -- /home/dillan/OneDrive_dsuon/webpage/index.html [3ms]
