2025-03-10 11:11:37.131 [info] [main] Log level: Info
2025-03-10 11:11:37.131 [info] [main] Validating found git in: "git"
2025-03-10 11:11:37.131 [info] [main] Using git "2.48.1" from "git"
2025-03-10 11:11:37.131 [info] [Model][doInitialScan] Initial repository scan started
2025-03-10 11:11:37.131 [info] > git rev-parse --show-toplevel [8ms]
2025-03-10 11:11:37.131 [info] fatal: not a git repository (or any parent up to mount point /)
Stopping at filesystem boundary (GIT_DISCOVERY_ACROSS_FILESYSTEM not set).
2025-03-10 11:11:37.131 [info] > git rev-parse --show-toplevel [381ms]
2025-03-10 11:11:37.131 [info] fatal: not a git repository (or any parent up to mount point /)
Stopping at filesystem boundary (GIT_DISCOVERY_ACROSS_FILESYSTEM not set).
2025-03-10 11:11:37.131 [info] > git rev-parse --show-toplevel [40ms]
2025-03-10 11:11:37.131 [info] fatal: not a git repository (or any parent up to mount point /)
Stopping at filesystem boundary (GIT_DISCOVERY_ACROSS_FILESYSTEM not set).
2025-03-10 11:11:37.131 [info] [Model][doInitialScan] Initial repository scan completed - repositories (0), closed repositories (0), parent repositories (0), unsafe repositories (0)
2025-03-10 11:11:37.272 [info] > git rev-parse --show-toplevel [3ms]
2025-03-10 11:11:37.272 [info] fatal: not a git repository (or any parent up to mount point /)
Stopping at filesystem boundary (GIT_DISCOVERY_ACROSS_FILESYSTEM not set).
2025-03-10 11:12:08.061 [info] [main] Log level: Info
2025-03-10 11:12:08.061 [info] [main] Validating found git in: "git"
2025-03-10 11:12:08.061 [info] [main] Using git "2.48.1" from "git"
2025-03-10 11:12:08.061 [info] [Model][doInitialScan] Initial repository scan started
2025-03-10 11:12:08.061 [info] > git rev-parse --show-toplevel [13ms]
2025-03-10 11:12:08.061 [info] fatal: not a git repository (or any parent up to mount point /)
Stopping at filesystem boundary (GIT_DISCOVERY_ACROSS_FILESYSTEM not set).
2025-03-10 11:12:08.190 [info] > git rev-parse --show-toplevel [119ms]
2025-03-10 11:12:08.190 [info] fatal: not a git repository (or any parent up to mount point /)
Stopping at filesystem boundary (GIT_DISCOVERY_ACROSS_FILESYSTEM not set).
2025-03-10 11:12:08.218 [info] > git rev-parse --show-toplevel [6ms]
2025-03-10 11:12:08.219 [info] fatal: not a git repository (or any parent up to mount point /)
Stopping at filesystem boundary (GIT_DISCOVERY_ACROSS_FILESYSTEM not set).
2025-03-10 11:12:08.234 [info] > git rev-parse --show-toplevel [5ms]
2025-03-10 11:12:08.234 [info] fatal: not a git repository (or any parent up to mount point /)
Stopping at filesystem boundary (GIT_DISCOVERY_ACROSS_FILESYSTEM not set).
2025-03-10 11:12:08.248 [info] > git rev-parse --show-toplevel [3ms]
2025-03-10 11:12:08.248 [info] fatal: not a git repository (or any parent up to mount point /)
Stopping at filesystem boundary (GIT_DISCOVERY_ACROSS_FILESYSTEM not set).
2025-03-10 11:12:08.260 [info] > git rev-parse --show-toplevel [1ms]
2025-03-10 11:12:08.260 [info] fatal: not a git repository (or any parent up to mount point /)
Stopping at filesystem boundary (GIT_DISCOVERY_ACROSS_FILESYSTEM not set).
2025-03-10 11:12:08.260 [info] [Model][doInitialScan] Initial repository scan completed - repositories (0), closed repositories (0), parent repositories (0), unsafe repositories (0)
2025-03-10 11:54:00.678 [info] > git rev-parse --show-toplevel [6ms]
2025-03-10 11:54:00.678 [info] fatal: not a git repository (or any parent up to mount point /)
Stopping at filesystem boundary (GIT_DISCOVERY_ACROSS_FILESYSTEM not set).
2025-03-10 11:54:01.819 [info] > git rev-parse --show-toplevel [2ms]
2025-03-10 11:54:01.819 [info] fatal: not a git repository (or any parent up to mount point /)
Stopping at filesystem boundary (GIT_DISCOVERY_ACROSS_FILESYSTEM not set).
2025-03-10 11:55:00.541 [info] > git rev-parse --show-toplevel [3ms]
2025-03-10 11:55:00.541 [info] fatal: not a git repository (or any parent up to mount point /)
Stopping at filesystem boundary (GIT_DISCOVERY_ACROSS_FILESYSTEM not set).
2025-03-10 11:55:01.744 [info] > git rev-parse --show-toplevel [3ms]
2025-03-10 11:55:01.744 [info] fatal: not a git repository (or any parent up to mount point /)
Stopping at filesystem boundary (GIT_DISCOVERY_ACROSS_FILESYSTEM not set).
2025-03-10 11:55:26.901 [info] > git rev-parse --show-toplevel [6ms]
2025-03-10 11:55:26.901 [info] fatal: not a git repository (or any parent up to mount point /)
Stopping at filesystem boundary (GIT_DISCOVERY_ACROSS_FILESYSTEM not set).
2025-03-10 11:55:34.383 [info] > git rev-parse --show-toplevel [4ms]
2025-03-10 11:55:34.384 [info] fatal: not a git repository (or any parent up to mount point /)
Stopping at filesystem boundary (GIT_DISCOVERY_ACROSS_FILESYSTEM not set).
2025-03-10 11:55:48.620 [info] > git rev-parse --show-toplevel [2ms]
2025-03-10 11:55:48.620 [info] fatal: not a git repository (or any parent up to mount point /)
Stopping at filesystem boundary (GIT_DISCOVERY_ACROSS_FILESYSTEM not set).
2025-03-10 11:56:01.386 [info] > git rev-parse --show-toplevel [3ms]
2025-03-10 11:56:01.386 [info] fatal: not a git repository (or any parent up to mount point /)
Stopping at filesystem boundary (GIT_DISCOVERY_ACROSS_FILESYSTEM not set).
2025-03-10 11:56:39.492 [info] > git rev-parse --show-toplevel [4ms]
2025-03-10 11:56:39.492 [info] fatal: not a git repository (or any parent up to mount point /)
Stopping at filesystem boundary (GIT_DISCOVERY_ACROSS_FILESYSTEM not set).
2025-03-10 11:56:42.686 [info] > git rev-parse --show-toplevel [2ms]
2025-03-10 11:56:42.686 [info] fatal: not a git repository (or any parent up to mount point /)
Stopping at filesystem boundary (GIT_DISCOVERY_ACROSS_FILESYSTEM not set).
2025-03-10 11:56:51.112 [info] > git rev-parse --show-toplevel [4ms]
2025-03-10 11:56:51.112 [info] fatal: not a git repository (or any parent up to mount point /)
Stopping at filesystem boundary (GIT_DISCOVERY_ACROSS_FILESYSTEM not set).
2025-03-10 11:57:00.514 [info] > git rev-parse --show-toplevel [3ms]
2025-03-10 11:57:00.514 [info] fatal: not a git repository (or any parent up to mount point /)
Stopping at filesystem boundary (GIT_DISCOVERY_ACROSS_FILESYSTEM not set).
2025-03-10 12:54:23.574 [info] > git rev-parse --show-toplevel [3ms]
2025-03-10 12:54:23.574 [info] fatal: not a git repository (or any parent up to mount point /)
Stopping at filesystem boundary (GIT_DISCOVERY_ACROSS_FILESYSTEM not set).
2025-03-10 12:54:44.582 [info] > git rev-parse --show-toplevel [4ms]
2025-03-10 12:54:44.582 [info] fatal: not a git repository (or any parent up to mount point /)
Stopping at filesystem boundary (GIT_DISCOVERY_ACROSS_FILESYSTEM not set).
2025-03-10 12:55:46.355 [info] > git rev-parse --show-toplevel [2ms]
2025-03-10 12:55:46.356 [info] fatal: not a git repository (or any parent up to mount point /)
Stopping at filesystem boundary (GIT_DISCOVERY_ACROSS_FILESYSTEM not set).
2025-03-10 12:56:03.404 [info] > git rev-parse --show-toplevel [2ms]
2025-03-10 12:56:03.404 [info] fatal: not a git repository (or any parent up to mount point /)
Stopping at filesystem boundary (GIT_DISCOVERY_ACROSS_FILESYSTEM not set).
2025-03-10 12:58:31.495 [info] > git rev-parse --show-toplevel [3ms]
2025-03-10 12:58:31.495 [info] fatal: not a git repository (or any parent up to mount point /)
Stopping at filesystem boundary (GIT_DISCOVERY_ACROSS_FILESYSTEM not set).
2025-03-10 12:58:35.735 [info] > git rev-parse --show-toplevel [3ms]
2025-03-10 12:58:35.735 [info] fatal: not a git repository (or any parent up to mount point /)
Stopping at filesystem boundary (GIT_DISCOVERY_ACROSS_FILESYSTEM not set).
2025-03-10 12:58:39.968 [info] > git rev-parse --show-toplevel [4ms]
2025-03-10 12:58:39.968 [info] fatal: not a git repository (or any parent up to mount point /)
Stopping at filesystem boundary (GIT_DISCOVERY_ACROSS_FILESYSTEM not set).
2025-03-10 12:59:07.777 [info] > git rev-parse --show-toplevel [2ms]
2025-03-10 12:59:07.777 [info] fatal: not a git repository (or any parent up to mount point /)
Stopping at filesystem boundary (GIT_DISCOVERY_ACROSS_FILESYSTEM not set).
2025-03-10 13:00:00.481 [info] > git rev-parse --show-toplevel [2ms]
2025-03-10 13:00:00.481 [info] fatal: not a git repository (or any parent up to mount point /)
Stopping at filesystem boundary (GIT_DISCOVERY_ACROSS_FILESYSTEM not set).
2025-03-10 13:00:13.818 [info] > git rev-parse --show-toplevel [4ms]
2025-03-10 13:00:13.819 [info] fatal: not a git repository (or any parent up to mount point /)
Stopping at filesystem boundary (GIT_DISCOVERY_ACROSS_FILESYSTEM not set).
2025-03-10 13:02:06.729 [info] > git rev-parse --show-toplevel [3ms]
2025-03-10 13:02:06.729 [info] fatal: not a git repository (or any parent up to mount point /)
Stopping at filesystem boundary (GIT_DISCOVERY_ACROSS_FILESYSTEM not set).
2025-03-10 13:02:17.299 [info] > git rev-parse --show-toplevel [3ms]
2025-03-10 13:02:17.299 [info] fatal: not a git repository (or any parent up to mount point /)
Stopping at filesystem boundary (GIT_DISCOVERY_ACROSS_FILESYSTEM not set).
2025-03-10 13:04:23.490 [info] > git rev-parse --show-toplevel [4ms]
2025-03-10 13:04:23.490 [info] fatal: not a git repository (or any parent up to mount point /)
Stopping at filesystem boundary (GIT_DISCOVERY_ACROSS_FILESYSTEM not set).
2025-03-10 13:04:35.031 [info] > git rev-parse --show-toplevel [2ms]
2025-03-10 13:04:35.032 [info] fatal: not a git repository (or any parent up to mount point /)
Stopping at filesystem boundary (GIT_DISCOVERY_ACROSS_FILESYSTEM not set).
2025-03-10 13:07:00.405 [info] > git rev-parse --show-toplevel [2ms]
2025-03-10 13:07:00.405 [info] fatal: not a git repository (or any parent up to mount point /)
Stopping at filesystem boundary (GIT_DISCOVERY_ACROSS_FILESYSTEM not set).
2025-03-10 13:07:01.177 [info] > git rev-parse --show-toplevel [3ms]
2025-03-10 13:07:01.177 [info] fatal: not a git repository (or any parent up to mount point /)
Stopping at filesystem boundary (GIT_DISCOVERY_ACROSS_FILESYSTEM not set).
2025-03-10 13:07:07.403 [info] > git rev-parse --show-toplevel [5ms]
2025-03-10 13:07:07.403 [info] fatal: not a git repository (or any parent up to mount point /)
Stopping at filesystem boundary (GIT_DISCOVERY_ACROSS_FILESYSTEM not set).
2025-03-10 13:07:49.441 [info] > git rev-parse --show-toplevel [2ms]
2025-03-10 13:07:49.441 [info] fatal: not a git repository (or any parent up to mount point /)
Stopping at filesystem boundary (GIT_DISCOVERY_ACROSS_FILESYSTEM not set).
2025-03-10 13:08:28.860 [info] > git rev-parse --show-toplevel [4ms]
2025-03-10 13:08:28.860 [info] fatal: not a git repository (or any parent up to mount point /)
Stopping at filesystem boundary (GIT_DISCOVERY_ACROSS_FILESYSTEM not set).
2025-03-10 13:08:53.779 [info] > git rev-parse --show-toplevel [4ms]
2025-03-10 13:08:53.779 [info] fatal: not a git repository (or any parent up to mount point /)
Stopping at filesystem boundary (GIT_DISCOVERY_ACROSS_FILESYSTEM not set).
2025-03-10 13:08:54.503 [info] > git rev-parse --show-toplevel [5ms]
2025-03-10 13:08:54.503 [info] fatal: not a git repository (or any parent up to mount point /)
Stopping at filesystem boundary (GIT_DISCOVERY_ACROSS_FILESYSTEM not set).
2025-03-10 13:09:08.383 [info] > git rev-parse --show-toplevel [3ms]
2025-03-10 13:09:08.383 [info] fatal: not a git repository (or any parent up to mount point /)
Stopping at filesystem boundary (GIT_DISCOVERY_ACROSS_FILESYSTEM not set).
2025-03-10 13:12:02.076 [info] > git rev-parse --show-toplevel [4ms]
2025-03-10 13:12:02.076 [info] fatal: not a git repository (or any parent up to mount point /)
Stopping at filesystem boundary (GIT_DISCOVERY_ACROSS_FILESYSTEM not set).
2025-03-10 13:12:30.320 [info] > git rev-parse --show-toplevel [3ms]
2025-03-10 13:12:30.320 [info] fatal: not a git repository (or any parent up to mount point /)
Stopping at filesystem boundary (GIT_DISCOVERY_ACROSS_FILESYSTEM not set).
2025-03-10 13:14:06.100 [info] > git rev-parse --show-toplevel [3ms]
2025-03-10 13:14:06.100 [info] fatal: not a git repository (or any parent up to mount point /)
Stopping at filesystem boundary (GIT_DISCOVERY_ACROSS_FILESYSTEM not set).
2025-03-10 13:14:25.263 [info] > git rev-parse --show-toplevel [2ms]
2025-03-10 13:14:25.263 [info] fatal: not a git repository (or any parent up to mount point /)
Stopping at filesystem boundary (GIT_DISCOVERY_ACROSS_FILESYSTEM not set).
2025-03-10 13:14:28.406 [info] > git rev-parse --show-toplevel [3ms]
2025-03-10 13:14:28.406 [info] fatal: not a git repository (or any parent up to mount point /)
Stopping at filesystem boundary (GIT_DISCOVERY_ACROSS_FILESYSTEM not set).
2025-03-10 13:14:30.082 [info] > git rev-parse --show-toplevel [3ms]
2025-03-10 13:14:30.082 [info] fatal: not a git repository (or any parent up to mount point /)
Stopping at filesystem boundary (GIT_DISCOVERY_ACROSS_FILESYSTEM not set).
2025-03-10 13:15:05.198 [info] > git rev-parse --show-toplevel [3ms]
2025-03-10 13:15:05.198 [info] fatal: not a git repository (or any parent up to mount point /)
Stopping at filesystem boundary (GIT_DISCOVERY_ACROSS_FILESYSTEM not set).
2025-03-10 13:15:10.795 [info] > git rev-parse --show-toplevel [2ms]
2025-03-10 13:15:10.795 [info] fatal: not a git repository (or any parent up to mount point /)
Stopping at filesystem boundary (GIT_DISCOVERY_ACROSS_FILESYSTEM not set).
2025-03-10 13:15:56.007 [info] > git rev-parse --show-toplevel [3ms]
2025-03-10 13:15:56.007 [info] fatal: not a git repository (or any parent up to mount point /)
Stopping at filesystem boundary (GIT_DISCOVERY_ACROSS_FILESYSTEM not set).
2025-03-10 13:16:37.279 [info] > git rev-parse --show-toplevel [2ms]
2025-03-10 13:16:37.279 [info] fatal: not a git repository (or any parent up to mount point /)
Stopping at filesystem boundary (GIT_DISCOVERY_ACROSS_FILESYSTEM not set).
2025-03-10 13:17:46.730 [info] > git rev-parse --show-toplevel [2ms]
2025-03-10 13:17:46.730 [info] fatal: not a git repository (or any parent up to mount point /)
Stopping at filesystem boundary (GIT_DISCOVERY_ACROSS_FILESYSTEM not set).
2025-03-10 13:19:28.110 [info] > git rev-parse --show-toplevel [3ms]
2025-03-10 13:19:28.110 [info] fatal: not a git repository (or any parent up to mount point /)
Stopping at filesystem boundary (GIT_DISCOVERY_ACROSS_FILESYSTEM not set).
2025-03-10 13:19:39.397 [info] > git rev-parse --show-toplevel [3ms]
2025-03-10 13:19:39.398 [info] fatal: not a git repository (or any parent up to mount point /)
Stopping at filesystem boundary (GIT_DISCOVERY_ACROSS_FILESYSTEM not set).
2025-03-10 13:19:55.592 [info] > git rev-parse --show-toplevel [3ms]
2025-03-10 13:19:55.592 [info] fatal: not a git repository (or any parent up to mount point /)
Stopping at filesystem boundary (GIT_DISCOVERY_ACROSS_FILESYSTEM not set).
2025-03-10 13:20:23.397 [info] > git rev-parse --show-toplevel [4ms]
2025-03-10 13:20:23.397 [info] fatal: not a git repository (or any parent up to mount point /)
Stopping at filesystem boundary (GIT_DISCOVERY_ACROSS_FILESYSTEM not set).
2025-03-10 13:20:24.915 [info] > git rev-parse --show-toplevel [5ms]
2025-03-10 13:20:24.915 [info] fatal: not a git repository (or any parent up to mount point /)
Stopping at filesystem boundary (GIT_DISCOVERY_ACROSS_FILESYSTEM not set).
2025-03-10 13:22:07.815 [info] > git rev-parse --show-toplevel [3ms]
2025-03-10 13:22:07.815 [info] fatal: not a git repository (or any parent up to mount point /)
Stopping at filesystem boundary (GIT_DISCOVERY_ACROSS_FILESYSTEM not set).
2025-03-10 13:23:34.167 [info] > git rev-parse --show-toplevel [4ms]
2025-03-10 13:23:34.167 [info] fatal: not a git repository (or any parent up to mount point /)
Stopping at filesystem boundary (GIT_DISCOVERY_ACROSS_FILESYSTEM not set).
2025-03-10 13:23:42.233 [info] > git rev-parse --show-toplevel [2ms]
2025-03-10 13:23:42.233 [info] fatal: not a git repository (or any parent up to mount point /)
Stopping at filesystem boundary (GIT_DISCOVERY_ACROSS_FILESYSTEM not set).
2025-03-10 13:25:01.921 [info] > git rev-parse --show-toplevel [3ms]
2025-03-10 13:25:01.921 [info] fatal: not a git repository (or any parent up to mount point /)
Stopping at filesystem boundary (GIT_DISCOVERY_ACROSS_FILESYSTEM not set).
2025-03-10 13:25:16.908 [info] > git rev-parse --show-toplevel [3ms]
2025-03-10 13:25:16.908 [info] fatal: not a git repository (or any parent up to mount point /)
Stopping at filesystem boundary (GIT_DISCOVERY_ACROSS_FILESYSTEM not set).
2025-03-10 13:25:57.736 [info] > git rev-parse --show-toplevel [3ms]
2025-03-10 13:25:57.736 [info] fatal: not a git repository (or any parent up to mount point /)
Stopping at filesystem boundary (GIT_DISCOVERY_ACROSS_FILESYSTEM not set).
2025-03-10 13:26:06.297 [info] > git rev-parse --show-toplevel [3ms]
2025-03-10 13:26:06.297 [info] fatal: not a git repository (or any parent up to mount point /)
Stopping at filesystem boundary (GIT_DISCOVERY_ACROSS_FILESYSTEM not set).
2025-03-10 13:27:02.658 [info] > git rev-parse --show-toplevel [3ms]
2025-03-10 13:27:02.658 [info] fatal: not a git repository (or any parent up to mount point /)
Stopping at filesystem boundary (GIT_DISCOVERY_ACROSS_FILESYSTEM not set).
2025-03-10 13:27:05.989 [info] > git rev-parse --show-toplevel [4ms]
2025-03-10 13:27:05.989 [info] fatal: not a git repository (or any parent up to mount point /)
Stopping at filesystem boundary (GIT_DISCOVERY_ACROSS_FILESYSTEM not set).
2025-03-10 13:27:11.204 [info] > git rev-parse --show-toplevel [2ms]
2025-03-10 13:27:11.204 [info] fatal: not a git repository (or any parent up to mount point /)
Stopping at filesystem boundary (GIT_DISCOVERY_ACROSS_FILESYSTEM not set).
2025-03-10 13:27:18.355 [info] > git rev-parse --show-toplevel [4ms]
2025-03-10 13:27:18.355 [info] fatal: not a git repository (or any parent up to mount point /)
Stopping at filesystem boundary (GIT_DISCOVERY_ACROSS_FILESYSTEM not set).
2025-03-10 13:27:20.503 [info] > git rev-parse --show-toplevel [3ms]
2025-03-10 13:27:20.503 [info] fatal: not a git repository (or any parent up to mount point /)
Stopping at filesystem boundary (GIT_DISCOVERY_ACROSS_FILESYSTEM not set).
2025-03-10 13:27:27.255 [info] > git rev-parse --show-toplevel [4ms]
2025-03-10 13:27:27.255 [info] fatal: not a git repository (or any parent up to mount point /)
Stopping at filesystem boundary (GIT_DISCOVERY_ACROSS_FILESYSTEM not set).
2025-03-10 13:27:29.854 [info] > git rev-parse --show-toplevel [3ms]
2025-03-10 13:27:29.854 [info] fatal: not a git repository (or any parent up to mount point /)
Stopping at filesystem boundary (GIT_DISCOVERY_ACROSS_FILESYSTEM not set).
2025-03-10 13:29:49.607 [info] > git rev-parse --show-toplevel [2ms]
2025-03-10 13:29:49.607 [info] fatal: not a git repository (or any parent up to mount point /)
Stopping at filesystem boundary (GIT_DISCOVERY_ACROSS_FILESYSTEM not set).
2025-03-10 13:29:56.541 [info] > git rev-parse --show-toplevel [2ms]
2025-03-10 13:29:56.553 [info] > git rev-parse --git-dir --git-common-dir [1ms]
2025-03-10 13:29:56.566 [info] [Model][openRepository] Opened repository: /home/dillan/OneDrive_dsuon/webpage
2025-03-10 13:29:56.584 [info] > git config --get commit.template [3ms]
2025-03-10 13:29:56.598 [info] [Git][getRemotes] No remotes found in the git config file
2025-03-10 13:29:56.600 [info] > git for-each-ref --format=%(refname)%00%(upstream:short)%00%(objectname)%00%(upstream:track)%00%(upstream:remotename)%00%(upstream:remoteref) refs/heads/master refs/remotes/master [3ms]
2025-03-10 13:29:56.600 [warning] [Git][getBranch] No such branch: master
2025-03-10 13:29:56.629 [info] > git status -z -uall [16ms]
2025-03-10 13:29:56.631 [info] > git for-each-ref --sort -committerdate --format %(refname) %(objectname) %(*objectname) [5ms]
2025-03-10 13:29:56.666 [info] > git for-each-ref --format=%(refname)%00%(upstream:short)%00%(objectname)%00%(upstream:track)%00%(upstream:remotename)%00%(upstream:remoteref) refs/heads/master refs/remotes/master [16ms]
2025-03-10 13:29:56.666 [warning] [Git][getBranch] No such branch: master
2025-03-10 13:29:56.667 [error] [GitHistoryProvider][resolveHEADMergeBase] Failed to resolve merge base for master: Error: No such branch: master.
2025-03-10 13:29:56.678 [info] > git config --get commit.template [13ms]
2025-03-10 13:29:56.692 [info] [Git][getRemotes] No remotes found in the git config file
2025-03-10 13:29:56.694 [info] > git for-each-ref --format=%(refname)%00%(upstream:short)%00%(objectname)%00%(upstream:track)%00%(upstream:remotename)%00%(upstream:remoteref) refs/heads/master refs/remotes/master [2ms]
2025-03-10 13:29:56.694 [warning] [Git][getBranch] No such branch: master
2025-03-10 13:29:56.720 [info] > git status -z -uall [13ms]
2025-03-10 13:29:56.722 [info] > git for-each-ref --sort -committerdate --format %(refname) %(objectname) %(*objectname) [3ms]
2025-03-10 13:29:57.144 [info] > git check-ignore -v -z --stdin [3ms]
2025-03-10 13:30:17.641 [info] > git log --format=%H%n%aN%n%aE%n%at%n%ct%n%P%n%D%n%B -z --shortstat --diff-merges=first-parent -n50 --skip=0 --topo-order --decorate=full --stdin [1ms]
2025-03-10 13:30:17.641 [info] fatal: bad revision 'refs/heads/master'
2025-03-10 13:30:17.642 [error] [GitHistoryProvider][provideHistoryItems] Failed to get history items with options '{"historyItemRefs":["refs/heads/master"],"limit":50,"skip":0}': Failed to execute git {
  "exitCode": 128,
  "gitCommand": "log",
  "stdout": "",
  "stderr": "fatal: bad revision 'refs/heads/master'\n"
}
2025-03-10 13:30:18.308 [info] > git check-ignore -v -z --stdin [3ms]
2025-03-10 13:30:19.947 [info] > git check-ignore -v -z --stdin [2ms]
2025-03-10 13:31:17.155 [info] > git add -A -- /home/dillan/OneDrive_dsuon/webpage/index.html [3ms]
2025-03-10 13:31:17.176 [info] [Git][getRemotes] No remotes found in the git config file
2025-03-10 13:31:17.177 [info] > git config --get commit.template [10ms]
2025-03-10 13:31:17.178 [info] > git for-each-ref --format=%(refname)%00%(upstream:short)%00%(objectname)%00%(upstream:track)%00%(upstream:remotename)%00%(upstream:remoteref) refs/heads/master refs/remotes/master [2ms]
2025-03-10 13:31:17.178 [warning] [Git][getBranch] No such branch: master
2025-03-10 13:31:17.198 [info] > git status -z -uall [11ms]
2025-03-10 13:31:17.200 [info] > git for-each-ref --sort -committerdate --format %(refname) %(objectname) %(*objectname) [2ms]
2025-03-10 13:31:18.255 [info] [Git][getRemotes] No remotes found in the git config file
2025-03-10 13:31:18.256 [info] > git config --get commit.template [13ms]
2025-03-10 13:31:18.257 [info] > git for-each-ref --format=%(refname)%00%(upstream:short)%00%(objectname)%00%(upstream:track)%00%(upstream:remotename)%00%(upstream:remoteref) refs/heads/master refs/remotes/master [2ms]
2025-03-10 13:31:18.257 [warning] [Git][getBranch] No such branch: master
2025-03-10 13:31:18.280 [info] > git status -z -uall [12ms]
2025-03-10 13:31:18.281 [info] > git for-each-ref --sort -committerdate --format %(refname) %(objectname) %(*objectname) [3ms]
2025-03-10 13:31:24.565 [info] > git add -A -- /home/dillan/OneDrive_dsuon/webpage/startpage.html /home/dillan/OneDrive_dsuon/webpage/test.html /home/dillan/OneDrive_dsuon/webpage/webpage.code-workspace /home/dillan/OneDrive_dsuon/webpage/css/portfolio.css /home/dillan/OneDrive_dsuon/webpage/css/startpage.css /home/dillan/OneDrive_dsuon/webpage/css/style.css /home/dillan/OneDrive_dsuon/webpage/js/app.js /home/dillan/OneDrive_dsuon/webpage/js/slideshow.js /home/dillan/OneDrive_dsuon/webpage/Photos/photo1.jpg /home/dillan/OneDrive_dsuon/webpage/Photos/photo2.jpg /home/dillan/OneDrive_dsuon/webpage/Photos/photo3.jpg /home/dillan/OneDrive_dsuon/webpage/Photos/photo4.jpg /home/dillan/OneDrive_dsuon/webpage/Photos/photo5.jpg /home/dillan/OneDrive_dsuon/webpage/Photos/photo6.jpg /home/dillan/OneDrive_dsuon/webpage/Photos/photo7.jpg /home/dillan/OneDrive_dsuon/webpage/Photos/photo8.jpg /home/dillan/OneDrive_dsuon/webpage/Photos/photo9.jpg /home/dillan/OneDrive_dsuon/webpage/Photos/photo10.jpg /home/dillan/OneDrive_dsuon/webpage/resume/resume-preview.html /home/dillan/OneDrive_dsuon/webpage/RSA-Sim/345project.html /home/dillan/OneDrive_dsuon/webpage/RSA-Sim/rsa-simulator.js /home/dillan/OneDrive_dsuon/webpage/RSA-Sim/rsa.png /home/dillan/OneDrive_dsuon/webpage/RSA-Sim/styles.css [1162ms]
2025-03-10 13:31:24.586 [info] [Git][getRemotes] No remotes found in the git config file
2025-03-10 13:31:24.587 [info] > git config --get commit.template [10ms]
2025-03-10 13:31:24.588 [info] > git for-each-ref --format=%(refname)%00%(upstream:short)%00%(objectname)%00%(upstream:track)%00%(upstream:remotename)%00%(upstream:remoteref) refs/heads/master refs/remotes/master [2ms]
2025-03-10 13:31:24.588 [warning] [Git][getBranch] No such branch: master
2025-03-10 13:31:24.609 [info] > git status -z -uall [11ms]
2025-03-10 13:31:24.611 [info] > git for-each-ref --sort -committerdate --format %(refname) %(objectname) %(*objectname) [3ms]
2025-03-10 13:31:24.942 [info] > git show --textconv :startpage.html [10ms]
2025-03-10 13:31:24.964 [info] > git show --textconv HEAD:startpage.html [22ms]
2025-03-10 13:31:24.964 [info] > git ls-files --stage -- /home/dillan/OneDrive_dsuon/webpage/startpage.html [11ms]
2025-03-10 13:31:24.983 [info] > git cat-file -s 5c132ca920c696b9370b8378490c321eadcdf71c [11ms]
2025-03-10 13:31:24.984 [info] > git ls-tree -l HEAD -- /home/dillan/OneDrive_dsuon/webpage/startpage.html [21ms]
2025-03-10 13:31:24.984 [info] fatal: Not a valid object name HEAD
2025-03-10 13:31:24.993 [info] > git hash-object -t tree /dev/null [11ms]
2025-03-10 13:31:24.994 [warning] [GitFileSystemProvider][readFile] File not found - git:/home/dillan/OneDrive_dsuon/webpage/startpage.html.git?%7B%22path%22%3A%22%2Fhome%2Fdillan%2FOneDrive_dsuon%2Fwebpage%2Fstartpage.html%22%2C%22ref%22%3A%22HEAD%22%7D
2025-03-10 13:31:24.997 [info] > git hash-object -t tree /dev/null [4ms]
2025-03-10 13:31:24.997 [warning] [GitFileSystemProvider][stat] File not found - git:/home/dillan/OneDrive_dsuon/webpage/startpage.html.git?%7B%22path%22%3A%22%2Fhome%2Fdillan%2FOneDrive_dsuon%2Fwebpage%2Fstartpage.html%22%2C%22ref%22%3A%22HEAD%22%7D
2025-03-10 13:31:25.664 [info] [Git][getRemotes] No remotes found in the git config file
2025-03-10 13:31:25.665 [info] > git config --get commit.template [11ms]
2025-03-10 13:31:25.666 [info] > git for-each-ref --format=%(refname)%00%(upstream:short)%00%(objectname)%00%(upstream:track)%00%(upstream:remotename)%00%(upstream:remoteref) refs/heads/master refs/remotes/master [2ms]
2025-03-10 13:31:25.666 [warning] [Git][getBranch] No such branch: master
2025-03-10 13:31:25.685 [info] > git status -z -uall [10ms]
2025-03-10 13:31:25.687 [info] > git for-each-ref --sort -committerdate --format %(refname) %(objectname) %(*objectname) [2ms]
2025-03-10 13:31:25.757 [info] > git ls-files --stage -- /home/dillan/OneDrive_dsuon/webpage/startpage.html [2ms]
2025-03-10 13:31:25.768 [info] > git cat-file -s 5c132ca920c696b9370b8378490c321eadcdf71c [2ms]
2025-03-10 13:31:25.783 [info] > git show --textconv :startpage.html [2ms]
2025-03-10 13:31:31.005 [info] > git -c user.useConfigOnly=true commit --quiet --allow-empty-message --file - [5ms]
2025-03-10 13:31:31.005 [info] Author identity unknown

*** Please tell me who you are.

Run

  git config --global user.email "you@example.com"
  git config --global user.name "Your Name"

to set your account's default identity.
Omit --global to set the identity only in this repository.

fatal: no email was given and auto-detection is disabled
2025-03-10 13:31:31.019 [info] > git config --get-all user.name [2ms]
2025-03-10 13:31:31.036 [info] > git config --get commit.template [3ms]
2025-03-10 13:31:31.048 [info] [Git][getRemotes] No remotes found in the git config file
2025-03-10 13:31:31.050 [info] > git for-each-ref --format=%(refname)%00%(upstream:short)%00%(objectname)%00%(upstream:track)%00%(upstream:remotename)%00%(upstream:remoteref) refs/heads/master refs/remotes/master [2ms]
2025-03-10 13:31:31.050 [warning] [Git][getBranch] No such branch: master
2025-03-10 13:31:31.073 [info] > git status -z -uall [13ms]
2025-03-10 13:31:31.074 [info] > git for-each-ref --sort -committerdate --format %(refname) %(objectname) %(*objectname) [2ms]
2025-03-10 13:31:32.101 [info] [Git][getRemotes] No remotes found in the git config file
2025-03-10 13:31:32.112 [info] > git config --get commit.template [12ms]
2025-03-10 13:31:32.113 [info] > git for-each-ref --format=%(refname)%00%(upstream:short)%00%(objectname)%00%(upstream:track)%00%(upstream:remotename)%00%(upstream:remoteref) refs/heads/master refs/remotes/master [2ms]
2025-03-10 13:31:32.113 [warning] [Git][getBranch] No such branch: master
2025-03-10 13:31:32.134 [info] > git status -z -uall [12ms]
2025-03-10 13:31:32.136 [info] > git for-each-ref --sort -committerdate --format %(refname) %(objectname) %(*objectname) [3ms]
2025-03-10 13:31:32.205 [info] > git ls-files --stage -- /home/dillan/OneDrive_dsuon/webpage/startpage.html [2ms]
2025-03-10 13:31:32.219 [info] > git cat-file -s 5c132ca920c696b9370b8378490c321eadcdf71c [3ms]
2025-03-10 13:31:32.232 [info] > git show --textconv :startpage.html [2ms]
2025-03-10 13:32:36.706 [info] > git -c user.useConfigOnly=true commit --quiet --allow-empty-message --file - [3ms]
2025-03-10 13:32:36.706 [info] Author identity unknown

*** Please tell me who you are.

Run

  git config --global user.email "you@example.com"
  git config --global user.name "Your Name"

to set your account's default identity.
Omit --global to set the identity only in this repository.

fatal: no email was given and auto-detection is disabled
2025-03-10 13:32:36.721 [info] > git config --get-all user.name [2ms]
2025-03-10 13:32:36.746 [info] [Git][getRemotes] No remotes found in the git config file
2025-03-10 13:32:36.748 [info] > git for-each-ref --format=%(refname)%00%(upstream:short)%00%(objectname)%00%(upstream:track)%00%(upstream:remotename)%00%(upstream:remoteref) refs/heads/master refs/remotes/master [3ms]
2025-03-10 13:32:36.749 [warning] [Git][getBranch] No such branch: master
2025-03-10 13:32:36.749 [info] > git config --get commit.template [15ms]
2025-03-10 13:32:36.772 [info] > git status -z -uall [12ms]
2025-03-10 13:32:36.773 [info] > git for-each-ref --sort -committerdate --format %(refname) %(objectname) %(*objectname) [2ms]
2025-03-10 13:33:33.125 [info] [Git][getRemotes] No remotes found in the git config file
2025-03-10 13:33:33.126 [info] > git config --get commit.template [11ms]
2025-03-10 13:33:33.127 [info] > git for-each-ref --format=%(refname)%00%(upstream:short)%00%(objectname)%00%(upstream:track)%00%(upstream:remotename)%00%(upstream:remoteref) refs/heads/master refs/remotes/master [3ms]
2025-03-10 13:33:33.127 [warning] [Git][getBranch] No such branch: master
2025-03-10 13:33:33.149 [info] > git status -z -uall [12ms]
2025-03-10 13:33:33.150 [info] > git for-each-ref --sort -committerdate --format %(refname) %(objectname) %(*objectname) [2ms]
2025-03-10 13:33:33.217 [info] > git ls-files --stage -- /home/dillan/OneDrive_dsuon/webpage/startpage.html [2ms]
2025-03-10 13:33:33.231 [info] > git cat-file -s 5c132ca920c696b9370b8378490c321eadcdf71c [3ms]
2025-03-10 13:33:33.247 [info] > git show --textconv :startpage.html [3ms]
2025-03-10 13:34:56.108 [info] > git -c user.useConfigOnly=true commit --quiet --allow-empty-message --file - [7ms]
2025-03-10 13:34:56.124 [info] > git config --get commit.template [2ms]
2025-03-10 13:34:56.142 [info] > git config --get commit.template [2ms]
2025-03-10 13:34:56.153 [info] [Git][getRemotes] No remotes found in the git config file
2025-03-10 13:34:56.156 [info] > git for-each-ref --format=%(refname)%00%(upstream:short)%00%(objectname)%00%(upstream:track)%00%(upstream:remotename)%00%(upstream:remoteref) refs/heads/master refs/remotes/master [3ms]
2025-03-10 13:34:56.184 [info] > git status -z -uall [15ms]
2025-03-10 13:34:56.187 [info] > git for-each-ref --sort -committerdate --format %(refname) %(objectname) %(*objectname) [3ms]
2025-03-10 13:34:56.247 [info] > git blame --root --incremental ca95d85b37ea876a2f8a1740afd5a5e7629d7487 -- /home/dillan/OneDrive_dsuon/webpage/startpage.html [3ms]
2025-03-10 13:34:56.277 [info] [Git][getRemotes] No remotes found in the git config file
2025-03-10 13:34:56.278 [info] > git config --get commit.template [4ms]
2025-03-10 13:34:56.298 [info] > git for-each-ref --format=%(refname)%00%(upstream:short)%00%(objectname)%00%(upstream:track)%00%(upstream:remotename)%00%(upstream:remoteref) refs/heads/master refs/remotes/master [2ms]
2025-03-10 13:34:56.330 [info] > git status -z -uall [15ms]
2025-03-10 13:34:56.332 [info] > git for-each-ref --sort -committerdate --format %(refname) %(objectname) %(*objectname) [3ms]
2025-03-10 13:34:56.335 [info] > git log --format=%H%n%aN%n%aE%n%at%n%ct%n%P%n%D%n%B -z --shortstat --diff-merges=first-parent -n50 --skip=0 --topo-order --decorate=full --stdin [108ms]
2025-03-10 13:34:57.312 [info] > git ls-files --stage -- /home/dillan/OneDrive_dsuon/webpage/startpage.html [3ms]
2025-03-10 13:34:57.326 [info] > git cat-file -s 5c132ca920c696b9370b8378490c321eadcdf71c [2ms]
2025-03-10 13:34:57.341 [info] > git show --textconv :startpage.html [3ms]
2025-03-10 13:36:15.194 [info] > git show --textconv :index.html [13ms]
2025-03-10 13:36:15.195 [info] > git ls-files --stage -- /home/dillan/OneDrive_dsuon/webpage/index.html [2ms]
2025-03-10 13:36:15.208 [info] > git cat-file -s 0607be59e54d686517c9eb9752dae953ed82d3d2 [3ms]
2025-03-10 13:36:15.233 [info] > git blame --root --incremental ca95d85b37ea876a2f8a1740afd5a5e7629d7487 -- /home/dillan/OneDrive_dsuon/webpage/index.html [3ms]
2025-03-10 13:38:40.011 [info] > git config --get commit.template [2ms]
2025-03-10 13:38:40.012 [info] [Git][getRemotes] No remotes found in the git config file
2025-03-10 13:38:40.028 [info] > git for-each-ref --format=%(refname)%00%(upstream:short)%00%(objectname)%00%(upstream:track)%00%(upstream:remotename)%00%(upstream:remoteref) refs/heads/master refs/remotes/master [2ms]
2025-03-10 13:38:40.059 [info] > git status -z -uall [16ms]
2025-03-10 13:38:40.060 [info] > git for-each-ref --sort -committerdate --format %(refname) %(objectname) %(*objectname) [2ms]
2025-03-10 13:38:54.235 [info] [Git][getRemotes] No remotes found in the git config file
2025-03-10 13:38:54.236 [info] > git config --get commit.template [11ms]
2025-03-10 13:38:54.237 [info] > git for-each-ref --format=%(refname)%00%(upstream:short)%00%(objectname)%00%(upstream:track)%00%(upstream:remotename)%00%(upstream:remoteref) refs/heads/master refs/remotes/master [2ms]
2025-03-10 13:38:54.258 [info] > git status -z -uall [11ms]
2025-03-10 13:38:54.259 [info] > git for-each-ref --sort -committerdate --format %(refname) %(objectname) %(*objectname) [3ms]
2025-03-10 13:40:22.152 [info] > git show --textconv :test.html [12ms]
2025-03-10 13:40:22.153 [info] > git ls-files --stage -- /home/dillan/OneDrive_dsuon/webpage/test.html [2ms]
2025-03-10 13:40:22.166 [info] > git cat-file -s 74e07e4ca1ea342626531b6198ed1a6b701ee3bb [3ms]
2025-03-10 13:40:22.190 [info] > git blame --root --incremental ca95d85b37ea876a2f8a1740afd5a5e7629d7487 -- /home/dillan/OneDrive_dsuon/webpage/test.html [3ms]
2025-03-10 13:40:24.339 [info] > git show --textconv :index.html [11ms]
2025-03-10 13:40:24.340 [info] > git ls-files --stage -- /home/dillan/OneDrive_dsuon/webpage/index.html [2ms]
2025-03-10 13:40:24.352 [info] > git cat-file -s 0607be59e54d686517c9eb9752dae953ed82d3d2 [2ms]
2025-03-10 13:40:32.959 [info] > git show --textconv :test.html [13ms]
2025-03-10 13:40:32.960 [info] > git ls-files --stage -- /home/dillan/OneDrive_dsuon/webpage/test.html [3ms]
2025-03-10 13:40:32.973 [info] > git cat-file -s 74e07e4ca1ea342626531b6198ed1a6b701ee3bb [2ms]
2025-03-10 13:40:40.483 [info] [Git][getRemotes] No remotes found in the git config file
2025-03-10 13:40:40.484 [info] > git config --get commit.template [9ms]
2025-03-10 13:40:40.485 [info] > git for-each-ref --format=%(refname)%00%(upstream:short)%00%(objectname)%00%(upstream:track)%00%(upstream:remotename)%00%(upstream:remoteref) refs/heads/master refs/remotes/master [2ms]
2025-03-10 13:40:40.503 [info] > git status -z -uall [10ms]
2025-03-10 13:40:40.504 [info] > git for-each-ref --sort -committerdate --format %(refname) %(objectname) %(*objectname) [2ms]
2025-03-10 13:40:45.530 [info] [Git][getRemotes] No remotes found in the git config file
2025-03-10 13:40:45.531 [info] > git config --get commit.template [11ms]
2025-03-10 13:40:45.532 [info] > git for-each-ref --format=%(refname)%00%(upstream:short)%00%(objectname)%00%(upstream:track)%00%(upstream:remotename)%00%(upstream:remoteref) refs/heads/master refs/remotes/master [2ms]
2025-03-10 13:40:45.550 [info] > git status -z -uall [10ms]
2025-03-10 13:40:45.552 [info] > git for-each-ref --sort -committerdate --format %(refname) %(objectname) %(*objectname) [2ms]
2025-03-10 13:41:15.587 [info] > git show --textconv :startpage.html [16ms]
2025-03-10 13:41:15.588 [info] > git ls-files --stage -- /home/dillan/OneDrive_dsuon/webpage/startpage.html [2ms]
2025-03-10 13:41:15.603 [info] > git cat-file -s 5c132ca920c696b9370b8378490c321eadcdf71c [2ms]
2025-03-10 13:42:58.323 [info] > git show --textconv :index.html [13ms]
2025-03-10 13:42:58.324 [info] > git ls-files --stage -- /home/dillan/OneDrive_dsuon/webpage/index.html [2ms]
2025-03-10 13:42:58.338 [info] > git cat-file -s 0607be59e54d686517c9eb9752dae953ed82d3d2 [3ms]
2025-03-10 13:44:00.764 [info] > git show --textconv :css/portfolio.css [11ms]
2025-03-10 13:44:00.765 [info] > git ls-files --stage -- /home/dillan/OneDrive_dsuon/webpage/css/portfolio.css [2ms]
2025-03-10 13:44:00.777 [info] > git cat-file -s 88c5663c167bcc87afeab58874bb77e74c9db50e [2ms]
2025-03-10 13:44:00.798 [info] > git blame --root --incremental ca95d85b37ea876a2f8a1740afd5a5e7629d7487 -- /home/dillan/OneDrive_dsuon/webpage/css/portfolio.css [3ms]
2025-03-10 13:44:25.436 [info] > git show --textconv :js/slideshow.js [15ms]
2025-03-10 13:44:25.438 [info] > git ls-files --stage -- /home/dillan/OneDrive_dsuon/webpage/js/slideshow.js [3ms]
2025-03-10 13:44:25.451 [info] > git cat-file -s d068d40cbd641bd65552202ba2e4404844ef8b93 [3ms]
2025-03-10 13:44:25.472 [info] > git blame --root --incremental ca95d85b37ea876a2f8a1740afd5a5e7629d7487 -- /home/dillan/OneDrive_dsuon/webpage/js/slideshow.js [2ms]
2025-03-10 13:45:54.663 [info] > git show --textconv :css/portfolio.css [13ms]
2025-03-10 13:45:54.664 [info] > git ls-files --stage -- /home/dillan/OneDrive_dsuon/webpage/css/portfolio.css [2ms]
2025-03-10 13:45:54.678 [info] > git cat-file -s 88c5663c167bcc87afeab58874bb77e74c9db50e [3ms]
2025-03-10 13:46:44.101 [info] [Git][getRemotes] No remotes found in the git config file
2025-03-10 13:46:44.102 [info] > git config --get commit.template [10ms]
2025-03-10 13:46:44.103 [info] > git for-each-ref --format=%(refname)%00%(upstream:short)%00%(objectname)%00%(upstream:track)%00%(upstream:remotename)%00%(upstream:remoteref) refs/heads/master refs/remotes/master [2ms]
2025-03-10 13:46:44.123 [info] > git status -z -uall [11ms]
2025-03-10 13:46:44.124 [info] > git for-each-ref --sort -committerdate --format %(refname) %(objectname) %(*objectname) [2ms]
2025-03-10 13:46:49.143 [info] [Git][getRemotes] No remotes found in the git config file
2025-03-10 13:46:49.156 [info] > git config --get commit.template [13ms]
2025-03-10 13:46:49.157 [info] > git for-each-ref --format=%(refname)%00%(upstream:short)%00%(objectname)%00%(upstream:track)%00%(upstream:remotename)%00%(upstream:remoteref) refs/heads/master refs/remotes/master [2ms]
2025-03-10 13:46:49.181 [info] > git status -z -uall [13ms]
2025-03-10 13:46:49.182 [info] > git for-each-ref --sort -committerdate --format %(refname) %(objectname) %(*objectname) [3ms]
2025-03-10 13:48:48.074 [info] [Git][getRemotes] No remotes found in the git config file
2025-03-10 13:48:48.075 [info] > git config --get commit.template [12ms]
2025-03-10 13:48:48.076 [info] > git for-each-ref --format=%(refname)%00%(upstream:short)%00%(objectname)%00%(upstream:track)%00%(upstream:remotename)%00%(upstream:remoteref) refs/heads/master refs/remotes/master [2ms]
2025-03-10 13:48:48.097 [info] > git status -z -uall [11ms]
2025-03-10 13:48:48.099 [info] > git for-each-ref --sort -committerdate --format %(refname) %(objectname) %(*objectname) [2ms]
2025-03-10 13:48:53.115 [info] [Git][getRemotes] No remotes found in the git config file
2025-03-10 13:48:53.125 [info] > git config --get commit.template [10ms]
2025-03-10 13:48:53.126 [info] > git for-each-ref --format=%(refname)%00%(upstream:short)%00%(objectname)%00%(upstream:track)%00%(upstream:remotename)%00%(upstream:remoteref) refs/heads/master refs/remotes/master [2ms]
2025-03-10 13:48:53.146 [info] > git status -z -uall [10ms]
2025-03-10 13:48:53.147 [info] > git for-each-ref --sort -committerdate --format %(refname) %(objectname) %(*objectname) [2ms]
2025-03-10 13:49:07.937 [info] [Git][getRemotes] No remotes found in the git config file
2025-03-10 13:49:07.948 [info] > git config --get commit.template [12ms]
2025-03-10 13:49:07.949 [info] > git for-each-ref --format=%(refname)%00%(upstream:short)%00%(objectname)%00%(upstream:track)%00%(upstream:remotename)%00%(upstream:remoteref) refs/heads/master refs/remotes/master [2ms]
2025-03-10 13:49:07.972 [info] > git status -z -uall [12ms]
2025-03-10 13:49:07.974 [info] > git for-each-ref --sort -committerdate --format %(refname) %(objectname) %(*objectname) [3ms]
2025-03-10 13:49:13.000 [info] [Git][getRemotes] No remotes found in the git config file
2025-03-10 13:49:13.001 [info] > git config --get commit.template [11ms]
2025-03-10 13:49:13.002 [info] > git for-each-ref --format=%(refname)%00%(upstream:short)%00%(objectname)%00%(upstream:track)%00%(upstream:remotename)%00%(upstream:remoteref) refs/heads/master refs/remotes/master [2ms]
2025-03-10 13:49:13.022 [info] > git status -z -uall [11ms]
2025-03-10 13:49:13.024 [info] > git for-each-ref --sort -committerdate --format %(refname) %(objectname) %(*objectname) [2ms]
2025-03-10 13:49:20.468 [info] [Git][getRemotes] No remotes found in the git config file
2025-03-10 13:49:20.469 [info] > git config --get commit.template [11ms]
2025-03-10 13:49:20.470 [info] > git for-each-ref --format=%(refname)%00%(upstream:short)%00%(objectname)%00%(upstream:track)%00%(upstream:remotename)%00%(upstream:remoteref) refs/heads/master refs/remotes/master [2ms]
2025-03-10 13:49:20.490 [info] > git status -z -uall [10ms]
2025-03-10 13:49:20.492 [info] > git for-each-ref --sort -committerdate --format %(refname) %(objectname) %(*objectname) [2ms]
2025-03-10 13:49:25.355 [info] > git show --textconv :css/style.css [13ms]
2025-03-10 13:49:25.357 [info] > git ls-files --stage -- /home/dillan/OneDrive_dsuon/webpage/css/style.css [1ms]
2025-03-10 13:49:25.370 [info] > git cat-file -s 2223ea430d4e577af4a536e5df6d3baa02082074 [3ms]
2025-03-10 13:49:25.521 [info] [Git][getRemotes] No remotes found in the git config file
2025-03-10 13:49:25.522 [info] > git config --get commit.template [14ms]
2025-03-10 13:49:25.523 [info] > git for-each-ref --format=%(refname)%00%(upstream:short)%00%(objectname)%00%(upstream:track)%00%(upstream:remotename)%00%(upstream:remoteref) refs/heads/master refs/remotes/master [2ms]
2025-03-10 13:49:25.549 [info] > git status -z -uall [13ms]
2025-03-10 13:49:25.550 [info] > git for-each-ref --sort -committerdate --format %(refname) %(objectname) %(*objectname) [2ms]
2025-03-10 13:49:38.456 [info] > git blame --root --incremental ca95d85b37ea876a2f8a1740afd5a5e7629d7487 -- /home/dillan/OneDrive_dsuon/webpage/css/style.css [3ms]
2025-03-10 13:49:45.637 [info] [Git][getRemotes] No remotes found in the git config file
2025-03-10 13:49:45.637 [info] > git config --get commit.template [10ms]
2025-03-10 13:49:45.638 [info] > git for-each-ref --format=%(refname)%00%(upstream:short)%00%(objectname)%00%(upstream:track)%00%(upstream:remotename)%00%(upstream:remoteref) refs/heads/master refs/remotes/master [2ms]
2025-03-10 13:49:45.657 [info] > git status -z -uall [10ms]
2025-03-10 13:49:45.658 [info] > git for-each-ref --sort -committerdate --format %(refname) %(objectname) %(*objectname) [2ms]
2025-03-10 13:49:56.225 [info] [Git][getRemotes] No remotes found in the git config file
2025-03-10 13:49:56.226 [info] > git config --get commit.template [12ms]
2025-03-10 13:49:56.227 [info] > git for-each-ref --format=%(refname)%00%(upstream:short)%00%(objectname)%00%(upstream:track)%00%(upstream:remotename)%00%(upstream:remoteref) refs/heads/master refs/remotes/master [2ms]
2025-03-10 13:49:56.247 [info] > git status -z -uall [11ms]
2025-03-10 13:49:56.249 [info] > git for-each-ref --sort -committerdate --format %(refname) %(objectname) %(*objectname) [2ms]
2025-03-10 13:50:10.368 [info] > git show --textconv :css/startpage.css [12ms]
2025-03-10 13:50:10.370 [info] > git ls-files --stage -- /home/dillan/OneDrive_dsuon/webpage/css/startpage.css [3ms]
2025-03-10 13:50:10.382 [info] > git cat-file -s c34187061788d97e8a882a8613a94db3beb79a97 [2ms]
2025-03-10 13:50:10.405 [info] > git blame --root --incremental ca95d85b37ea876a2f8a1740afd5a5e7629d7487 -- /home/dillan/OneDrive_dsuon/webpage/css/startpage.css [4ms]
2025-03-10 13:50:23.057 [info] > git show --textconv :css/style.css [15ms]
2025-03-10 13:50:23.058 [info] > git ls-files --stage -- /home/dillan/OneDrive_dsuon/webpage/css/style.css [3ms]
2025-03-10 13:50:23.073 [info] > git cat-file -s 2223ea430d4e577af4a536e5df6d3baa02082074 [3ms]
2025-03-10 13:50:38.033 [info] [Git][getRemotes] No remotes found in the git config file
2025-03-10 13:50:38.034 [info] > git config --get commit.template [11ms]
2025-03-10 13:50:38.035 [info] > git for-each-ref --format=%(refname)%00%(upstream:short)%00%(objectname)%00%(upstream:track)%00%(upstream:remotename)%00%(upstream:remoteref) refs/heads/master refs/remotes/master [2ms]
2025-03-10 13:50:38.058 [info] > git status -z -uall [13ms]
2025-03-10 13:50:38.059 [info] > git for-each-ref --sort -committerdate --format %(refname) %(objectname) %(*objectname) [2ms]
2025-03-10 13:50:39.567 [info] > git show --textconv :css/startpage.css [11ms]
2025-03-10 13:50:39.568 [info] > git ls-files --stage -- /home/dillan/OneDrive_dsuon/webpage/css/startpage.css [2ms]
2025-03-10 13:50:39.580 [info] > git cat-file -s c34187061788d97e8a882a8613a94db3beb79a97 [2ms]
2025-03-10 13:50:43.077 [info] > git config --get commit.template [2ms]
2025-03-10 13:50:43.086 [info] [Git][getRemotes] No remotes found in the git config file
2025-03-10 13:50:43.088 [info] > git for-each-ref --format=%(refname)%00%(upstream:short)%00%(objectname)%00%(upstream:track)%00%(upstream:remotename)%00%(upstream:remoteref) refs/heads/master refs/remotes/master [2ms]
2025-03-10 13:50:43.112 [info] > git status -z -uall [12ms]
2025-03-10 13:50:43.114 [info] > git for-each-ref --sort -committerdate --format %(refname) %(objectname) %(*objectname) [3ms]
2025-03-10 13:51:06.712 [info] [Git][getRemotes] No remotes found in the git config file
2025-03-10 13:51:06.713 [info] > git config --get commit.template [12ms]
2025-03-10 13:51:06.714 [info] > git for-each-ref --format=%(refname)%00%(upstream:short)%00%(objectname)%00%(upstream:track)%00%(upstream:remotename)%00%(upstream:remoteref) refs/heads/master refs/remotes/master [2ms]
2025-03-10 13:51:06.735 [info] > git status -z -uall [11ms]
2025-03-10 13:51:06.736 [info] > git for-each-ref --sort -committerdate --format %(refname) %(objectname) %(*objectname) [3ms]
2025-03-10 13:51:11.763 [info] [Git][getRemotes] No remotes found in the git config file
2025-03-10 13:51:11.763 [info] > git config --get commit.template [10ms]
2025-03-10 13:51:11.765 [info] > git for-each-ref --format=%(refname)%00%(upstream:short)%00%(objectname)%00%(upstream:track)%00%(upstream:remotename)%00%(upstream:remoteref) refs/heads/master refs/remotes/master [3ms]
2025-03-10 13:51:11.785 [info] > git status -z -uall [11ms]
2025-03-10 13:51:11.786 [info] > git for-each-ref --sort -committerdate --format %(refname) %(objectname) %(*objectname) [2ms]
2025-03-10 14:09:16.535 [info] [Git][getRemotes] No remotes found in the git config file
2025-03-10 14:09:16.537 [info] > git config --get commit.template [16ms]
2025-03-10 14:09:16.538 [info] > git for-each-ref --format=%(refname)%00%(upstream:short)%00%(objectname)%00%(upstream:track)%00%(upstream:remotename)%00%(upstream:remoteref) refs/heads/master refs/remotes/master [3ms]
2025-03-10 14:09:16.568 [info] > git status -z -uall [15ms]
2025-03-10 14:09:16.569 [info] > git for-each-ref --sort -committerdate --format %(refname) %(objectname) %(*objectname) [2ms]
2025-03-10 14:09:16.595 [info] > git show --textconv :css/style.css [12ms]
2025-03-10 14:09:16.597 [info] > git ls-files --stage -- /home/dillan/OneDrive_dsuon/webpage/css/style.css [2ms]
2025-03-10 14:09:16.612 [info] > git cat-file -s 2223ea430d4e577af4a536e5df6d3baa02082074 [3ms]
2025-03-10 14:10:16.502 [info] > git show --textconv :css/portfolio.css [13ms]
2025-03-10 14:10:16.503 [info] > git ls-files --stage -- /home/dillan/OneDrive_dsuon/webpage/css/portfolio.css [2ms]
2025-03-10 14:10:16.517 [info] > git cat-file -s 88c5663c167bcc87afeab58874bb77e74c9db50e [2ms]
2025-03-10 14:11:06.884 [info] [Git][getRemotes] No remotes found in the git config file
2025-03-10 14:11:06.885 [info] > git config --get commit.template [12ms]
2025-03-10 14:11:06.886 [info] > git for-each-ref --format=%(refname)%00%(upstream:short)%00%(objectname)%00%(upstream:track)%00%(upstream:remotename)%00%(upstream:remoteref) refs/heads/master refs/remotes/master [2ms]
2025-03-10 14:11:06.906 [info] > git status -z -uall [10ms]
2025-03-10 14:11:06.908 [info] > git for-each-ref --sort -committerdate --format %(refname) %(objectname) %(*objectname) [3ms]
2025-03-10 14:11:11.937 [info] [Git][getRemotes] No remotes found in the git config file
2025-03-10 14:11:11.938 [info] > git config --get commit.template [12ms]
2025-03-10 14:11:11.939 [info] > git for-each-ref --format=%(refname)%00%(upstream:short)%00%(objectname)%00%(upstream:track)%00%(upstream:remotename)%00%(upstream:remoteref) refs/heads/master refs/remotes/master [2ms]
2025-03-10 14:11:11.959 [info] > git status -z -uall [11ms]
2025-03-10 14:11:11.961 [info] > git for-each-ref --sort -committerdate --format %(refname) %(objectname) %(*objectname) [3ms]
2025-03-10 14:11:51.887 [info] [Git][getRemotes] No remotes found in the git config file
2025-03-10 14:11:51.888 [info] > git config --get commit.template [13ms]
2025-03-10 14:11:51.889 [info] > git for-each-ref --format=%(refname)%00%(upstream:short)%00%(objectname)%00%(upstream:track)%00%(upstream:remotename)%00%(upstream:remoteref) refs/heads/master refs/remotes/master [2ms]
2025-03-10 14:11:51.913 [info] > git status -z -uall [12ms]
2025-03-10 14:11:51.915 [info] > git for-each-ref --sort -committerdate --format %(refname) %(objectname) %(*objectname) [2ms]
2025-03-10 14:11:56.944 [info] [Git][getRemotes] No remotes found in the git config file
2025-03-10 14:11:56.945 [info] > git config --get commit.template [11ms]
2025-03-10 14:11:56.946 [info] > git for-each-ref --format=%(refname)%00%(upstream:short)%00%(objectname)%00%(upstream:track)%00%(upstream:remotename)%00%(upstream:remoteref) refs/heads/master refs/remotes/master [2ms]
2025-03-10 14:11:56.968 [info] > git status -z -uall [12ms]
2025-03-10 14:11:56.971 [info] > git for-each-ref --sort -committerdate --format %(refname) %(objectname) %(*objectname) [3ms]
2025-03-10 14:12:37.593 [info] [Git][getRemotes] No remotes found in the git config file
2025-03-10 14:12:37.593 [info] > git config --get commit.template [10ms]
2025-03-10 14:12:37.595 [info] > git for-each-ref --format=%(refname)%00%(upstream:short)%00%(objectname)%00%(upstream:track)%00%(upstream:remotename)%00%(upstream:remoteref) refs/heads/master refs/remotes/master [2ms]
2025-03-10 14:12:37.615 [info] > git status -z -uall [11ms]
2025-03-10 14:12:37.616 [info] > git for-each-ref --sort -committerdate --format %(refname) %(objectname) %(*objectname) [2ms]
2025-03-10 14:12:42.643 [info] [Git][getRemotes] No remotes found in the git config file
2025-03-10 14:12:42.644 [info] > git config --get commit.template [11ms]
2025-03-10 14:12:42.645 [info] > git for-each-ref --format=%(refname)%00%(upstream:short)%00%(objectname)%00%(upstream:track)%00%(upstream:remotename)%00%(upstream:remoteref) refs/heads/master refs/remotes/master [2ms]
2025-03-10 14:12:42.664 [info] > git status -z -uall [10ms]
2025-03-10 14:12:42.665 [info] > git for-each-ref --sort -committerdate --format %(refname) %(objectname) %(*objectname) [2ms]
2025-03-10 14:13:01.311 [info] [Git][getRemotes] No remotes found in the git config file
2025-03-10 14:13:01.311 [info] > git config --get commit.template [11ms]
2025-03-10 14:13:01.313 [info] > git for-each-ref --format=%(refname)%00%(upstream:short)%00%(objectname)%00%(upstream:track)%00%(upstream:remotename)%00%(upstream:remoteref) refs/heads/master refs/remotes/master [1ms]
2025-03-10 14:13:01.333 [info] > git status -z -uall [12ms]
2025-03-10 14:13:01.334 [info] > git for-each-ref --sort -committerdate --format %(refname) %(objectname) %(*objectname) [2ms]
2025-03-10 14:13:06.358 [info] [Git][getRemotes] No remotes found in the git config file
2025-03-10 14:13:06.358 [info] > git config --get commit.template [11ms]
2025-03-10 14:13:06.359 [info] > git for-each-ref --format=%(refname)%00%(upstream:short)%00%(objectname)%00%(upstream:track)%00%(upstream:remotename)%00%(upstream:remoteref) refs/heads/master refs/remotes/master [2ms]
2025-03-10 14:13:06.381 [info] > git status -z -uall [11ms]
2025-03-10 14:13:06.382 [info] > git for-each-ref --sort -committerdate --format %(refname) %(objectname) %(*objectname) [2ms]
2025-03-10 14:16:33.988 [info] [Git][getRemotes] No remotes found in the git config file
2025-03-10 14:16:33.989 [info] > git config --get commit.template [12ms]
2025-03-10 14:16:33.990 [info] > git for-each-ref --format=%(refname)%00%(upstream:short)%00%(objectname)%00%(upstream:track)%00%(upstream:remotename)%00%(upstream:remoteref) refs/heads/master refs/remotes/master [2ms]
2025-03-10 14:16:34.012 [info] > git status -z -uall [11ms]
2025-03-10 14:16:34.014 [info] > git for-each-ref --sort -committerdate --format %(refname) %(objectname) %(*objectname) [3ms]
2025-03-10 14:16:39.041 [info] [Git][getRemotes] No remotes found in the git config file
2025-03-10 14:16:39.041 [info] > git config --get commit.template [10ms]
2025-03-10 14:16:39.042 [info] > git for-each-ref --format=%(refname)%00%(upstream:short)%00%(objectname)%00%(upstream:track)%00%(upstream:remotename)%00%(upstream:remoteref) refs/heads/master refs/remotes/master [2ms]
2025-03-10 14:16:39.061 [info] > git status -z -uall [10ms]
2025-03-10 14:16:39.063 [info] > git for-each-ref --sort -committerdate --format %(refname) %(objectname) %(*objectname) [2ms]
2025-03-10 14:17:00.740 [info] > git config --get commit.template [2ms]
2025-03-10 14:17:00.751 [info] [Git][getRemotes] No remotes found in the git config file
2025-03-10 14:17:00.754 [info] > git for-each-ref --format=%(refname)%00%(upstream:short)%00%(objectname)%00%(upstream:track)%00%(upstream:remotename)%00%(upstream:remoteref) refs/heads/master refs/remotes/master [2ms]
2025-03-10 14:17:00.774 [info] > git status -z -uall [11ms]
2025-03-10 14:17:00.776 [info] > git for-each-ref --sort -committerdate --format %(refname) %(objectname) %(*objectname) [2ms]
2025-03-10 14:17:05.805 [info] [Git][getRemotes] No remotes found in the git config file
2025-03-10 14:17:05.806 [info] > git config --get commit.template [12ms]
2025-03-10 14:17:05.807 [info] > git for-each-ref --format=%(refname)%00%(upstream:short)%00%(objectname)%00%(upstream:track)%00%(upstream:remotename)%00%(upstream:remoteref) refs/heads/master refs/remotes/master [2ms]
2025-03-10 14:17:05.828 [info] > git status -z -uall [10ms]
2025-03-10 14:17:05.830 [info] > git for-each-ref --sort -committerdate --format %(refname) %(objectname) %(*objectname) [3ms]
2025-03-10 14:20:40.746 [info] [Git][getRemotes] No remotes found in the git config file
2025-03-10 14:20:40.758 [info] > git config --get commit.template [14ms]
2025-03-10 14:20:40.759 [info] > git for-each-ref --format=%(refname)%00%(upstream:short)%00%(objectname)%00%(upstream:track)%00%(upstream:remotename)%00%(upstream:remoteref) refs/heads/master refs/remotes/master [2ms]
2025-03-10 14:20:40.781 [info] > git status -z -uall [11ms]
2025-03-10 14:20:40.783 [info] > git for-each-ref --sort -committerdate --format %(refname) %(objectname) %(*objectname) [2ms]
2025-03-10 14:20:45.802 [info] [Git][getRemotes] No remotes found in the git config file
2025-03-10 14:20:45.813 [info] > git config --get commit.template [12ms]
2025-03-10 14:20:45.814 [info] > git for-each-ref --format=%(refname)%00%(upstream:short)%00%(objectname)%00%(upstream:track)%00%(upstream:remotename)%00%(upstream:remoteref) refs/heads/master refs/remotes/master [2ms]
2025-03-10 14:20:45.834 [info] > git status -z -uall [11ms]
2025-03-10 14:20:45.837 [info] > git for-each-ref --sort -committerdate --format %(refname) %(objectname) %(*objectname) [3ms]
2025-03-10 14:21:21.028 [info] [Git][getRemotes] No remotes found in the git config file
2025-03-10 14:21:21.028 [info] > git config --get commit.template [12ms]
2025-03-10 14:21:21.030 [info] > git for-each-ref --format=%(refname)%00%(upstream:short)%00%(objectname)%00%(upstream:track)%00%(upstream:remotename)%00%(upstream:remoteref) refs/heads/master refs/remotes/master [3ms]
2025-03-10 14:21:21.053 [info] > git status -z -uall [12ms]
2025-03-10 14:21:21.055 [info] > git for-each-ref --sort -committerdate --format %(refname) %(objectname) %(*objectname) [2ms]
2025-03-10 14:21:26.080 [info] [Git][getRemotes] No remotes found in the git config file
2025-03-10 14:21:26.081 [info] > git config --get commit.template [11ms]
2025-03-10 14:21:26.082 [info] > git for-each-ref --format=%(refname)%00%(upstream:short)%00%(objectname)%00%(upstream:track)%00%(upstream:remotename)%00%(upstream:remoteref) refs/heads/master refs/remotes/master [2ms]
2025-03-10 14:21:26.101 [info] > git status -z -uall [10ms]
2025-03-10 14:21:26.103 [info] > git for-each-ref --sort -committerdate --format %(refname) %(objectname) %(*objectname) [2ms]
2025-03-10 14:30:52.778 [info] [Git][getRemotes] No remotes found in the git config file
2025-03-10 14:30:52.779 [info] > git config --get commit.template [11ms]
2025-03-10 14:30:52.780 [info] > git for-each-ref --format=%(refname)%00%(upstream:short)%00%(objectname)%00%(upstream:track)%00%(upstream:remotename)%00%(upstream:remoteref) refs/heads/master refs/remotes/master [2ms]
2025-03-10 14:30:52.803 [info] > git status -z -uall [12ms]
2025-03-10 14:30:52.804 [info] > git for-each-ref --sort -committerdate --format %(refname) %(objectname) %(*objectname) [2ms]
