2025-03-10 11:11:34.114 [warning] Via 'product.json#extensionEnabledApiProposals' extension 'ms-vscode.vscode-selfhost-test-provider' wants API proposal 'attributableCoverage' but that proposal DOES NOT EXIST. Likely, the proposal has been finalized (check 'vscode.d.ts') or was abandoned.
2025-03-10 11:11:34.115 [warning] Via 'product.json#extensionEnabledApiProposals' extension 'ms-python.python' wants API proposal 'contribIssueReporter' but that proposal DOES NOT EXIST. Likely, the proposal has been finalized (check 'vscode.d.ts') or was abandoned.
2025-03-10 11:11:34.115 [warning] Via 'product.json#extensionEnabledApiProposals' extension 'ms-python.debugpy' wants API proposal 'contribIssueReporter' but that proposal DOES NOT EXIST. Likely, the proposal has been finalized (check 'vscode.d.ts') or was abandoned.
2025-03-10 11:11:34.115 [warning] Via 'product.json#extensionEnabledApiProposals' extension 'redhat.java' wants API proposal 'documentPaste' but that proposal DOES NOT EXIST. Likely, the proposal has been finalized (check 'vscode.d.ts') or was abandoned.
2025-03-10 11:11:34.752 [info] Started local extension host with pid 245652.
2025-03-10 11:11:37.657 [info] [perf] Render performance baseline is 50ms
2025-03-10 11:11:47.214 [error] Error while getting the latest version for the extension redhat.java. Fetch timeout: 10000ms
2025-03-10 11:12:05.108 [warning] Via 'product.json#extensionEnabledApiProposals' extension 'ms-vscode.vscode-selfhost-test-provider' wants API proposal 'attributableCoverage' but that proposal DOES NOT EXIST. Likely, the proposal has been finalized (check 'vscode.d.ts') or was abandoned.
2025-03-10 11:12:05.108 [warning] Via 'product.json#extensionEnabledApiProposals' extension 'ms-python.python' wants API proposal 'contribIssueReporter' but that proposal DOES NOT EXIST. Likely, the proposal has been finalized (check 'vscode.d.ts') or was abandoned.
2025-03-10 11:12:05.109 [warning] Via 'product.json#extensionEnabledApiProposals' extension 'ms-python.debugpy' wants API proposal 'contribIssueReporter' but that proposal DOES NOT EXIST. Likely, the proposal has been finalized (check 'vscode.d.ts') or was abandoned.
2025-03-10 11:12:05.109 [warning] Via 'product.json#extensionEnabledApiProposals' extension 'redhat.java' wants API proposal 'documentPaste' but that proposal DOES NOT EXIST. Likely, the proposal has been finalized (check 'vscode.d.ts') or was abandoned.
2025-03-10 11:12:05.601 [info] Started local extension host with pid 246165.
2025-03-10 11:12:08.351 [info] [perf] Render performance baseline is 37ms
2025-03-10 11:21:42.539 [error] An unknown error occurred. Please consult the log for more details.
2025-03-10 11:27:03.733 [error] An unknown error occurred. Please consult the log for more details.
2025-03-10 11:43:36.445 [error] An unknown error occurred. Please consult the log for more details.
2025-03-10 11:48:00.486 [error] An unknown error occurred. Please consult the log for more details.
2025-03-10 11:48:59.052 [error] An unknown error occurred. Please consult the log for more details.
2025-03-10 11:49:35.029 [error] An unknown error occurred. Please consult the log for more details.
2025-03-10 11:49:36.633 [error] An unknown error occurred. Please consult the log for more details.
2025-03-10 11:49:54.595 [error] An unknown error occurred. Please consult the log for more details.
2025-03-10 11:50:36.331 [error] An unknown error occurred. Please consult the log for more details.
2025-03-10 11:51:04.418 [error] An unknown error occurred. Please consult the log for more details.
2025-03-10 11:56:15.427 [error] An unknown error occurred. Please consult the log for more details.
2025-03-10 12:59:36.753 [error] An unknown error occurred. Please consult the log for more details.
2025-03-10 13:10:03.558 [error] An unknown error occurred. Please consult the log for more details.
2025-03-10 13:10:28.586 [error] An unknown error occurred. Please consult the log for more details.
2025-03-10 13:10:39.047 [error] An unknown error occurred. Please consult the log for more details.
2025-03-10 13:13:06.143 [error] An unknown error occurred. Please consult the log for more details.
2025-03-10 13:13:07.561 [error] An unknown error occurred. Please consult the log for more details.
2025-03-10 13:13:08.970 [error] An unknown error occurred. Please consult the log for more details.
2025-03-10 13:13:13.617 [error] An unknown error occurred. Please consult the log for more details.
2025-03-10 13:13:18.075 [error] An unknown error occurred. Please consult the log for more details.
2025-03-10 13:13:24.720 [error] An unknown error occurred. Please consult the log for more details.
2025-03-10 13:13:26.766 [error] An unknown error occurred. Please consult the log for more details.
2025-03-10 13:13:37.541 [error] An unknown error occurred. Please consult the log for more details.
2025-03-10 13:13:38.555 [error] An unknown error occurred. Please consult the log for more details.
2025-03-10 13:13:40.765 [error] An unknown error occurred. Please consult the log for more details.
2025-03-10 13:13:42.137 [error] An unknown error occurred. Please consult the log for more details.
2025-03-10 13:17:43.253 [error] Error: The editor could not be opened because the file was not found.
    at rbe.handleSetInputError (vscode-file://vscode-app/opt/vscodium-bin/resources/app/out/vs/workbench/workbench.desktop.main.js:2107:138504)
    at async rbe.setInput (vscode-file://vscode-app/opt/vscodium-bin/resources/app/out/vs/workbench/workbench.desktop.main.js:2107:137516)
    at async P2e.doSetInput (vscode-file://vscode-app/opt/vscodium-bin/resources/app/out/vs/workbench/workbench.desktop.main.js:526:25289)
    at async P2e.doOpenEditor (vscode-file://vscode-app/opt/vscodium-bin/resources/app/out/vs/workbench/workbench.desktop.main.js:526:23043)
    at async P2e.openEditor (vscode-file://vscode-app/opt/vscodium-bin/resources/app/out/vs/workbench/workbench.desktop.main.js:526:21970)
    at async vscode-file://vscode-app/opt/vscodium-bin/resources/app/out/vs/workbench/workbench.desktop.main.js:638:31972
    at async H9e.doOpenCodeEditor (vscode-file://vscode-app/opt/vscodium-bin/resources/app/out/vs/workbench/workbench.desktop.main.js:1250:36700)
    at async H9e.openCodeEditor (vscode-file://vscode-app/opt/vscodium-bin/resources/app/out/vs/workbench/workbench.desktop.main.js:1250:25466)
    at async w$e.open (vscode-file://vscode-app/opt/vscodium-bin/resources/app/out/vs/workbench/workbench.desktop.main.js:1310:675)
    at async y$e.open (vscode-file://vscode-app/opt/vscodium-bin/resources/app/out/vs/workbench/workbench.desktop.main.js:1310:1945)
2025-03-10 13:17:59.495 [error] An unknown error occurred. Please consult the log for more details.
2025-03-10 13:18:01.916 [error] An unknown error occurred. Please consult the log for more details.
2025-03-10 13:18:05.849 [error] An unknown error occurred. Please consult the log for more details.
2025-03-10 13:18:16.831 [error] An unknown error occurred. Please consult the log for more details.
2025-03-10 13:18:24.042 [error] An unknown error occurred. Please consult the log for more details.
2025-03-10 13:22:12.070 [error] An unknown error occurred. Please consult the log for more details.
2025-03-10 13:22:14.171 [error] An unknown error occurred. Please consult the log for more details.
2025-03-10 13:25:00.486 [error] An unknown error occurred. Please consult the log for more details.
2025-03-10 13:25:37.698 [error] An unknown error occurred. Please consult the log for more details.
2025-03-10 13:26:28.178 [error] An unknown error occurred. Please consult the log for more details.
2025-03-10 13:26:32.403 [error] An unknown error occurred. Please consult the log for more details.
2025-03-10 13:26:39.248 [error] An unknown error occurred. Please consult the log for more details.
2025-03-10 13:26:44.736 [error] An unknown error occurred. Please consult the log for more details.
2025-03-10 13:27:43.748 [error] An unknown error occurred. Please consult the log for more details.
2025-03-10 13:36:43.251 [error] An unknown error occurred. Please consult the log for more details.
2025-03-10 13:36:56.339 [error] An unknown error occurred. Please consult the log for more details.
2025-03-10 13:36:57.369 [error] An unknown error occurred. Please consult the log for more details.
2025-03-10 13:37:06.878 [error] An unknown error occurred. Please consult the log for more details.
2025-03-10 13:37:12.290 [error] An unknown error occurred. Please consult the log for more details.
2025-03-10 13:37:15.979 [error] An unknown error occurred. Please consult the log for more details.
2025-03-10 13:37:17.872 [error] An unknown error occurred. Please consult the log for more details.
2025-03-10 13:37:39.658 [error] An unknown error occurred. Please consult the log for more details.
2025-03-10 13:37:41.338 [error] An unknown error occurred. Please consult the log for more details.
2025-03-10 13:37:43.959 [error] An unknown error occurred. Please consult the log for more details.
2025-03-10 13:37:45.985 [error] An unknown error occurred. Please consult the log for more details.
2025-03-10 13:37:47.711 [error] An unknown error occurred. Please consult the log for more details.
2025-03-10 13:37:49.063 [error] An unknown error occurred. Please consult the log for more details.
2025-03-10 13:37:54.902 [error] An unknown error occurred. Please consult the log for more details.
2025-03-10 13:37:55.928 [error] An unknown error occurred. Please consult the log for more details.
2025-03-10 13:38:05.619 [error] An unknown error occurred. Please consult the log for more details.
2025-03-10 13:38:18.794 [error] An unknown error occurred. Please consult the log for more details.
2025-03-10 13:38:21.451 [error] An unknown error occurred. Please consult the log for more details.
2025-03-10 13:38:27.366 [error] An unknown error occurred. Please consult the log for more details.
2025-03-10 13:38:28.627 [error] An unknown error occurred. Please consult the log for more details.
2025-03-10 13:38:29.958 [error] An unknown error occurred. Please consult the log for more details.
2025-03-10 13:38:36.240 [error] An unknown error occurred. Please consult the log for more details.
