2025-03-13 13:51:04.787 [info] Extension host with pid 1158128 started
2025-03-13 13:51:04.919 [info] ExtensionService#_doActivateExtension vscode.git-base, startup: true, activationEvent: '*', root cause: vscode.git
2025-03-13 13:51:04.926 [info] ExtensionService#_doActivateExtension christian-kohler.path-intellisense, startup: true, activationEvent: '*'
2025-03-13 13:51:04.982 [info] ExtensionService#_doActivateExtension vscode.git, startup: true, activationEvent: '*'
2025-03-13 13:51:05.099 [info] ExtensionService#_doActivateExtension vscode.github, startup: true, activationEvent: '*'
2025-03-13 13:51:05.209 [info] Eager extensions activated
2025-03-13 13:51:05.224 [info] ExtensionService#_doActivateExtension vscode.debug-auto-launch, startup: false, activationEvent: 'onStartupFinished'
2025-03-13 13:51:05.227 [info] ExtensionService#_doActivateExtension vscode.merge-conflict, startup: false, activationEvent: 'onStartupFinished'
2025-03-13 13:51:05.253 [info] ExtensionService#_doActivateExtension ecmel.vscode-html-css, startup: false, activationEvent: 'onStartupFinished'
2025-03-13 13:51:05.256 [info] ExtensionService#_doActivateExtension esbenp.prettier-vscode, startup: false, activationEvent: 'onStartupFinished'
2025-03-13 13:51:05.362 [info] ExtensionService#_doActivateExtension vadimcn.vscode-lldb, startup: false, activationEvent: 'onStartupFinished', root cause: franneck94.vscode-c-cpp-config
2025-03-13 13:51:05.390 [info] ExtensionService#_doActivateExtension PKief.material-icon-theme, startup: false, activationEvent: 'onStartupFinished'
2025-03-13 13:51:05.411 [info] ExtensionService#_doActivateExtension streetsidesoftware.code-spell-checker, startup: false, activationEvent: 'onStartupFinished'
2025-03-13 13:51:05.653 [info] ExtensionService#_doActivateExtension franneck94.vscode-c-cpp-config, startup: false, activationEvent: 'onStartupFinished'
2025-03-13 13:52:24.085 [info] ExtensionService#_doActivateExtension vscode.emmet, startup: false, activationEvent: 'onLanguage'
2025-03-13 13:52:28.388 [info] ExtensionService#_doActivateExtension cschlosser.doxdocgen, startup: false, activationEvent: 'onLanguage:cpp'
2025-03-13 13:52:28.466 [info] ExtensionService#_doActivateExtension franneck94.c-cpp-runner, startup: false, activationEvent: 'onLanguage:cpp'
2025-03-13 13:52:36.836 [info] ExtensionService#_doActivateExtension danielpinto8zz6.c-cpp-compile-run, startup: false, activationEvent: 'onCommand:extension.CompileRun'
2025-03-13 13:52:37.777 [info] ExtensionService#_doActivateExtension vscode.npm, startup: false, activationEvent: 'onTerminalQuickFixRequest:ms-vscode.npm-command'
2025-03-13 14:24:50.844 [info] Extension host terminating: renderer closed the MessagePort
2025-03-13 14:24:50.860 [error] Canceled: Canceled
	at new J3 (file:///opt/vscodium-bin/resources/app/out/vs/workbench/api/node/extensionHostProcess.js:29:118070)
	at $y._remoteCall (file:///opt/vscodium-bin/resources/app/out/vs/workbench/api/node/extensionHostProcess.js:29:124364)
	at s.<computed>.n.charCodeAt.s.<computed> (file:///opt/vscodium-bin/resources/app/out/vs/workbench/api/node/extensionHostProcess.js:29:121123)
	at m0._doExecuteCommand (file:///opt/vscodium-bin/resources/app/out/vs/workbench/api/node/extensionHostProcess.js:112:38347)
	at m0.executeCommand (file:///opt/vscodium-bin/resources/app/out/vs/workbench/api/node/extensionHostProcess.js:112:37786)
	at r.registerCommand.description (file:///opt/vscodium-bin/resources/app/out/vs/workbench/api/node/extensionHostProcess.js:112:37050)
	at m0._executeContributedCommand (file:///opt/vscodium-bin/resources/app/out/vs/workbench/api/node/extensionHostProcess.js:112:38916)
	at m0._doExecuteCommand (file:///opt/vscodium-bin/resources/app/out/vs/workbench/api/node/extensionHostProcess.js:112:37919)
	at m0.executeCommand (file:///opt/vscodium-bin/resources/app/out/vs/workbench/api/node/extensionHostProcess.js:112:37786)
	at Object.executeCommand (file:///opt/vscodium-bin/resources/app/out/vs/workbench/api/node/extensionHostProcess.js:172:42161)
	at setContextValue (/home/dillan/.vscode-oss/extensions/franneck94.c-cpp-runner-9.4.7-universal/dist/main.js:5980:28)
	at Object.deactivate (/home/dillan/.vscode-oss/extensions/franneck94.c-cpp-runner-9.4.7-universal/dist/main.js:3869:39)
	at Iz._deactivate (file:///opt/vscodium-bin/resources/app/out/vs/workbench/api/node/extensionHostProcess.js:116:14502)
	at file:///opt/vscodium-bin/resources/app/out/vs/workbench/api/node/extensionHostProcess.js:116:12013
	at Array.map (<anonymous>)
	at Iz._deactivateAll (file:///opt/vscodium-bin/resources/app/out/vs/workbench/api/node/extensionHostProcess.js:116:12001)
	at Iz.terminate (file:///opt/vscodium-bin/resources/app/out/vs/workbench/api/node/extensionHostProcess.js:116:12354)
	at _7.terminate (file:///opt/vscodium-bin/resources/app/out/vs/workbench/api/node/extensionHostProcess.js:117:1602)
	at rs (file:///opt/vscodium-bin/resources/app/out/vs/workbench/api/node/extensionHostProcess.js:190:16313)
	at MessagePortMain.<anonymous> (file:///opt/vscodium-bin/resources/app/out/vs/workbench/api/node/extensionHostProcess.js:190:12769)
	at MessagePortMain.emit (node:events:518:28)
	at MessagePortMain._internalPort.emit (node:electron/js2c/utility_init:2:2949) setContext undefined
2025-03-13 14:24:50.860 [info] Extension host with pid 1158128 exiting with code 0
