2025-03-10 14:37:28.037 [error] #1: https://open-vsx.org/vscode/gallery/13xforever/language-x86-64-assembly/latest - error GET Fetch timeout: 10000ms
2025-03-10 14:37:28.038 [error] #2: https://open-vsx.org/vscode/gallery/abusaidm/html-snippets/latest - error GET Fetch timeout: 10000ms
2025-03-10 14:37:28.038 [error] #3: https://open-vsx.org/vscode/gallery/bbenoist/doxygen/latest - error GET Fetch timeout: 10000ms
2025-03-10 14:37:28.039 [error] #4: https://open-vsx.org/vscode/gallery/cheshirekow/cmake-format/latest - error GET Fetch timeout: 10000ms
2025-03-10 14:37:28.040 [error] #5: https://open-vsx.org/vscode/gallery/christian-kohler/npm-intellisense/latest - error GET Fetch timeout: 10000ms
2025-03-10 14:37:28.040 [error] #6: https://open-vsx.org/vscode/gallery/christian-kohler/path-intellisense/latest - error GET Fetch timeout: 10000ms
2025-03-10 14:37:28.041 [error] #7: https://open-vsx.org/vscode/gallery/cschlosser/doxdocgen/latest - error GET Fetch timeout: 10000ms
2025-03-10 14:37:28.041 [error] #8: https://open-vsx.org/vscode/gallery/ecmel/vscode-html-css/latest - error GET Fetch timeout: 10000ms
2025-03-10 14:37:28.042 [error] #9: https://open-vsx.org/vscode/gallery/esbenp/prettier-vscode/latest - error GET Fetch timeout: 10000ms
2025-03-10 14:37:28.042 [error] #10: https://open-vsx.org/vscode/gallery/franneck94/c-cpp-runner/latest - error GET Fetch timeout: 10000ms
2025-03-10 14:37:28.042 [error] #11: https://open-vsx.org/vscode/gallery/franneck94/vscode-c-cpp-config/latest - error GET Fetch timeout: 10000ms
2025-03-10 14:37:28.043 [error] #12: https://open-vsx.org/vscode/gallery/franneck94/vscode-c-cpp-dev-extension-pack/latest - error GET Fetch timeout: 10000ms
2025-03-10 14:37:28.043 [error] #13: https://open-vsx.org/vscode/gallery/jdinhlife/gruvbox/latest - error GET Fetch timeout: 10000ms
2025-03-10 14:37:28.044 [error] #14: https://open-vsx.org/vscode/gallery/jeff-hykin/better-cpp-syntax/latest - error GET Fetch timeout: 10000ms
2025-03-10 14:37:28.045 [error] #15: https://open-vsx.org/vscode/gallery/pkief/material-icon-theme/latest - error GET Fetch timeout: 10000ms
2025-03-10 14:37:28.045 [error] #16: https://open-vsx.org/vscode/gallery/redhat/java/latest - error GET Fetch timeout: 10000ms
2025-03-10 14:37:28.046 [error] #17: https://open-vsx.org/vscode/gallery/streetsidesoftware/code-spell-checker/latest - error GET Fetch timeout: 10000ms
2025-03-10 14:37:28.047 [error] #18: https://open-vsx.org/vscode/gallery/twxs/cmake/latest - error GET Fetch timeout: 10000ms
2025-03-10 14:37:28.047 [error] #19: https://open-vsx.org/vscode/gallery/vadimcn/vscode-lldb/latest - error GET Fetch timeout: 10000ms
2025-03-10 14:37:28.048 [error] #20: https://open-vsx.org/vscode/gallery/xabikos/javascriptsnippets/latest - error GET Fetch timeout: 10000ms
2025-03-10 14:44:15.381 [error] #21: https://open-vsx.org/vscode/gallery/extensionquery - error POST Failed to fetch
