2025-03-16 15:20:06.310 [info] Extension host with pid 1331782 started
2025-03-16 15:20:06.310 [info] Skipping acquiring lock for /home/dillan/.config/VSCodium/User/workspaceStorage/09c0e3704f2c37e3c39b2e5e24cfddd7.
2025-03-16 15:20:06.784 [info] ExtensionService#_doActivateExtension vscode.emmet, startup: false, activationEvent: 'onLanguage'
2025-03-16 15:20:06.817 [info] ExtensionService#_doActivateExtension vscode.css-language-features, startup: false, activationEvent: 'onLanguage:css'
2025-03-16 15:20:07.390 [info] ExtensionService#_doActivateExtension vscode.git-base, startup: true, activationEvent: '*', root cause: vscode.git
2025-03-16 15:20:07.393 [info] ExtensionService#_doActivateExtension christian-kohler.path-intellisense, startup: true, activationEvent: '*'
2025-03-16 15:20:07.445 [info] ExtensionService#_doActivateExtension vscode.git, startup: true, activationEvent: '*'
2025-03-16 15:20:07.544 [info] ExtensionService#_doActivateExtension vscode.github, startup: true, activationEvent: '*'
2025-03-16 15:20:07.656 [info] Eager extensions activated
2025-03-16 15:20:07.759 [info] ExtensionService#_doActivateExtension vscode.debug-auto-launch, startup: false, activationEvent: 'onStartupFinished'
2025-03-16 15:20:07.762 [info] ExtensionService#_doActivateExtension vscode.merge-conflict, startup: false, activationEvent: 'onStartupFinished'
2025-03-16 15:20:07.790 [info] ExtensionService#_doActivateExtension ecmel.vscode-html-css, startup: false, activationEvent: 'onStartupFinished'
2025-03-16 15:20:07.793 [info] ExtensionService#_doActivateExtension esbenp.prettier-vscode, startup: false, activationEvent: 'onStartupFinished'
2025-03-16 15:20:07.903 [info] ExtensionService#_doActivateExtension vadimcn.vscode-lldb, startup: false, activationEvent: 'onStartupFinished', root cause: franneck94.vscode-c-cpp-config
2025-03-16 15:20:07.925 [info] ExtensionService#_doActivateExtension PKief.material-icon-theme, startup: false, activationEvent: 'onStartupFinished'
2025-03-16 15:20:07.946 [info] ExtensionService#_doActivateExtension streetsidesoftware.code-spell-checker, startup: false, activationEvent: 'onStartupFinished'
2025-03-16 15:20:08.245 [info] ExtensionService#_doActivateExtension franneck94.vscode-c-cpp-config, startup: false, activationEvent: 'onStartupFinished'
2025-03-16 15:20:08.424 [info] ExtensionService#_doActivateExtension vscode.github-authentication, startup: false, activationEvent: 'onAuthenticationRequest:github'
2025-03-16 15:24:31.733 [info] ExtensionService#_doActivateExtension vscode.html-language-features, startup: false, activationEvent: 'onLanguage:html'
2025-03-16 15:48:43.298 [info] ExtensionService#_doActivateExtension vscode.typescript-language-features, startup: false, activationEvent: 'onLanguage:javascript'
2025-03-16 15:48:43.378 [info] ExtensionService#_doActivateExtension christian-kohler.npm-intellisense, startup: false, activationEvent: 'onLanguage:javascript'
2025-03-16 16:54:14.443 [info] ExtensionService#_doActivateExtension vscode.configuration-editing, startup: false, activationEvent: 'onLanguage:jsonc'
2025-03-16 16:54:14.463 [info] ExtensionService#_doActivateExtension vscode.json-language-features, startup: false, activationEvent: 'onLanguage:jsonc'
2025-03-16 17:14:01.625 [error] [ecmel.vscode-html-css] provider FAILED
2025-03-16 17:14:01.625 [error] undefined
2025-03-16 17:20:50.126 [error] [ecmel.vscode-html-css] provider FAILED
2025-03-16 17:20:50.126 [error] undefined
2025-03-16 17:59:27.744 [info] ExtensionService#_doActivateExtension ritwickdey.LiveServer, startup: false, activationEvent: 'onStartupFinished'
2025-03-16 18:34:41.063 [error] [ecmel.vscode-html-css] provider FAILED
2025-03-16 18:34:41.064 [error] undefined
2025-03-16 18:34:47.627 [error] [ecmel.vscode-html-css] provider FAILED
2025-03-16 18:34:47.627 [error] undefined
2025-03-16 18:35:30.886 [error] [ecmel.vscode-html-css] provider FAILED
2025-03-16 18:35:30.886 [error] undefined
2025-03-16 18:35:31.514 [error] [ecmel.vscode-html-css] provider FAILED
2025-03-16 18:35:31.515 [error] undefined
2025-03-16 18:36:17.781 [error] [ecmel.vscode-html-css] provider FAILED
2025-03-16 18:36:17.781 [error] undefined
2025-03-16 18:36:26.480 [error] [ecmel.vscode-html-css] provider FAILED
2025-03-16 18:36:26.480 [error] undefined
2025-03-16 18:36:27.036 [error] [ecmel.vscode-html-css] provider FAILED
2025-03-16 18:36:27.036 [error] undefined
2025-03-16 18:36:27.184 [error] [ecmel.vscode-html-css] provider FAILED
2025-03-16 18:36:27.184 [error] undefined
2025-03-16 18:36:27.450 [error] [ecmel.vscode-html-css] provider FAILED
2025-03-16 18:36:27.450 [error] undefined
2025-03-16 18:36:27.699 [error] [ecmel.vscode-html-css] provider FAILED
2025-03-16 18:36:27.699 [error] undefined
2025-03-16 18:36:28.043 [error] [ecmel.vscode-html-css] provider FAILED
2025-03-16 18:36:28.043 [error] undefined
2025-03-16 18:36:28.333 [error] [ecmel.vscode-html-css] provider FAILED
2025-03-16 18:36:28.333 [error] undefined
2025-03-16 18:36:30.384 [error] [ecmel.vscode-html-css] provider FAILED
2025-03-16 18:36:30.384 [error] undefined
2025-03-16 18:40:18.048 [error] [ecmel.vscode-html-css] provider FAILED
2025-03-16 18:40:18.048 [error] undefined
2025-03-16 18:40:19.280 [error] [ecmel.vscode-html-css] provider FAILED
2025-03-16 18:40:19.280 [error] undefined
2025-03-16 20:06:28.407 [error] [ecmel.vscode-html-css] provider FAILED
2025-03-16 20:06:28.407 [error] undefined
2025-03-16 20:07:30.541 [error] [ecmel.vscode-html-css] provider FAILED
2025-03-16 20:07:30.541 [error] undefined
2025-03-16 20:07:30.781 [error] [ecmel.vscode-html-css] provider FAILED
2025-03-16 20:07:30.781 [error] undefined
2025-03-16 20:07:39.013 [error] [ecmel.vscode-html-css] provider FAILED
2025-03-16 20:07:39.013 [error] undefined
2025-03-16 20:07:48.709 [error] [ecmel.vscode-html-css] provider FAILED
2025-03-16 20:07:48.710 [error] undefined
2025-03-16 20:07:48.945 [error] [ecmel.vscode-html-css] provider FAILED
2025-03-16 20:07:48.945 [error] undefined
2025-03-16 20:07:52.896 [error] [ecmel.vscode-html-css] provider FAILED
2025-03-16 20:07:52.896 [error] undefined
2025-03-16 20:07:54.696 [error] [ecmel.vscode-html-css] provider FAILED
2025-03-16 20:07:54.696 [error] undefined
2025-03-16 20:07:57.412 [error] [ecmel.vscode-html-css] provider FAILED
2025-03-16 20:07:57.412 [error] undefined
2025-03-16 20:09:34.686 [info] ExtensionService#_doActivateExtension vscode.extension-editing, startup: false, activationEvent: 'onLanguage:markdown'
2025-03-16 20:09:34.705 [info] ExtensionService#_doActivateExtension vscode.markdown-language-features, startup: false, activationEvent: 'onLanguage:markdown'
2025-03-16 20:09:35.283 [info] ExtensionService#_doActivateExtension vscode.markdown-math, startup: false, activationEvent: 'api', root cause: vscode.markdown-language-features
2025-03-16 20:15:21.313 [error] [ecmel.vscode-html-css] provider FAILED
2025-03-16 20:15:21.313 [error] undefined
2025-03-16 20:24:05.513 [error] [ecmel.vscode-html-css] provider FAILED
2025-03-16 20:24:05.513 [error] undefined
2025-03-16 20:24:08.103 [error] [ecmel.vscode-html-css] provider FAILED
2025-03-16 20:24:08.103 [error] undefined
2025-03-16 20:28:26.957 [error] [ecmel.vscode-html-css] provider FAILED
2025-03-16 20:28:26.957 [error] undefined
2025-03-16 20:28:27.184 [error] [ecmel.vscode-html-css] provider FAILED
2025-03-16 20:28:27.184 [error] undefined
2025-03-16 20:28:27.568 [error] [ecmel.vscode-html-css] provider FAILED
2025-03-16 20:28:27.568 [error] undefined
2025-03-16 20:28:34.548 [error] [ecmel.vscode-html-css] provider FAILED
2025-03-16 20:28:34.548 [error] undefined
2025-03-16 20:28:34.892 [error] [ecmel.vscode-html-css] provider FAILED
2025-03-16 20:28:34.892 [error] undefined
2025-03-16 20:28:35.393 [error] [ecmel.vscode-html-css] provider FAILED
2025-03-16 20:28:35.393 [error] undefined
2025-03-16 20:28:37.517 [error] [ecmel.vscode-html-css] provider FAILED
2025-03-16 20:28:37.517 [error] undefined
2025-03-16 20:28:37.710 [error] [ecmel.vscode-html-css] provider FAILED
2025-03-16 20:28:37.710 [error] undefined
2025-03-16 20:28:37.863 [error] [ecmel.vscode-html-css] provider FAILED
2025-03-16 20:28:37.863 [error] undefined
2025-03-16 20:28:39.636 [error] [ecmel.vscode-html-css] provider FAILED
2025-03-16 20:28:39.636 [error] undefined
2025-03-16 20:28:58.683 [error] [ecmel.vscode-html-css] provider FAILED
2025-03-16 20:28:58.683 [error] undefined
2025-03-16 20:29:00.815 [error] [ecmel.vscode-html-css] provider FAILED
2025-03-16 20:29:00.815 [error] undefined
2025-03-16 20:36:38.278 [error] [ecmel.vscode-html-css] provider FAILED
2025-03-16 20:36:38.278 [error] undefined
2025-03-16 20:36:38.492 [error] [ecmel.vscode-html-css] provider FAILED
2025-03-16 20:36:38.492 [error] undefined
2025-03-16 20:36:45.898 [error] [ecmel.vscode-html-css] provider FAILED
2025-03-16 20:36:45.898 [error] undefined
2025-03-16 20:36:53.789 [error] [ecmel.vscode-html-css] provider FAILED
2025-03-16 20:36:53.789 [error] undefined
2025-03-16 20:36:54.715 [error] [ecmel.vscode-html-css] provider FAILED
2025-03-16 20:36:54.715 [error] undefined
2025-03-16 20:37:01.848 [error] [ecmel.vscode-html-css] provider FAILED
2025-03-16 20:37:01.848 [error] undefined
2025-03-16 20:47:10.468 [info] ExtensionService#_doActivateExtension vscode.media-preview, startup: false, activationEvent: 'onCustomEditor:imagePreview.previewEditor'
2025-03-16 20:47:11.504 [error] EntryNotFound (FileSystemError): Error: ENOENT: no such file or directory, stat '/home/dillan/OneDrive_dsuon/webpage/images/dillan-profile.jpg'
	at Zi._handleError (file:///opt/vscodium-bin/resources/app/out/vs/workbench/api/node/extensionHostProcess.js:112:11126)
	at Object.stat (file:///opt/vscodium-bin/resources/app/out/vs/workbench/api/node/extensionHostProcess.js:112:8802)
2025-03-16 20:47:38.130 [error] EntryNotFound (FileSystemError): Error: ENOENT: no such file or directory, stat '/home/dillan/OneDrive_dsuon/webpage/images/dillan-profile.jpg'
	at Zi._handleError (file:///opt/vscodium-bin/resources/app/out/vs/workbench/api/node/extensionHostProcess.js:112:11126)
	at Object.stat (file:///opt/vscodium-bin/resources/app/out/vs/workbench/api/node/extensionHostProcess.js:112:8802)
2025-03-17 13:25:31.531 [info] Extension host terminating: renderer closed the MessagePort
2025-03-17 13:25:31.563 [error] Canceled: Canceled
	at new J3 (file:///opt/vscodium-bin/resources/app/out/vs/workbench/api/node/extensionHostProcess.js:29:118070)
	at $y._remoteCall (file:///opt/vscodium-bin/resources/app/out/vs/workbench/api/node/extensionHostProcess.js:29:124364)
	at s.<computed>.n.charCodeAt.s.<computed> (file:///opt/vscodium-bin/resources/app/out/vs/workbench/api/node/extensionHostProcess.js:29:121123)
	at m0._doExecuteCommand (file:///opt/vscodium-bin/resources/app/out/vs/workbench/api/node/extensionHostProcess.js:112:38347)
	at m0.executeCommand (file:///opt/vscodium-bin/resources/app/out/vs/workbench/api/node/extensionHostProcess.js:112:37786)
	at r.registerCommand.description (file:///opt/vscodium-bin/resources/app/out/vs/workbench/api/node/extensionHostProcess.js:112:37050)
	at m0._executeContributedCommand (file:///opt/vscodium-bin/resources/app/out/vs/workbench/api/node/extensionHostProcess.js:112:38916)
	at m0._doExecuteCommand (file:///opt/vscodium-bin/resources/app/out/vs/workbench/api/node/extensionHostProcess.js:112:37919)
	at m0.executeCommand (file:///opt/vscodium-bin/resources/app/out/vs/workbench/api/node/extensionHostProcess.js:112:37786)
	at Object.executeCommand (file:///opt/vscodium-bin/resources/app/out/vs/workbench/api/node/extensionHostProcess.js:172:42161)
	at Th.L [as value] (/opt/vscodium-bin/resources/app/extensions/git/dist/main.js:2:997662)
	at P._deliver (file:///opt/vscodium-bin/resources/app/out/vs/workbench/api/node/extensionHostProcess.js:27:2937)
	at P._deliverQueue (file:///opt/vscodium-bin/resources/app/out/vs/workbench/api/node/extensionHostProcess.js:27:3028)
	at P.fire (file:///opt/vscodium-bin/resources/app/out/vs/workbench/api/node/extensionHostProcess.js:27:3364)
	at Object.p [as dispose] (/opt/vscodium-bin/resources/app/extensions/git/dist/main.js:2:1020302)
	at /opt/vscodium-bin/resources/app/extensions/git/dist/main.js:2:1026681
	at Array.forEach (<anonymous>)
	at b.dispose (/opt/vscodium-bin/resources/app/extensions/git/dist/main.js:2:1026667)
	at l1.<anonymous> (file:///opt/vscodium-bin/resources/app/out/vs/workbench/api/node/extensionHostProcess.js:106:21545)
	at l1.dispose (file:///opt/vscodium-bin/resources/app/out/vs/workbench/api/node/extensionHostProcess.js:106:21641)
	at l1.<anonymous> (/opt/vscodium-bin/resources/app/extensions/git/dist/main.js:2:1000146)
	at l1.dispose (file:///opt/vscodium-bin/resources/app/out/vs/workbench/api/node/extensionHostProcess.js:106:21641)
	at hi (file:///opt/vscodium-bin/resources/app/out/vs/workbench/api/node/extensionHostProcess.js:25:699)
	at file:///opt/vscodium-bin/resources/app/out/vs/workbench/api/node/extensionHostProcess.js:116:18392
	at file:///opt/vscodium-bin/resources/app/out/vs/workbench/api/node/extensionHostProcess.js:25:1009
	at Object.dispose (file:///opt/vscodium-bin/resources/app/out/vs/workbench/api/node/extensionHostProcess.js:8:705)
	at Iz._deactivate (file:///opt/vscodium-bin/resources/app/out/vs/workbench/api/node/extensionHostProcess.js:116:14727)
	at file:///opt/vscodium-bin/resources/app/out/vs/workbench/api/node/extensionHostProcess.js:116:12013
	at Array.map (<anonymous>)
	at Iz._deactivateAll (file:///opt/vscodium-bin/resources/app/out/vs/workbench/api/node/extensionHostProcess.js:116:12001)
	at Iz.terminate (file:///opt/vscodium-bin/resources/app/out/vs/workbench/api/node/extensionHostProcess.js:116:12354)
	at _7.terminate (file:///opt/vscodium-bin/resources/app/out/vs/workbench/api/node/extensionHostProcess.js:117:1602)
	at rs (file:///opt/vscodium-bin/resources/app/out/vs/workbench/api/node/extensionHostProcess.js:190:16313)
	at MessagePortMain.<anonymous> (file:///opt/vscodium-bin/resources/app/out/vs/workbench/api/node/extensionHostProcess.js:190:12769)
	at MessagePortMain.emit (node:events:518:28)
	at MessagePortMain.emit (node:domain:489:12)
	at MessagePortMain._internalPort.emit (node:electron/js2c/utility_init:2:2949) setContext undefined
2025-03-17 13:25:31.564 [error] Canceled: Canceled
	at new J3 (file:///opt/vscodium-bin/resources/app/out/vs/workbench/api/node/extensionHostProcess.js:29:118070)
	at $y._remoteCall (file:///opt/vscodium-bin/resources/app/out/vs/workbench/api/node/extensionHostProcess.js:29:124364)
	at s.<computed>.n.charCodeAt.s.<computed> (file:///opt/vscodium-bin/resources/app/out/vs/workbench/api/node/extensionHostProcess.js:29:121123)
	at m0._doExecuteCommand (file:///opt/vscodium-bin/resources/app/out/vs/workbench/api/node/extensionHostProcess.js:112:38347)
	at m0.executeCommand (file:///opt/vscodium-bin/resources/app/out/vs/workbench/api/node/extensionHostProcess.js:112:37786)
	at r.registerCommand.description (file:///opt/vscodium-bin/resources/app/out/vs/workbench/api/node/extensionHostProcess.js:112:37050)
	at m0._executeContributedCommand (file:///opt/vscodium-bin/resources/app/out/vs/workbench/api/node/extensionHostProcess.js:112:38916)
	at m0._doExecuteCommand (file:///opt/vscodium-bin/resources/app/out/vs/workbench/api/node/extensionHostProcess.js:112:37919)
	at m0.executeCommand (file:///opt/vscodium-bin/resources/app/out/vs/workbench/api/node/extensionHostProcess.js:112:37786)
	at Object.executeCommand (file:///opt/vscodium-bin/resources/app/out/vs/workbench/api/node/extensionHostProcess.js:172:42161)
	at set hasGitHubRepositories (/opt/vscodium-bin/resources/app/extensions/github/dist/extension.js:2:344113)
	at /opt/vscodium-bin/resources/app/extensions/github/dist/extension.js:2:345072
	at Th.value (/opt/vscodium-bin/resources/app/extensions/git/dist/main.js:2:1117862)
	at P._deliver (file:///opt/vscodium-bin/resources/app/out/vs/workbench/api/node/extensionHostProcess.js:27:2937)
	at P._deliverQueue (file:///opt/vscodium-bin/resources/app/out/vs/workbench/api/node/extensionHostProcess.js:27:3028)
	at P.fire (file:///opt/vscodium-bin/resources/app/out/vs/workbench/api/node/extensionHostProcess.js:27:3364)
	at Object.p [as dispose] (/opt/vscodium-bin/resources/app/extensions/git/dist/main.js:2:1020302)
	at /opt/vscodium-bin/resources/app/extensions/git/dist/main.js:2:1026681
	at Array.forEach (<anonymous>)
	at b.dispose (/opt/vscodium-bin/resources/app/extensions/git/dist/main.js:2:1026667)
	at l1.<anonymous> (file:///opt/vscodium-bin/resources/app/out/vs/workbench/api/node/extensionHostProcess.js:106:21545)
	at l1.dispose (file:///opt/vscodium-bin/resources/app/out/vs/workbench/api/node/extensionHostProcess.js:106:21641)
	at l1.<anonymous> (/opt/vscodium-bin/resources/app/extensions/git/dist/main.js:2:1000146)
	at l1.dispose (file:///opt/vscodium-bin/resources/app/out/vs/workbench/api/node/extensionHostProcess.js:106:21641)
	at hi (file:///opt/vscodium-bin/resources/app/out/vs/workbench/api/node/extensionHostProcess.js:25:699)
	at file:///opt/vscodium-bin/resources/app/out/vs/workbench/api/node/extensionHostProcess.js:116:18392
	at file:///opt/vscodium-bin/resources/app/out/vs/workbench/api/node/extensionHostProcess.js:25:1009
	at Object.dispose (file:///opt/vscodium-bin/resources/app/out/vs/workbench/api/node/extensionHostProcess.js:8:705)
	at Iz._deactivate (file:///opt/vscodium-bin/resources/app/out/vs/workbench/api/node/extensionHostProcess.js:116:14727)
	at file:///opt/vscodium-bin/resources/app/out/vs/workbench/api/node/extensionHostProcess.js:116:12013
	at Array.map (<anonymous>)
	at Iz._deactivateAll (file:///opt/vscodium-bin/resources/app/out/vs/workbench/api/node/extensionHostProcess.js:116:12001)
	at Iz.terminate (file:///opt/vscodium-bin/resources/app/out/vs/workbench/api/node/extensionHostProcess.js:116:12354)
	at _7.terminate (file:///opt/vscodium-bin/resources/app/out/vs/workbench/api/node/extensionHostProcess.js:117:1602)
	at rs (file:///opt/vscodium-bin/resources/app/out/vs/workbench/api/node/extensionHostProcess.js:190:16313)
	at MessagePortMain.<anonymous> (file:///opt/vscodium-bin/resources/app/out/vs/workbench/api/node/extensionHostProcess.js:190:12769)
	at MessagePortMain.emit (node:events:518:28)
	at MessagePortMain.emit (node:domain:489:12)
	at MessagePortMain._internalPort.emit (node:electron/js2c/utility_init:2:2949) setContext undefined
2025-03-17 13:25:31.568 [info] Extension host with pid 1331782 exiting with code 0
2025-03-17 13:25:32.844 [info] Extension host with pid 1422366 started
2025-03-17 13:25:32.844 [info] Skipping acquiring lock for /home/dillan/.config/VSCodium/User/workspaceStorage/94305d54b70a27ecc7305c36fafad8d8.
2025-03-17 13:25:32.861 [info] ExtensionService#_doActivateExtension vscode.emmet, startup: false, activationEvent: 'onLanguage'
2025-03-17 13:25:32.893 [info] ExtensionService#_doActivateExtension vscode.css-language-features, startup: false, activationEvent: 'onLanguage:css'
2025-03-17 13:25:32.952 [info] ExtensionService#_doActivateExtension ecmel.vscode-html-css, startup: false, activationEvent: 'onCommand:vscode-html-css.validate'
2025-03-17 13:25:32.956 [info] ExtensionService#_doActivateExtension vscode.git-base, startup: false, activationEvent: 'onFileSystem:git', root cause: vscode.git
2025-03-17 13:25:32.960 [info] ExtensionService#_doActivateExtension vscode.github-authentication, startup: false, activationEvent: 'onAuthenticationRequest:github'
2025-03-17 13:25:33.000 [info] ExtensionService#_doActivateExtension vscode.html-language-features, startup: false, activationEvent: 'onLanguage:html'
2025-03-17 13:25:33.073 [info] ExtensionService#_doActivateExtension vscode.typescript-language-features, startup: false, activationEvent: 'onLanguage:javascript'
2025-03-17 13:25:33.149 [info] ExtensionService#_doActivateExtension christian-kohler.npm-intellisense, startup: false, activationEvent: 'onLanguage:javascript'
2025-03-17 13:25:33.172 [info] ExtensionService#_doActivateExtension vscode.configuration-editing, startup: false, activationEvent: 'onLanguage:jsonc'
2025-03-17 13:25:33.189 [info] ExtensionService#_doActivateExtension vscode.json-language-features, startup: false, activationEvent: 'onLanguage:jsonc'
2025-03-17 13:25:33.265 [info] ExtensionService#_doActivateExtension ritwickdey.LiveServer, startup: false, activationEvent: 'onCommand:extension.liveServer.goOnline'
2025-03-17 13:25:33.272 [info] ExtensionService#_doActivateExtension vscode.extension-editing, startup: false, activationEvent: 'onLanguage:markdown'
2025-03-17 13:25:33.290 [info] ExtensionService#_doActivateExtension vscode.markdown-language-features, startup: false, activationEvent: 'onLanguage:markdown'
2025-03-17 13:25:33.419 [info] ExtensionService#_doActivateExtension vscode.media-preview, startup: false, activationEvent: 'onCustomEditor:imagePreview.previewEditor'
2025-03-17 13:25:33.568 [info] ExtensionService#_doActivateExtension vscode.git, startup: false, activationEvent: 'onFileSystem:git'
2025-03-17 13:25:33.668 [info] ExtensionService#_doActivateExtension vscode.github, startup: false, activationEvent: 'onCommand:github.graph.openOnGitHub'
2025-03-17 13:25:33.892 [info] ExtensionService#_doActivateExtension christian-kohler.path-intellisense, startup: true, activationEvent: '*'
2025-03-17 13:25:34.005 [info] Eager extensions activated
2025-03-17 13:25:34.051 [info] ExtensionService#_doActivateExtension vscode.debug-auto-launch, startup: false, activationEvent: 'onStartupFinished'
2025-03-17 13:25:34.054 [info] ExtensionService#_doActivateExtension vscode.merge-conflict, startup: false, activationEvent: 'onStartupFinished'
2025-03-17 13:25:34.083 [info] ExtensionService#_doActivateExtension esbenp.prettier-vscode, startup: false, activationEvent: 'onStartupFinished'
2025-03-17 13:25:34.200 [info] ExtensionService#_doActivateExtension vadimcn.vscode-lldb, startup: false, activationEvent: 'onStartupFinished', root cause: franneck94.vscode-c-cpp-config
2025-03-17 13:25:34.221 [info] ExtensionService#_doActivateExtension PKief.material-icon-theme, startup: false, activationEvent: 'onStartupFinished'
2025-03-17 13:25:34.313 [info] ExtensionService#_doActivateExtension streetsidesoftware.code-spell-checker, startup: false, activationEvent: 'onStartupFinished'
2025-03-17 13:25:34.569 [info] ExtensionService#_doActivateExtension franneck94.vscode-c-cpp-config, startup: false, activationEvent: 'onStartupFinished'
