2025-03-10 11:09:50.925 [info] [main] Log level: Info
2025-03-10 11:09:50.925 [info] [main] Validating found git in: "git"
2025-03-10 11:09:50.925 [info] [main] Using git "2.48.1" from "git"
2025-03-10 11:09:50.925 [info] [Model][doInitialScan] Initial repository scan started
2025-03-10 11:09:50.925 [info] > git rev-parse --show-toplevel [10ms]
2025-03-10 11:09:50.925 [info] fatal: not a git repository (or any parent up to mount point /)
Stopping at filesystem boundary (GIT_DISCOVERY_ACROSS_FILESYSTEM not set).
2025-03-10 11:09:50.925 [info] > git rev-parse --show-toplevel [395ms]
2025-03-10 11:09:50.925 [info] fatal: not a git repository (or any parent up to mount point /)
Stopping at filesystem boundary (GIT_DISCOVERY_ACROSS_FILESYSTEM not set).
2025-03-10 11:09:50.925 [info] > git rev-parse --show-toplevel [47ms]
2025-03-10 11:09:50.925 [info] fatal: not a git repository (or any parent up to mount point /)
Stopping at filesystem boundary (GIT_DISCOVERY_ACROSS_FILESYSTEM not set).
2025-03-10 11:09:50.925 [info] [Model][doInitialScan] Initial repository scan completed - repositories (0), closed repositories (0), parent repositories (0), unsafe repositories (0)
2025-03-10 11:09:51.006 [info] > git rev-parse --show-toplevel [2ms]
2025-03-10 11:09:51.007 [info] fatal: not a git repository (or any parent up to mount point /)
Stopping at filesystem boundary (GIT_DISCOVERY_ACROSS_FILESYSTEM not set).
2025-03-10 11:09:52.193 [info] > git rev-parse --show-toplevel [6ms]
2025-03-10 11:09:52.194 [info] fatal: not a git repository (or any parent up to mount point /)
Stopping at filesystem boundary (GIT_DISCOVERY_ACROSS_FILESYSTEM not set).
