2025-03-17 13:34:21.045 [info] [main] Log level: Info
2025-03-17 13:34:21.046 [info] [main] Validating found git in: "git"
2025-03-17 13:34:21.046 [info] [main] Using git "2.48.1" from "git"
2025-03-17 13:34:21.046 [info] [Model][doInitialScan] Initial repository scan started
2025-03-17 13:34:21.046 [info] > git rev-parse --show-toplevel [4ms]
2025-03-17 13:34:21.046 [info] > git rev-parse --git-dir --git-common-dir [3ms]
2025-03-17 13:34:21.046 [info] [Model][openRepository] Opened repository: /home/dillan/OneDrive_dsuon/webpage
2025-03-17 13:34:21.067 [info] > git config --get commit.template [12ms]
2025-03-17 13:34:21.079 [info] > git rev-parse --show-toplevel [14ms]
2025-03-17 13:34:21.094 [info] > git for-each-ref --format=%(refname)%00%(upstream:short)%00%(objectname)%00%(upstream:track)%00%(upstream:remotename)%00%(upstream:remoteref) refs/heads/main refs/remotes/main [17ms]
2025-03-17 13:34:21.098 [info] > git rev-parse --show-toplevel [4ms]
2025-03-17 13:34:21.632 [info] > git rev-parse --show-toplevel [144ms]
2025-03-17 13:34:21.681 [info] > git status -z -uall [33ms]
2025-03-17 13:34:21.681 [info] > git rev-parse --show-toplevel [12ms]
2025-03-17 13:34:21.681 [info] > git for-each-ref --sort -committerdate --format %(refname) %(objectname) %(*objectname) [21ms]
2025-03-17 13:34:21.727 [info] > git for-each-ref --format=%(refname)%00%(upstream:short)%00%(objectname)%00%(upstream:track)%00%(upstream:remotename)%00%(upstream:remoteref) refs/heads/main refs/remotes/main [28ms]
2025-03-17 13:34:21.741 [info] > git config --get --local branch.main.vscode-merge-base [3ms]
2025-03-17 13:34:21.751 [info] > git config --get commit.template [28ms]
2025-03-17 13:34:21.752 [info] > git rev-parse --show-toplevel [36ms]
2025-03-17 13:34:21.767 [info] > git for-each-ref --format=%(refname)%00%(upstream:short)%00%(objectname)%00%(upstream:track)%00%(upstream:remotename)%00%(upstream:remoteref) refs/heads/origin/main refs/remotes/origin/main [16ms]
2025-03-17 13:34:21.820 [info] > git merge-base refs/heads/main refs/remotes/origin/main [43ms]
2025-03-17 13:34:21.830 [info] > git rev-parse --show-toplevel [65ms]
2025-03-17 13:34:21.831 [info] [Model][doInitialScan] Initial repository scan completed - repositories (1), closed repositories (0), parent repositories (0), unsafe repositories (0)
2025-03-17 13:34:21.859 [info] > git show --textconv :index.html [19ms]
2025-03-17 13:34:21.862 [info] > git ls-files --stage -- /home/dillan/OneDrive_dsuon/webpage/index.html [12ms]
2025-03-17 13:34:21.872 [info] > git diff --name-status -z --diff-filter=ADMR 639e9e6e28ad0345d9fc576ad003f3efef6a5bca...refs/remotes/origin/main [42ms]
2025-03-17 13:34:21.873 [info] > git for-each-ref --format=%(refname)%00%(upstream:short)%00%(objectname)%00%(upstream:track)%00%(upstream:remotename)%00%(upstream:remoteref) refs/heads/main refs/remotes/main [55ms]
2025-03-17 13:34:21.878 [info] > git cat-file -s 9d4e5d1f404201c61415f70398b2213d23d6f4f0 [6ms]
2025-03-17 13:34:21.902 [info] > git status -z -uall [12ms]
2025-03-17 13:34:21.904 [info] > git for-each-ref --sort -committerdate --format %(refname) %(objectname) %(*objectname) [4ms]
2025-03-17 13:34:21.957 [info] > git blame --root --incremental 6bfe04c7fc497bdc93971a65f0a482ca3358dbc2 -- /home/dillan/OneDrive_dsuon/webpage/index.html [22ms]
2025-03-17 13:34:22.032 [info] > git check-ignore -v -z --stdin [31ms]
2025-03-17 13:34:29.890 [info] > git show --textconv :index.html [13ms]
2025-03-17 13:34:29.891 [info] > git ls-files --stage -- /home/dillan/OneDrive_dsuon/webpage/index.html [2ms]
2025-03-17 13:34:29.905 [info] > git cat-file -s 9d4e5d1f404201c61415f70398b2213d23d6f4f0 [3ms]
2025-03-17 13:35:00.935 [info] > git show --textconv :index.html [13ms]
2025-03-17 13:35:00.936 [info] > git ls-files --stage -- /home/dillan/OneDrive_dsuon/webpage/index.html [3ms]
2025-03-17 13:35:00.952 [info] > git cat-file -s 9d4e5d1f404201c61415f70398b2213d23d6f4f0 [3ms]
2025-03-17 13:36:10.769 [info] > git check-ignore -v -z --stdin [2ms]
2025-03-17 13:36:16.971 [info] > git show --textconv :css/style.css [15ms]
2025-03-17 13:36:16.973 [info] > git ls-files --stage -- /home/dillan/OneDrive_dsuon/webpage/css/style.css [3ms]
2025-03-17 13:36:16.988 [info] > git cat-file -s 91d3c3a794082741ba740bd7d206beae9ae05f5d [2ms]
2025-03-17 13:36:17.015 [info] > git blame --root --incremental 6bfe04c7fc497bdc93971a65f0a482ca3358dbc2 -- /home/dillan/OneDrive_dsuon/webpage/css/style.css [6ms]
2025-03-17 13:36:50.296 [info] > git config --get commit.template [16ms]
2025-03-17 13:36:50.297 [info] > git for-each-ref --format=%(refname)%00%(upstream:short)%00%(objectname)%00%(upstream:track)%00%(upstream:remotename)%00%(upstream:remoteref) refs/heads/main refs/remotes/main [3ms]
2025-03-17 13:36:50.327 [info] > git status -z -uall [15ms]
2025-03-17 13:36:50.329 [info] > git for-each-ref --sort -committerdate --format %(refname) %(objectname) %(*objectname) [3ms]
2025-03-17 13:36:50.462 [info] > git show --textconv :index.html [15ms]
2025-03-17 13:36:50.463 [info] > git ls-files --stage -- /home/dillan/OneDrive_dsuon/webpage/index.html [2ms]
2025-03-17 13:36:50.478 [info] > git cat-file -s 9d4e5d1f404201c61415f70398b2213d23d6f4f0 [2ms]
2025-03-17 13:37:03.562 [info] > git config --get commit.template [15ms]
2025-03-17 13:37:03.564 [info] > git for-each-ref --format=%(refname)%00%(upstream:short)%00%(objectname)%00%(upstream:track)%00%(upstream:remotename)%00%(upstream:remoteref) refs/heads/main refs/remotes/main [3ms]
2025-03-17 13:37:03.590 [info] > git status -z -uall [14ms]
2025-03-17 13:37:03.592 [info] > git for-each-ref --sort -committerdate --format %(refname) %(objectname) %(*objectname) [3ms]
2025-03-17 13:38:14.533 [info] > git config --get commit.template [11ms]
2025-03-17 13:38:14.535 [info] > git for-each-ref --format=%(refname)%00%(upstream:short)%00%(objectname)%00%(upstream:track)%00%(upstream:remotename)%00%(upstream:remoteref) refs/heads/main refs/remotes/main [3ms]
2025-03-17 13:38:14.555 [info] > git status -z -uall [10ms]
2025-03-17 13:38:14.557 [info] > git for-each-ref --sort -committerdate --format %(refname) %(objectname) %(*objectname) [2ms]
2025-03-17 13:41:39.623 [info] > git show --textconv :.cpanel.yml [15ms]
2025-03-17 13:41:39.624 [info] > git ls-files --stage -- /home/dillan/OneDrive_dsuon/webpage/.cpanel.yml [2ms]
2025-03-17 13:41:39.640 [info] > git cat-file -s b8cc8a712866ae668cdb40f24f1e48f524fe4735 [2ms]
2025-03-17 13:41:39.663 [info] > git blame --root --incremental 6bfe04c7fc497bdc93971a65f0a482ca3358dbc2 -- /home/dillan/OneDrive_dsuon/webpage/.cpanel.yml [3ms]
2025-03-17 13:41:58.011 [info] > git config --get commit.template [11ms]
2025-03-17 13:41:58.013 [info] > git for-each-ref --format=%(refname)%00%(upstream:short)%00%(objectname)%00%(upstream:track)%00%(upstream:remotename)%00%(upstream:remoteref) refs/heads/main refs/remotes/main [2ms]
2025-03-17 13:41:58.034 [info] > git status -z -uall [11ms]
2025-03-17 13:41:58.035 [info] > git for-each-ref --sort -committerdate --format %(refname) %(objectname) %(*objectname) [2ms]
2025-03-17 15:21:52.672 [info] > git config --get commit.template [14ms]
2025-03-17 15:21:52.674 [info] > git for-each-ref --format=%(refname)%00%(upstream:short)%00%(objectname)%00%(upstream:track)%00%(upstream:remotename)%00%(upstream:remoteref) refs/heads/main refs/remotes/main [3ms]
2025-03-17 15:21:52.701 [info] > git status -z -uall [15ms]
2025-03-17 15:21:52.704 [info] > git for-each-ref --sort -committerdate --format %(refname) %(objectname) %(*objectname) [3ms]
2025-03-17 15:32:41.072 [info] > git config --get commit.template [2ms]
2025-03-17 15:32:41.084 [info] > git for-each-ref --format=%(refname)%00%(upstream:short)%00%(objectname)%00%(upstream:track)%00%(upstream:remotename)%00%(upstream:remoteref) refs/heads/main refs/remotes/main [2ms]
2025-03-17 15:32:41.110 [info] > git status -z -uall [12ms]
2025-03-17 15:32:41.112 [info] > git for-each-ref --sort -committerdate --format %(refname) %(objectname) %(*objectname) [3ms]
2025-03-17 16:13:00.211 [info] > git log --format=%H%n%aN%n%aE%n%at%n%ct%n%P%n%D%n%B -z --shortstat --diff-merges=first-parent -n50 --skip=0 --topo-order --decorate=full --stdin [264ms]
2025-03-17 16:13:00.628 [info] > git check-ignore -v -z --stdin [3ms]
2025-03-17 16:27:35.782 [info] > git add -A -- /home/dillan/OneDrive_dsuon/webpage/css/style.css /home/dillan/OneDrive_dsuon/webpage/index.html /home/dillan/OneDrive_dsuon/webpage/partials/navbar.html /home/dillan/OneDrive_dsuon/webpage/test.html /home/dillan/OneDrive_dsuon/webpage/Photos/dillan-profile.jpg /home/dillan/OneDrive_dsuon/webpage/about.html /home/dillan/OneDrive_dsuon/webpage/css/about.css [36ms]
2025-03-17 16:27:35.808 [info] > git config --get commit.template [13ms]
2025-03-17 16:27:35.810 [info] > git for-each-ref --format=%(refname)%00%(upstream:short)%00%(objectname)%00%(upstream:track)%00%(upstream:remotename)%00%(upstream:remoteref) refs/heads/main refs/remotes/main [3ms]
2025-03-17 16:27:35.835 [info] > git status -z -uall [13ms]
2025-03-17 16:27:35.838 [info] > git for-each-ref --sort -committerdate --format %(refname) %(objectname) %(*objectname) [4ms]
2025-03-17 16:27:36.195 [info] > git show --textconv :about.html [35ms]
2025-03-17 16:27:36.195 [info] > git show --textconv HEAD:about.html [24ms]
2025-03-17 16:27:36.196 [info] > git ls-files --stage -- /home/dillan/OneDrive_dsuon/webpage/about.html [14ms]
2025-03-17 16:27:36.217 [info] > git cat-file -s 4a88d80e1f3b1c696ed365e8ffcc099921af0464 [12ms]
2025-03-17 16:27:36.217 [info] > git ls-tree -l HEAD -- /home/dillan/OneDrive_dsuon/webpage/about.html [23ms]
2025-03-17 16:27:36.228 [info] > git hash-object -t tree /dev/null [13ms]
2025-03-17 16:27:36.228 [warning] [GitFileSystemProvider][readFile] File not found - git:/home/dillan/OneDrive_dsuon/webpage/about.html.git?%7B%22path%22%3A%22%2Fhome%2Fdillan%2FOneDrive_dsuon%2Fwebpage%2Fabout.html%22%2C%22ref%22%3A%22HEAD%22%7D
2025-03-17 16:27:36.233 [info] > git hash-object -t tree /dev/null [6ms]
2025-03-17 16:27:36.233 [warning] [GitFileSystemProvider][stat] File not found - git:/home/dillan/OneDrive_dsuon/webpage/about.html.git?%7B%22path%22%3A%22%2Fhome%2Fdillan%2FOneDrive_dsuon%2Fwebpage%2Fabout.html%22%2C%22ref%22%3A%22HEAD%22%7D
2025-03-17 16:27:36.254 [info] > git blame --root --incremental 6bfe04c7fc497bdc93971a65f0a482ca3358dbc2 -- /home/dillan/OneDrive_dsuon/webpage/about.html [3ms]
2025-03-17 16:27:36.254 [info] fatal: no such path about.html in 6bfe04c7fc497bdc93971a65f0a482ca3358dbc2
2025-03-17 16:27:36.942 [info] > git config --get commit.template [16ms]
2025-03-17 16:27:36.945 [info] > git for-each-ref --format=%(refname)%00%(upstream:short)%00%(objectname)%00%(upstream:track)%00%(upstream:remotename)%00%(upstream:remoteref) refs/heads/main refs/remotes/main [3ms]
2025-03-17 16:27:36.974 [info] > git status -z -uall [15ms]
2025-03-17 16:27:36.976 [info] > git for-each-ref --sort -committerdate --format %(refname) %(objectname) %(*objectname) [3ms]
2025-03-17 16:27:37.033 [info] > git ls-files --stage -- /home/dillan/OneDrive_dsuon/webpage/about.html [2ms]
2025-03-17 16:27:37.048 [info] > git cat-file -s 4a88d80e1f3b1c696ed365e8ffcc099921af0464 [3ms]
2025-03-17 16:27:37.068 [info] > git show --textconv :about.html [3ms]
2025-03-17 16:27:40.503 [info] > git -c user.useConfigOnly=true commit --quiet --allow-empty-message --file - [10ms]
2025-03-17 16:27:40.521 [info] > git config --get commit.template [3ms]
2025-03-17 16:27:40.538 [info] > git config --get commit.template [2ms]
2025-03-17 16:27:40.558 [info] > git for-each-ref --format=%(refname)%00%(upstream:short)%00%(objectname)%00%(upstream:track)%00%(upstream:remotename)%00%(upstream:remoteref) refs/heads/main refs/remotes/main [5ms]
2025-03-17 16:27:40.595 [info] > git status -z -uall [18ms]
2025-03-17 16:27:40.597 [info] > git for-each-ref --sort -committerdate --format %(refname) %(objectname) %(*objectname) [5ms]
2025-03-17 16:27:40.636 [info] > git merge-base refs/heads/main refs/remotes/origin/main [5ms]
2025-03-17 16:27:40.652 [info] > git blame --root --incremental 3f7364179b0970da494d13bb282c659ba3fed0bc -- /home/dillan/OneDrive_dsuon/webpage/about.html [37ms]
2025-03-17 16:27:40.656 [info] > git diff --name-status -z --diff-filter=ADMR 639e9e6e28ad0345d9fc576ad003f3efef6a5bca...refs/remotes/origin/main [4ms]
2025-03-17 16:27:40.726 [info] > git config --get commit.template [16ms]
2025-03-17 16:27:40.728 [info] > git for-each-ref --format=%(refname)%00%(upstream:short)%00%(objectname)%00%(upstream:track)%00%(upstream:remotename)%00%(upstream:remoteref) refs/heads/main refs/remotes/main [3ms]
2025-03-17 16:27:40.757 [info] > git status -z -uall [15ms]
2025-03-17 16:27:40.759 [info] > git for-each-ref --sort -committerdate --format %(refname) %(objectname) %(*objectname) [3ms]
2025-03-17 16:27:40.913 [info] > git log --format=%H%n%aN%n%aE%n%at%n%ct%n%P%n%D%n%B -z --shortstat --diff-merges=first-parent -n50 --skip=0 --topo-order --decorate=full --stdin [221ms]
2025-03-17 16:27:41.714 [info] > git ls-files --stage -- /home/dillan/OneDrive_dsuon/webpage/about.html [2ms]
2025-03-17 16:27:41.726 [info] > git cat-file -s 4a88d80e1f3b1c696ed365e8ffcc099921af0464 [2ms]
2025-03-17 16:27:41.741 [info] > git show --textconv :about.html [2ms]
2025-03-17 16:27:46.963 [info] > git push origin main:main [1241ms]
2025-03-17 16:27:46.963 [info] To https://github.com/DillanPie/Webpage.git
   639e9e6..3f73641  main -> main
2025-03-17 16:27:46.985 [info] > git config --get commit.template [11ms]
2025-03-17 16:27:46.987 [info] > git for-each-ref --format=%(refname)%00%(upstream:short)%00%(objectname)%00%(upstream:track)%00%(upstream:remotename)%00%(upstream:remoteref) refs/heads/main refs/remotes/main [3ms]
2025-03-17 16:27:47.009 [info] > git status -z -uall [12ms]
2025-03-17 16:27:47.011 [info] > git for-each-ref --sort -committerdate --format %(refname) %(objectname) %(*objectname) [2ms]
2025-03-17 16:27:47.030 [info] > git merge-base refs/heads/main refs/remotes/origin/main [2ms]
2025-03-17 16:27:47.058 [info] > git diff --name-status -z --diff-filter=ADMR 3f7364179b0970da494d13bb282c659ba3fed0bc...refs/remotes/origin/main [15ms]
2025-03-17 16:27:47.271 [info] > git log --format=%H%n%aN%n%aE%n%at%n%ct%n%P%n%D%n%B -z --shortstat --diff-merges=first-parent -n50 --skip=0 --topo-order --decorate=full --stdin [214ms]
2025-03-17 16:27:48.087 [info] > git config --get commit.template [15ms]
2025-03-17 16:27:48.088 [info] > git for-each-ref --format=%(refname)%00%(upstream:short)%00%(objectname)%00%(upstream:track)%00%(upstream:remotename)%00%(upstream:remoteref) refs/heads/main refs/remotes/main [2ms]
2025-03-17 16:27:48.115 [info] > git status -z -uall [14ms]
2025-03-17 16:27:48.117 [info] > git for-each-ref --sort -committerdate --format %(refname) %(objectname) %(*objectname) [3ms]
2025-03-17 16:27:48.176 [info] > git ls-files --stage -- /home/dillan/OneDrive_dsuon/webpage/about.html [3ms]
2025-03-17 16:27:48.190 [info] > git cat-file -s 4a88d80e1f3b1c696ed365e8ffcc099921af0464 [2ms]
2025-03-17 16:27:48.206 [info] > git show --textconv :about.html [2ms]
2025-03-17 16:29:32.270 [info] > git show --textconv :index.html [14ms]
2025-03-17 16:29:32.271 [info] > git ls-files --stage -- /home/dillan/OneDrive_dsuon/webpage/index.html [2ms]
2025-03-17 16:29:32.283 [info] > git cat-file -s 4041e1a2eced38998e710636943df74d56a53e2b [2ms]
2025-03-17 16:29:32.309 [info] > git blame --root --incremental 3f7364179b0970da494d13bb282c659ba3fed0bc -- /home/dillan/OneDrive_dsuon/webpage/index.html [5ms]
2025-03-17 16:29:41.906 [info] > git show --textconv :css/style.css [14ms]
2025-03-17 16:29:41.907 [info] > git ls-files --stage -- /home/dillan/OneDrive_dsuon/webpage/css/style.css [2ms]
2025-03-17 16:29:41.921 [info] > git cat-file -s 3e171f6a363d58bd5807ec9afaa373c7da5bb6f8 [3ms]
2025-03-17 16:29:41.948 [info] > git blame --root --incremental 3f7364179b0970da494d13bb282c659ba3fed0bc -- /home/dillan/OneDrive_dsuon/webpage/css/style.css [6ms]
2025-03-17 16:30:22.934 [info] > git config --get commit.template [13ms]
2025-03-17 16:30:22.935 [info] > git for-each-ref --format=%(refname)%00%(upstream:short)%00%(objectname)%00%(upstream:track)%00%(upstream:remotename)%00%(upstream:remoteref) refs/heads/main refs/remotes/main [2ms]
2025-03-17 16:30:22.961 [info] > git status -z -uall [14ms]
2025-03-17 16:30:22.962 [info] > git for-each-ref --sort -committerdate --format %(refname) %(objectname) %(*objectname) [2ms]
2025-03-17 16:30:24.475 [info] > git show --textconv :index.html [12ms]
2025-03-17 16:30:24.477 [info] > git ls-files --stage -- /home/dillan/OneDrive_dsuon/webpage/index.html [3ms]
2025-03-17 16:30:24.490 [info] > git cat-file -s 4041e1a2eced38998e710636943df74d56a53e2b [2ms]
2025-03-17 16:31:13.338 [info] > git config --get commit.template [12ms]
2025-03-17 16:31:13.340 [info] > git for-each-ref --format=%(refname)%00%(upstream:short)%00%(objectname)%00%(upstream:track)%00%(upstream:remotename)%00%(upstream:remoteref) refs/heads/main refs/remotes/main [2ms]
2025-03-17 16:31:13.364 [info] > git status -z -uall [12ms]
2025-03-17 16:31:13.366 [info] > git for-each-ref --sort -committerdate --format %(refname) %(objectname) %(*objectname) [3ms]
2025-03-17 16:31:58.649 [info] > git show --textconv :css/style.css [12ms]
2025-03-17 16:31:58.651 [info] > git ls-files --stage -- /home/dillan/OneDrive_dsuon/webpage/css/style.css [3ms]
2025-03-17 16:31:58.664 [info] > git cat-file -s 3e171f6a363d58bd5807ec9afaa373c7da5bb6f8 [3ms]
2025-03-17 16:33:06.917 [info] > git show --textconv :index.html [13ms]
2025-03-17 16:33:06.918 [info] > git ls-files --stage -- /home/dillan/OneDrive_dsuon/webpage/index.html [3ms]
2025-03-17 16:33:06.932 [info] > git cat-file -s 4041e1a2eced38998e710636943df74d56a53e2b [2ms]
2025-03-17 16:34:22.060 [info] > git config --get commit.template [12ms]
2025-03-17 16:34:22.062 [info] > git for-each-ref --format=%(refname)%00%(upstream:short)%00%(objectname)%00%(upstream:track)%00%(upstream:remotename)%00%(upstream:remoteref) refs/heads/main refs/remotes/main [3ms]
2025-03-17 16:34:22.085 [info] > git status -z -uall [12ms]
2025-03-17 16:34:22.088 [info] > git for-each-ref --sort -committerdate --format %(refname) %(objectname) %(*objectname) [3ms]
2025-03-17 16:34:28.070 [info] > git log --format=%H%n%aN%n%aE%n%at%n%ct%n%P%n%D%n%B -z --shortstat --diff-merges=first-parent -n50 --skip=0 --topo-order --decorate=full --stdin [217ms]
2025-03-17 16:34:29.712 [info] > git add -A -- /home/dillan/OneDrive_dsuon/webpage/index.html [3ms]
2025-03-17 16:34:29.734 [info] > git config --get commit.template [10ms]
2025-03-17 16:34:29.735 [info] > git for-each-ref --format=%(refname)%00%(upstream:short)%00%(objectname)%00%(upstream:track)%00%(upstream:remotename)%00%(upstream:remoteref) refs/heads/main refs/remotes/main [2ms]
2025-03-17 16:34:29.759 [info] > git status -z -uall [12ms]
2025-03-17 16:34:29.761 [info] > git for-each-ref --sort -committerdate --format %(refname) %(objectname) %(*objectname) [3ms]
2025-03-17 16:34:30.091 [info] > git show --textconv HEAD:index.html [13ms]
2025-03-17 16:34:30.093 [info] > git ls-tree -l HEAD -- /home/dillan/OneDrive_dsuon/webpage/index.html [3ms]
2025-03-17 16:34:30.812 [info] > git config --get commit.template [11ms]
2025-03-17 16:34:30.813 [info] > git for-each-ref --format=%(refname)%00%(upstream:short)%00%(objectname)%00%(upstream:track)%00%(upstream:remotename)%00%(upstream:remoteref) refs/heads/main refs/remotes/main [2ms]
2025-03-17 16:34:30.840 [info] > git status -z -uall [15ms]
2025-03-17 16:34:30.841 [info] > git for-each-ref --sort -committerdate --format %(refname) %(objectname) %(*objectname) [3ms]
2025-03-17 16:34:30.914 [info] > git ls-files --stage -- /home/dillan/OneDrive_dsuon/webpage/index.html [14ms]
2025-03-17 16:34:30.926 [info] > git ls-tree -l HEAD -- /home/dillan/OneDrive_dsuon/webpage/index.html [13ms]
2025-03-17 16:34:30.927 [info] > git cat-file -s 68292c312aee1d39f9f2873a8c8ce75399201528 [2ms]
2025-03-17 16:34:30.951 [info] > git show --textconv HEAD:index.html [13ms]
2025-03-17 16:34:30.952 [info] > git show --textconv :index.html [2ms]
2025-03-17 16:34:31.046 [info] > git add -A -- /home/dillan/OneDrive_dsuon/webpage/css/style.css [3ms]
2025-03-17 16:34:31.070 [info] > git config --get commit.template [11ms]
2025-03-17 16:34:31.072 [info] > git for-each-ref --format=%(refname)%00%(upstream:short)%00%(objectname)%00%(upstream:track)%00%(upstream:remotename)%00%(upstream:remoteref) refs/heads/main refs/remotes/main [2ms]
2025-03-17 16:34:31.096 [info] > git status -z -uall [14ms]
2025-03-17 16:34:31.098 [info] > git for-each-ref --sort -committerdate --format %(refname) %(objectname) %(*objectname) [3ms]
2025-03-17 16:34:32.246 [info] > git ls-files --stage -- /home/dillan/OneDrive_dsuon/webpage/index.html [11ms]
2025-03-17 16:34:32.257 [info] > git ls-tree -l HEAD -- /home/dillan/OneDrive_dsuon/webpage/index.html [11ms]
2025-03-17 16:34:32.270 [info] > git cat-file -s 68292c312aee1d39f9f2873a8c8ce75399201528 [13ms]
2025-03-17 16:34:32.282 [info] > git show --textconv HEAD:index.html [13ms]
2025-03-17 16:34:32.284 [info] > git show --textconv :index.html [2ms]
2025-03-17 16:34:35.868 [info] > git config --get commit.template [12ms]
2025-03-17 16:34:35.870 [info] > git for-each-ref --format=%(refname)%00%(upstream:short)%00%(objectname)%00%(upstream:track)%00%(upstream:remotename)%00%(upstream:remoteref) refs/heads/main refs/remotes/main [2ms]
2025-03-17 16:34:35.891 [info] > git status -z -uall [10ms]
2025-03-17 16:34:35.893 [info] > git for-each-ref --sort -committerdate --format %(refname) %(objectname) %(*objectname) [2ms]
2025-03-17 16:36:21.924 [info] > git -c user.useConfigOnly=true commit --quiet --allow-empty-message --file - [10ms]
2025-03-17 16:36:21.942 [info] > git config --get commit.template [2ms]
2025-03-17 16:36:21.959 [info] > git config --get commit.template [2ms]
2025-03-17 16:36:21.980 [info] > git for-each-ref --format=%(refname)%00%(upstream:short)%00%(objectname)%00%(upstream:track)%00%(upstream:remotename)%00%(upstream:remoteref) refs/heads/main refs/remotes/main [3ms]
2025-03-17 16:36:22.011 [info] > git status -z -uall [16ms]
2025-03-17 16:36:22.013 [info] > git for-each-ref --sort -committerdate --format %(refname) %(objectname) %(*objectname) [4ms]
2025-03-17 16:36:22.054 [info] > git merge-base refs/heads/main refs/remotes/origin/main [5ms]
2025-03-17 16:36:22.072 [info] > git blame --root --incremental 4ea364c745438c797e3612f3812168af5996ce12 -- /home/dillan/OneDrive_dsuon/webpage/index.html [42ms]
2025-03-17 16:36:22.075 [info] > git diff --name-status -z --diff-filter=ADMR 3f7364179b0970da494d13bb282c659ba3fed0bc...refs/remotes/origin/main [3ms]
2025-03-17 16:36:22.158 [info] > git config --get commit.template [16ms]
2025-03-17 16:36:22.160 [info] > git for-each-ref --format=%(refname)%00%(upstream:short)%00%(objectname)%00%(upstream:track)%00%(upstream:remotename)%00%(upstream:remoteref) refs/heads/main refs/remotes/main [4ms]
2025-03-17 16:36:22.188 [info] > git status -z -uall [15ms]
2025-03-17 16:36:22.190 [info] > git for-each-ref --sort -committerdate --format %(refname) %(objectname) %(*objectname) [3ms]
2025-03-17 16:36:22.351 [info] > git log --format=%H%n%aN%n%aE%n%at%n%ct%n%P%n%D%n%B -z --shortstat --diff-merges=first-parent -n50 --skip=0 --topo-order --decorate=full --stdin [229ms]
2025-03-17 16:36:23.131 [info] > git ls-files --stage -- /home/dillan/OneDrive_dsuon/webpage/index.html [2ms]
2025-03-17 16:36:23.145 [info] > git cat-file -s 68292c312aee1d39f9f2873a8c8ce75399201528 [2ms]
2025-03-17 16:36:23.161 [info] > git show --textconv :index.html [3ms]
