2025-03-10 11:09:47.836 [warning] Via 'product.json#extensionEnabledApiProposals' extension 'ms-vscode.vscode-selfhost-test-provider' wants API proposal 'attributableCoverage' but that proposal DOES NOT EXIST. Likely, the proposal has been finalized (check 'vscode.d.ts') or was abandoned.
2025-03-10 11:09:47.837 [warning] Via 'product.json#extensionEnabledApiProposals' extension 'ms-python.python' wants API proposal 'contribIssueReporter' but that proposal DOES NOT EXIST. Likely, the proposal has been finalized (check 'vscode.d.ts') or was abandoned.
2025-03-10 11:09:47.837 [warning] Via 'product.json#extensionEnabledApiProposals' extension 'ms-python.debugpy' wants API proposal 'contribIssueReporter' but that proposal DOES NOT EXIST. Likely, the proposal has been finalized (check 'vscode.d.ts') or was abandoned.
2025-03-10 11:09:47.838 [warning] Via 'product.json#extensionEnabledApiProposals' extension 'redhat.java' wants API proposal 'documentPaste' but that proposal DOES NOT EXIST. Likely, the proposal has been finalized (check 'vscode.d.ts') or was abandoned.
2025-03-10 11:09:48.536 [info] Started local extension host with pid 244343.
2025-03-10 11:09:51.407 [info] [perf] Render performance baseline is 44ms
2025-03-10 11:09:54.503 [error] selectionRange must be contained in fullRange: Error: selectionRange must be contained in fullRange
	at Zd.validate (file:///opt/vscodium-bin/resources/app/out/vs/workbench/api/node/extensionHostProcess.js:106:35889)
	at new Zd (file:///opt/vscodium-bin/resources/app/out/vs/workbench/api/node/extensionHostProcess.js:106:36097)
	at G (/home/dillan/.vscode-oss/extensions/redhat.java-1.39.0-linux-x64/dist/extension.js:2:1241091)
	at c (/home/dillan/.vscode-oss/extensions/redhat.java-1.39.0-linux-x64/dist/extension.js:2:1279607)
	at t.map (/home/dillan/.vscode-oss/extensions/redhat.java-1.39.0-linux-x64/dist/extension.js:2:1279693)
	at Object.asDocumentSymbols (/home/dillan/.vscode-oss/extensions/redhat.java-1.39.0-linux-x64/dist/extension.js:2:1249147)
	at /home/dillan/.vscode-oss/extensions/redhat.java-1.39.0-linux-x64/dist/extension.js:2:943219
	at Generator.next (<anonymous>)
	at s (/home/dillan/.vscode-oss/extensions/redhat.java-1.39.0-linux-x64/dist/extension.js:2:942275)
	at runNextTicks (node:internal/process/task_queues:60:5)
	at process.processImmediate (node:internal/timers:454:9)
2025-03-10 11:09:54.504 [error] selectionRange must be contained in fullRange: Error: selectionRange must be contained in fullRange
	at Zd.validate (file:///opt/vscodium-bin/resources/app/out/vs/workbench/api/node/extensionHostProcess.js:106:35889)
	at new Zd (file:///opt/vscodium-bin/resources/app/out/vs/workbench/api/node/extensionHostProcess.js:106:36097)
	at G (/home/dillan/.vscode-oss/extensions/redhat.java-1.39.0-linux-x64/dist/extension.js:2:1241091)
	at c (/home/dillan/.vscode-oss/extensions/redhat.java-1.39.0-linux-x64/dist/extension.js:2:1279607)
	at t.map (/home/dillan/.vscode-oss/extensions/redhat.java-1.39.0-linux-x64/dist/extension.js:2:1279693)
	at Object.asDocumentSymbols (/home/dillan/.vscode-oss/extensions/redhat.java-1.39.0-linux-x64/dist/extension.js:2:1249147)
	at /home/dillan/.vscode-oss/extensions/redhat.java-1.39.0-linux-x64/dist/extension.js:2:943219
	at Generator.next (<anonymous>)
	at s (/home/dillan/.vscode-oss/extensions/redhat.java-1.39.0-linux-x64/dist/extension.js:2:942275)
