2025-03-17 13:34:21.910 [info] Reading sessions from keychain...
2025-03-17 13:34:21.910 [info] Getting sessions for all scopes...
2025-03-17 13:34:21.910 [info] Getting sessions for all scopes...
2025-03-17 13:34:21.910 [info] Getting sessions for read:user,repo,user:email,workflow...
2025-03-17 13:34:21.922 [info] Got stored sessions!
2025-03-17 13:34:21.922 [info] Got 1 verified sessions.
2025-03-17 13:34:21.922 [info] Got 1 sessions for ...
2025-03-17 13:34:21.922 [info] Got 1 sessions for ...
2025-03-17 13:34:21.922 [info] Got 1 sessions for read:user,repo,user:email,workflow...
2025-03-17 13:34:22.396 [info] Getting sessions for read:user,repo,user:email,workflow...
2025-03-17 13:34:22.396 [info] Got 1 sessions for read:user,repo,user:email,workflow...
2025-03-17 16:13:00.219 [info] Getting sessions for read:user,repo,user:email,workflow...
2025-03-17 16:13:00.219 [info] Got 1 sessions for read:user,repo,user:email,workflow...
2025-03-17 16:13:00.503 [info] Getting sessions for read:user,repo,user:email,workflow...
2025-03-17 16:13:00.503 [info] Got 1 sessions for read:user,repo,user:email,workflow...
2025-03-17 16:27:40.916 [info] Getting sessions for read:user,repo,user:email,workflow...
2025-03-17 16:27:40.916 [info] Got 1 sessions for read:user,repo,user:email,workflow...
2025-03-17 16:27:46.027 [info] Getting sessions for read:user,repo,user:email,workflow...
2025-03-17 16:27:46.027 [info] Got 1 sessions for read:user,repo,user:email,workflow...
2025-03-17 16:27:47.273 [info] Getting sessions for read:user,repo,user:email,workflow...
2025-03-17 16:27:47.273 [info] Got 1 sessions for read:user,repo,user:email,workflow...
